Added Parameter Supplier=Digi-Key to Part C37
Added Parameter Supplier=Digi-Key to Part C38
Added Parameter Supplier=Digi-Key to Part C39
Added Parameter Supplier=Digi-Key to Part C40
Added Parameter Supplier=Digi-Key to Part C41
Added Parameter Supplier=Digi-Key to Part C42
Added Parameter Supplier=Digi-Key to Part C43
Added Parameter Supplier=Digi-Key to Part D3
Added Parameter Supplier=Digi-Key to Part D4
Added Parameter Supplier=Digi-Key to Part D5
Added Parameter Supplier=Digi-Key to Part D6
Added Parameter Supplier=Digi-Key to Part D7
Added Parameter Supplier=Digi-Key to Part D8
Added Parameter Supplier=Digi-Key to Part D9
Added Parameter Supplier=Digi-Key to Part D10
Added Parameter Supplier=Digi-Key to Part P1
Added Parameter Supplier=Digi-Key to Part P2
Added Parameter Supplier=Digi-Key to Part R20
Added Parameter Supplier=Digi-Key to Part R21
Added Parameter Supplier=Digi-Key to Part R22
Added Parameter Supplier=Digi-Key to Part R23
Added Parameter Supplier=Digi-Key to Part R24
Added Parameter Supplier=Digi-Key to Part R?
Added Parameter Supplier=Digi-Key to Part R?
Added Parameter Supplier=Digi-Key to Part S1
Added Parameter Supplier=Digi-Key to Part U10
Added Parameter Supplier=Digi-Key to Part U11
Added Parameter Supplier Part Number=Y4331CT-ND  to Part R?
Added Parameter Supplier Part Number=Y4331CT-ND  to Part R?
