Removed Pin From Net: NetName=GND Pin=C18_AC11-1
Removed Pin From Net: NetName=3V Pin=C18_AC11-2
Removed Pin From Net: NetName=GND Pin=C18_AC12-1
Removed Pin From Net: NetName=3V Pin=C18_AC12-2
Removed Pin From Net: NetName=GND Pin=C18_AC13-1
Removed Pin From Net: NetName=3V Pin=C18_AC13-2
Removed Pin From Net: NetName=GND Pin=C18_AC14-1
Removed Pin From Net: NetName=3V Pin=C18_AC14-2
Removed Pin From Net: NetName=GND Pin=C18_AC15-1
Removed Pin From Net: NetName=3V Pin=C18_AC15-2
Removed Pin From Net: NetName=GND Pin=C18_AC21-1
Removed Pin From Net: NetName=3V Pin=C18_AC21-2
Removed Pin From Net: NetName=GND Pin=C18_AC22-1
Removed Pin From Net: NetName=3V Pin=C18_AC22-2
Removed Pin From Net: NetName=GND Pin=C18_AC23-1
Removed Pin From Net: NetName=3V Pin=C18_AC23-2
Removed Pin From Net: NetName=GND Pin=C18_AC24-1
Removed Pin From Net: NetName=3V Pin=C18_AC24-2
Removed Pin From Net: NetName=GND Pin=C18_AC25-1
Removed Pin From Net: NetName=3V Pin=C18_AC25-2
Removed Pin From Net: NetName=GND Pin=C18_AC31-1
Removed Pin From Net: NetName=3V Pin=C18_AC31-2
Removed Pin From Net: NetName=GND Pin=C18_AC32-1
Removed Pin From Net: NetName=3V Pin=C18_AC32-2
Removed Pin From Net: NetName=GND Pin=C18_AC33-1
Removed Pin From Net: NetName=3V Pin=C18_AC33-2
Removed Pin From Net: NetName=GND Pin=C18_AC34-1
Removed Pin From Net: NetName=3V Pin=C18_AC34-2
Removed Pin From Net: NetName=GND Pin=C18_AC35-1
Removed Pin From Net: NetName=3V Pin=C18_AC35-2
Removed Pin From Net: NetName=GND Pin=C18_AC41-1
Removed Pin From Net: NetName=3V Pin=C18_AC41-2
Removed Pin From Net: NetName=GND Pin=C18_AC42-1
Removed Pin From Net: NetName=3V Pin=C18_AC42-2
Removed Pin From Net: NetName=GND Pin=C18_AC43-1
Removed Pin From Net: NetName=3V Pin=C18_AC43-2
Removed Pin From Net: NetName=GND Pin=C18_AC44-1
Removed Pin From Net: NetName=3V Pin=C18_AC44-2
Removed Pin From Net: NetName=GND Pin=C18_AC45-1
Removed Pin From Net: NetName=3V Pin=C18_AC45-2
Removed Pin From Net: NetName=GND Pin=C18_AC51-1
Removed Pin From Net: NetName=3V Pin=C18_AC51-2
Removed Pin From Net: NetName=GND Pin=C18_AC52-1
Removed Pin From Net: NetName=3V Pin=C18_AC52-2
Removed Pin From Net: NetName=GND Pin=C18_AC53-1
Removed Pin From Net: NetName=3V Pin=C18_AC53-2
Removed Pin From Net: NetName=GND Pin=C18_AC54-1
Removed Pin From Net: NetName=3V Pin=C18_AC54-2
Removed Pin From Net: NetName=GND Pin=C18_AC55-1
Removed Pin From Net: NetName=3V Pin=C18_AC55-2
Removed Pin From Net: NetName=GND Pin=C18_AC61-1
Removed Pin From Net: NetName=3V Pin=C18_AC61-2
Removed Pin From Net: NetName=GND Pin=C18_AC62-1
Removed Pin From Net: NetName=3V Pin=C18_AC62-2
Removed Pin From Net: NetName=GND Pin=C18_AC63-1
Removed Pin From Net: NetName=3V Pin=C18_AC63-2
Removed Pin From Net: NetName=GND Pin=C18_AC64-1
Removed Pin From Net: NetName=3V Pin=C18_AC64-2
Removed Pin From Net: NetName=GND Pin=C18_AC65-1
Removed Pin From Net: NetName=3V Pin=C18_AC65-2
Removed Pin From Net: NetName=GND Pin=C18_AC71-1
Removed Pin From Net: NetName=3V Pin=C18_AC71-2
Removed Pin From Net: NetName=GND Pin=C18_AC72-1
Removed Pin From Net: NetName=3V Pin=C18_AC72-2
Removed Pin From Net: NetName=GND Pin=C18_AC73-1
Removed Pin From Net: NetName=3V Pin=C18_AC73-2
Removed Pin From Net: NetName=GND Pin=C18_AC74-1
Removed Pin From Net: NetName=3V Pin=C18_AC74-2
Removed Pin From Net: NetName=GND Pin=C18_AC75-1
Removed Pin From Net: NetName=3V Pin=C18_AC75-2
Removed Pin From Net: NetName=GND Pin=C18_AC81-1
Removed Pin From Net: NetName=3V Pin=C18_AC81-2
Removed Pin From Net: NetName=GND Pin=C18_AC82-1
Removed Pin From Net: NetName=3V Pin=C18_AC82-2
Removed Pin From Net: NetName=GND Pin=C18_AC83-1
Removed Pin From Net: NetName=3V Pin=C18_AC83-2
Removed Pin From Net: NetName=GND Pin=C18_AC84-1
Removed Pin From Net: NetName=3V Pin=C18_AC84-2
Removed Pin From Net: NetName=GND Pin=C18_AC85-1
Removed Pin From Net: NetName=3V Pin=C18_AC85-2
Removed Pin From Net: NetName=GND Pin=C19_AC11-1
Removed Pin From Net: NetName=3V Pin=C19_AC11-2
Removed Pin From Net: NetName=GND Pin=C19_AC12-1
Removed Pin From Net: NetName=3V Pin=C19_AC12-2
Removed Pin From Net: NetName=GND Pin=C19_AC13-1
Removed Pin From Net: NetName=3V Pin=C19_AC13-2
Removed Pin From Net: NetName=GND Pin=C19_AC14-1
Removed Pin From Net: NetName=3V Pin=C19_AC14-2
Removed Pin From Net: NetName=GND Pin=C19_AC15-1
Removed Pin From Net: NetName=3V Pin=C19_AC15-2
Removed Pin From Net: NetName=GND Pin=C19_AC21-1
Removed Pin From Net: NetName=3V Pin=C19_AC21-2
Removed Pin From Net: NetName=GND Pin=C19_AC22-1
Removed Pin From Net: NetName=3V Pin=C19_AC22-2
Removed Pin From Net: NetName=GND Pin=C19_AC23-1
Removed Pin From Net: NetName=3V Pin=C19_AC23-2
Removed Pin From Net: NetName=GND Pin=C19_AC24-1
Removed Pin From Net: NetName=3V Pin=C19_AC24-2
Removed Pin From Net: NetName=GND Pin=C19_AC25-1
Removed Pin From Net: NetName=3V Pin=C19_AC25-2
Removed Pin From Net: NetName=GND Pin=C19_AC31-1
Removed Pin From Net: NetName=3V Pin=C19_AC31-2
Removed Pin From Net: NetName=GND Pin=C19_AC32-1
Removed Pin From Net: NetName=3V Pin=C19_AC32-2
Removed Pin From Net: NetName=GND Pin=C19_AC33-1
Removed Pin From Net: NetName=3V Pin=C19_AC33-2
Removed Pin From Net: NetName=GND Pin=C19_AC34-1
Removed Pin From Net: NetName=3V Pin=C19_AC34-2
Removed Pin From Net: NetName=GND Pin=C19_AC35-1
Removed Pin From Net: NetName=3V Pin=C19_AC35-2
Removed Pin From Net: NetName=GND Pin=C19_AC41-1
Removed Pin From Net: NetName=3V Pin=C19_AC41-2
Removed Pin From Net: NetName=GND Pin=C19_AC42-1
Removed Pin From Net: NetName=3V Pin=C19_AC42-2
Removed Pin From Net: NetName=GND Pin=C19_AC43-1
Removed Pin From Net: NetName=3V Pin=C19_AC43-2
Removed Pin From Net: NetName=GND Pin=C19_AC44-1
Removed Pin From Net: NetName=3V Pin=C19_AC44-2
Removed Pin From Net: NetName=GND Pin=C19_AC45-1
Removed Pin From Net: NetName=3V Pin=C19_AC45-2
Removed Pin From Net: NetName=GND Pin=C19_AC51-1
Removed Pin From Net: NetName=3V Pin=C19_AC51-2
Removed Pin From Net: NetName=GND Pin=C19_AC52-1
Removed Pin From Net: NetName=3V Pin=C19_AC52-2
Removed Pin From Net: NetName=GND Pin=C19_AC53-1
Removed Pin From Net: NetName=3V Pin=C19_AC53-2
Removed Pin From Net: NetName=GND Pin=C19_AC54-1
Removed Pin From Net: NetName=3V Pin=C19_AC54-2
Removed Pin From Net: NetName=GND Pin=C19_AC55-1
Removed Pin From Net: NetName=3V Pin=C19_AC55-2
Removed Pin From Net: NetName=GND Pin=C19_AC61-1
Removed Pin From Net: NetName=3V Pin=C19_AC61-2
Removed Pin From Net: NetName=GND Pin=C19_AC62-1
Removed Pin From Net: NetName=3V Pin=C19_AC62-2
Removed Pin From Net: NetName=GND Pin=C19_AC63-1
Removed Pin From Net: NetName=3V Pin=C19_AC63-2
Removed Pin From Net: NetName=GND Pin=C19_AC64-1
Removed Pin From Net: NetName=3V Pin=C19_AC64-2
Removed Pin From Net: NetName=GND Pin=C19_AC65-1
Removed Pin From Net: NetName=3V Pin=C19_AC65-2
Removed Pin From Net: NetName=GND Pin=C19_AC71-1
Removed Pin From Net: NetName=3V Pin=C19_AC71-2
Removed Pin From Net: NetName=GND Pin=C19_AC72-1
Removed Pin From Net: NetName=3V Pin=C19_AC72-2
Removed Pin From Net: NetName=GND Pin=C19_AC73-1
Removed Pin From Net: NetName=3V Pin=C19_AC73-2
Removed Pin From Net: NetName=GND Pin=C19_AC74-1
Removed Pin From Net: NetName=3V Pin=C19_AC74-2
Removed Pin From Net: NetName=GND Pin=C19_AC75-1
Removed Pin From Net: NetName=3V Pin=C19_AC75-2
Removed Pin From Net: NetName=GND Pin=C19_AC81-1
Removed Pin From Net: NetName=3V Pin=C19_AC81-2
Removed Pin From Net: NetName=GND Pin=C19_AC82-1
Removed Pin From Net: NetName=3V Pin=C19_AC82-2
Removed Pin From Net: NetName=GND Pin=C19_AC83-1
Removed Pin From Net: NetName=3V Pin=C19_AC83-2
Removed Pin From Net: NetName=GND Pin=C19_AC84-1
Removed Pin From Net: NetName=3V Pin=C19_AC84-2
Removed Pin From Net: NetName=GND Pin=C19_AC85-1
Removed Pin From Net: NetName=3V Pin=C19_AC85-2
Removed Pin From Net: NetName=GND Pin=R11_AC11-1
Removed Pin From Net: NetName=GND Pin=R11_AC12-1
Removed Pin From Net: NetName=GND Pin=R11_AC13-1
Removed Pin From Net: NetName=GND Pin=R11_AC14-1
Removed Pin From Net: NetName=GND Pin=R11_AC15-1
Removed Pin From Net: NetName=GND Pin=R11_AC21-1
Removed Pin From Net: NetName=GND Pin=R11_AC22-1
Removed Pin From Net: NetName=GND Pin=R11_AC23-1
Removed Pin From Net: NetName=GND Pin=R11_AC24-1
Removed Pin From Net: NetName=GND Pin=R11_AC25-1
Removed Pin From Net: NetName=GND Pin=R11_AC31-1
Removed Pin From Net: NetName=GND Pin=R11_AC32-1
Removed Pin From Net: NetName=GND Pin=R11_AC33-1
Removed Pin From Net: NetName=GND Pin=R11_AC34-1
Removed Pin From Net: NetName=GND Pin=R11_AC35-1
Removed Pin From Net: NetName=GND Pin=R11_AC41-1
Removed Pin From Net: NetName=GND Pin=R11_AC42-1
Removed Pin From Net: NetName=GND Pin=R11_AC43-1
Removed Pin From Net: NetName=GND Pin=R11_AC44-1
Removed Pin From Net: NetName=GND Pin=R11_AC45-1
Removed Pin From Net: NetName=GND Pin=R11_AC51-1
Removed Pin From Net: NetName=GND Pin=R11_AC52-1
Removed Pin From Net: NetName=GND Pin=R11_AC53-1
Removed Pin From Net: NetName=GND Pin=R11_AC54-1
Removed Pin From Net: NetName=GND Pin=R11_AC55-1
Removed Pin From Net: NetName=GND Pin=R11_AC61-1
Removed Pin From Net: NetName=GND Pin=R11_AC62-1
Removed Pin From Net: NetName=GND Pin=R11_AC63-1
Removed Pin From Net: NetName=GND Pin=R11_AC64-1
Removed Pin From Net: NetName=GND Pin=R11_AC65-1
Removed Pin From Net: NetName=GND Pin=R11_AC71-1
Removed Pin From Net: NetName=GND Pin=R11_AC72-1
Removed Pin From Net: NetName=GND Pin=R11_AC73-1
Removed Pin From Net: NetName=GND Pin=R11_AC74-1
Removed Pin From Net: NetName=GND Pin=R11_AC75-1
Removed Pin From Net: NetName=GND Pin=R11_AC81-1
Removed Pin From Net: NetName=GND Pin=R11_AC82-1
Removed Pin From Net: NetName=GND Pin=R11_AC83-1
Removed Pin From Net: NetName=GND Pin=R11_AC84-1
Removed Pin From Net: NetName=GND Pin=R11_AC85-1
Removed Pin From Net: NetName=GND Pin=U3_AC11-2
Removed Pin From Net: NetName=NetC17_AC11_2 Pin=U3_AC11-3
Removed Pin From Net: NetName=3V Pin=U3_AC11-5
Removed Pin From Net: NetName=GND Pin=U3_AC12-2
Removed Pin From Net: NetName=NetC17_AC12_2 Pin=U3_AC12-3
Removed Pin From Net: NetName=3V Pin=U3_AC12-5
Removed Pin From Net: NetName=GND Pin=U3_AC13-2
Removed Pin From Net: NetName=NetC17_AC13_2 Pin=U3_AC13-3
Removed Pin From Net: NetName=3V Pin=U3_AC13-5
Removed Pin From Net: NetName=GND Pin=U3_AC14-2
Removed Pin From Net: NetName=NetC17_AC14_2 Pin=U3_AC14-3
Removed Pin From Net: NetName=3V Pin=U3_AC14-5
Removed Pin From Net: NetName=GND Pin=U3_AC15-2
Removed Pin From Net: NetName=NetC17_AC15_2 Pin=U3_AC15-3
Removed Pin From Net: NetName=3V Pin=U3_AC15-5
Removed Pin From Net: NetName=GND Pin=U3_AC21-2
Removed Pin From Net: NetName=NetC17_AC21_2 Pin=U3_AC21-3
Removed Pin From Net: NetName=3V Pin=U3_AC21-5
Removed Pin From Net: NetName=GND Pin=U3_AC22-2
Removed Pin From Net: NetName=NetC17_AC22_2 Pin=U3_AC22-3
Removed Pin From Net: NetName=3V Pin=U3_AC22-5
Removed Pin From Net: NetName=GND Pin=U3_AC23-2
Removed Pin From Net: NetName=NetC17_AC23_2 Pin=U3_AC23-3
Removed Pin From Net: NetName=3V Pin=U3_AC23-5
Removed Pin From Net: NetName=GND Pin=U3_AC24-2
Removed Pin From Net: NetName=NetC17_AC24_2 Pin=U3_AC24-3
Removed Pin From Net: NetName=3V Pin=U3_AC24-5
Removed Pin From Net: NetName=GND Pin=U3_AC25-2
Removed Pin From Net: NetName=NetC17_AC25_2 Pin=U3_AC25-3
Removed Pin From Net: NetName=3V Pin=U3_AC25-5
Removed Pin From Net: NetName=GND Pin=U3_AC31-2
Removed Pin From Net: NetName=NetC17_AC31_2 Pin=U3_AC31-3
Removed Pin From Net: NetName=3V Pin=U3_AC31-5
Removed Pin From Net: NetName=GND Pin=U3_AC32-2
Removed Pin From Net: NetName=NetC17_AC32_2 Pin=U3_AC32-3
Removed Pin From Net: NetName=3V Pin=U3_AC32-5
Removed Pin From Net: NetName=GND Pin=U3_AC33-2
Removed Pin From Net: NetName=NetC17_AC33_2 Pin=U3_AC33-3
Removed Pin From Net: NetName=3V Pin=U3_AC33-5
Removed Pin From Net: NetName=GND Pin=U3_AC34-2
Removed Pin From Net: NetName=NetC17_AC34_2 Pin=U3_AC34-3
Removed Pin From Net: NetName=3V Pin=U3_AC34-5
Removed Pin From Net: NetName=GND Pin=U3_AC35-2
Removed Pin From Net: NetName=NetC17_AC35_2 Pin=U3_AC35-3
Removed Pin From Net: NetName=3V Pin=U3_AC35-5
Removed Pin From Net: NetName=GND Pin=U3_AC41-2
Removed Pin From Net: NetName=NetC17_AC41_2 Pin=U3_AC41-3
Removed Pin From Net: NetName=3V Pin=U3_AC41-5
Removed Pin From Net: NetName=GND Pin=U3_AC42-2
Removed Pin From Net: NetName=NetC17_AC42_2 Pin=U3_AC42-3
Removed Pin From Net: NetName=3V Pin=U3_AC42-5
Removed Pin From Net: NetName=GND Pin=U3_AC43-2
Removed Pin From Net: NetName=NetC17_AC43_2 Pin=U3_AC43-3
Removed Pin From Net: NetName=3V Pin=U3_AC43-5
Removed Pin From Net: NetName=GND Pin=U3_AC44-2
Removed Pin From Net: NetName=NetC17_AC44_2 Pin=U3_AC44-3
Removed Pin From Net: NetName=3V Pin=U3_AC44-5
Removed Pin From Net: NetName=GND Pin=U3_AC45-2
Removed Pin From Net: NetName=NetC17_AC45_2 Pin=U3_AC45-3
Removed Pin From Net: NetName=3V Pin=U3_AC45-5
Removed Pin From Net: NetName=GND Pin=U3_AC51-2
Removed Pin From Net: NetName=NetC17_AC51_2 Pin=U3_AC51-3
Removed Pin From Net: NetName=3V Pin=U3_AC51-5
Removed Pin From Net: NetName=GND Pin=U3_AC52-2
Removed Pin From Net: NetName=NetC17_AC52_2 Pin=U3_AC52-3
Removed Pin From Net: NetName=3V Pin=U3_AC52-5
Removed Pin From Net: NetName=GND Pin=U3_AC53-2
Removed Pin From Net: NetName=NetC17_AC53_2 Pin=U3_AC53-3
Removed Pin From Net: NetName=3V Pin=U3_AC53-5
Removed Pin From Net: NetName=GND Pin=U3_AC54-2
Removed Pin From Net: NetName=NetC17_AC54_2 Pin=U3_AC54-3
Removed Pin From Net: NetName=3V Pin=U3_AC54-5
Removed Pin From Net: NetName=GND Pin=U3_AC55-2
Removed Pin From Net: NetName=NetC17_AC55_2 Pin=U3_AC55-3
Removed Pin From Net: NetName=3V Pin=U3_AC55-5
Removed Pin From Net: NetName=GND Pin=U3_AC61-2
Removed Pin From Net: NetName=NetC17_AC61_2 Pin=U3_AC61-3
Removed Pin From Net: NetName=3V Pin=U3_AC61-5
Removed Pin From Net: NetName=GND Pin=U3_AC62-2
Removed Pin From Net: NetName=NetC17_AC62_2 Pin=U3_AC62-3
Removed Pin From Net: NetName=3V Pin=U3_AC62-5
Removed Pin From Net: NetName=GND Pin=U3_AC63-2
Removed Pin From Net: NetName=NetC17_AC63_2 Pin=U3_AC63-3
Removed Pin From Net: NetName=3V Pin=U3_AC63-5
Removed Pin From Net: NetName=GND Pin=U3_AC64-2
Removed Pin From Net: NetName=NetC17_AC64_2 Pin=U3_AC64-3
Removed Pin From Net: NetName=3V Pin=U3_AC64-5
Removed Pin From Net: NetName=GND Pin=U3_AC65-2
Removed Pin From Net: NetName=NetC17_AC65_2 Pin=U3_AC65-3
Removed Pin From Net: NetName=3V Pin=U3_AC65-5
Removed Pin From Net: NetName=GND Pin=U3_AC71-2
Removed Pin From Net: NetName=NetC17_AC71_2 Pin=U3_AC71-3
Removed Pin From Net: NetName=3V Pin=U3_AC71-5
Removed Pin From Net: NetName=GND Pin=U3_AC72-2
Removed Pin From Net: NetName=NetC17_AC72_2 Pin=U3_AC72-3
Removed Pin From Net: NetName=3V Pin=U3_AC72-5
Removed Pin From Net: NetName=GND Pin=U3_AC73-2
Removed Pin From Net: NetName=NetC17_AC73_2 Pin=U3_AC73-3
Removed Pin From Net: NetName=3V Pin=U3_AC73-5
Removed Pin From Net: NetName=GND Pin=U3_AC74-2
Removed Pin From Net: NetName=NetC17_AC74_2 Pin=U3_AC74-3
Removed Pin From Net: NetName=3V Pin=U3_AC74-5
Removed Pin From Net: NetName=GND Pin=U3_AC75-2
Removed Pin From Net: NetName=NetC17_AC75_2 Pin=U3_AC75-3
Removed Pin From Net: NetName=3V Pin=U3_AC75-5
Removed Pin From Net: NetName=GND Pin=U3_AC81-2
Removed Pin From Net: NetName=NetC17_AC81_2 Pin=U3_AC81-3
Removed Pin From Net: NetName=3V Pin=U3_AC81-5
Removed Pin From Net: NetName=GND Pin=U3_AC82-2
Removed Pin From Net: NetName=NetC17_AC82_2 Pin=U3_AC82-3
Removed Pin From Net: NetName=3V Pin=U3_AC82-5
Removed Pin From Net: NetName=GND Pin=U3_AC83-2
Removed Pin From Net: NetName=NetC17_AC83_2 Pin=U3_AC83-3
Removed Pin From Net: NetName=3V Pin=U3_AC83-5
Removed Pin From Net: NetName=GND Pin=U3_AC84-2
Removed Pin From Net: NetName=NetC17_AC84_2 Pin=U3_AC84-3
Removed Pin From Net: NetName=3V Pin=U3_AC84-5
Removed Pin From Net: NetName=GND Pin=U3_AC85-2
Removed Pin From Net: NetName=NetC17_AC85_2 Pin=U3_AC85-3
Removed Pin From Net: NetName=3V Pin=U3_AC85-5
Removed Member From Class: ClassName=AC11 Member=C18_AC11
Removed Member From Class: ClassName=AC12 Member=C18_AC12
Removed Member From Class: ClassName=AC13 Member=C18_AC13
Removed Member From Class: ClassName=AC14 Member=C18_AC14
Removed Member From Class: ClassName=AC15 Member=C18_AC15
Removed Member From Class: ClassName=AC21 Member=C18_AC21
Removed Member From Class: ClassName=AC22 Member=C18_AC22
Removed Member From Class: ClassName=AC23 Member=C18_AC23
Removed Member From Class: ClassName=AC24 Member=C18_AC24
Removed Member From Class: ClassName=AC25 Member=C18_AC25
Removed Member From Class: ClassName=AC31 Member=C18_AC31
Removed Member From Class: ClassName=AC32 Member=C18_AC32
Removed Member From Class: ClassName=AC33 Member=C18_AC33
Removed Member From Class: ClassName=AC34 Member=C18_AC34
Removed Member From Class: ClassName=AC35 Member=C18_AC35
Removed Member From Class: ClassName=AC41 Member=C18_AC41
Removed Member From Class: ClassName=AC42 Member=C18_AC42
Removed Member From Class: ClassName=AC43 Member=C18_AC43
Removed Member From Class: ClassName=AC44 Member=C18_AC44
Removed Member From Class: ClassName=AC45 Member=C18_AC45
Removed Member From Class: ClassName=AC51 Member=C18_AC51
Removed Member From Class: ClassName=AC52 Member=C18_AC52
Removed Member From Class: ClassName=AC53 Member=C18_AC53
Removed Member From Class: ClassName=AC54 Member=C18_AC54
Removed Member From Class: ClassName=AC55 Member=C18_AC55
Removed Member From Class: ClassName=AC61 Member=C18_AC61
Removed Member From Class: ClassName=AC62 Member=C18_AC62
Removed Member From Class: ClassName=AC63 Member=C18_AC63
Removed Member From Class: ClassName=AC64 Member=C18_AC64
Removed Member From Class: ClassName=AC65 Member=C18_AC65
Removed Member From Class: ClassName=AC71 Member=C18_AC71
Removed Member From Class: ClassName=AC72 Member=C18_AC72
Removed Member From Class: ClassName=AC73 Member=C18_AC73
Removed Member From Class: ClassName=AC74 Member=C18_AC74
Removed Member From Class: ClassName=AC75 Member=C18_AC75
Removed Member From Class: ClassName=AC81 Member=C18_AC81
Removed Member From Class: ClassName=AC82 Member=C18_AC82
Removed Member From Class: ClassName=AC83 Member=C18_AC83
Removed Member From Class: ClassName=AC84 Member=C18_AC84
Removed Member From Class: ClassName=AC85 Member=C18_AC85
Removed Member From Class: ClassName=AC11 Member=C19_AC11
Removed Member From Class: ClassName=AC12 Member=C19_AC12
Removed Member From Class: ClassName=AC13 Member=C19_AC13
Removed Member From Class: ClassName=AC14 Member=C19_AC14
Removed Member From Class: ClassName=AC15 Member=C19_AC15
Removed Member From Class: ClassName=AC21 Member=C19_AC21
Removed Member From Class: ClassName=AC22 Member=C19_AC22
Removed Member From Class: ClassName=AC23 Member=C19_AC23
Removed Member From Class: ClassName=AC24 Member=C19_AC24
Removed Member From Class: ClassName=AC25 Member=C19_AC25
Removed Member From Class: ClassName=AC31 Member=C19_AC31
Removed Member From Class: ClassName=AC32 Member=C19_AC32
Removed Member From Class: ClassName=AC33 Member=C19_AC33
Removed Member From Class: ClassName=AC34 Member=C19_AC34
Removed Member From Class: ClassName=AC35 Member=C19_AC35
Removed Member From Class: ClassName=AC41 Member=C19_AC41
Removed Member From Class: ClassName=AC42 Member=C19_AC42
Removed Member From Class: ClassName=AC43 Member=C19_AC43
Removed Member From Class: ClassName=AC44 Member=C19_AC44
Removed Member From Class: ClassName=AC45 Member=C19_AC45
Removed Member From Class: ClassName=AC51 Member=C19_AC51
Removed Member From Class: ClassName=AC52 Member=C19_AC52
Removed Member From Class: ClassName=AC53 Member=C19_AC53
Removed Member From Class: ClassName=AC54 Member=C19_AC54
Removed Member From Class: ClassName=AC55 Member=C19_AC55
Removed Member From Class: ClassName=AC61 Member=C19_AC61
Removed Member From Class: ClassName=AC62 Member=C19_AC62
Removed Member From Class: ClassName=AC63 Member=C19_AC63
Removed Member From Class: ClassName=AC64 Member=C19_AC64
Removed Member From Class: ClassName=AC65 Member=C19_AC65
Removed Member From Class: ClassName=AC71 Member=C19_AC71
Removed Member From Class: ClassName=AC72 Member=C19_AC72
Removed Member From Class: ClassName=AC73 Member=C19_AC73
Removed Member From Class: ClassName=AC74 Member=C19_AC74
Removed Member From Class: ClassName=AC75 Member=C19_AC75
Removed Member From Class: ClassName=AC81 Member=C19_AC81
Removed Member From Class: ClassName=AC82 Member=C19_AC82
Removed Member From Class: ClassName=AC83 Member=C19_AC83
Removed Member From Class: ClassName=AC84 Member=C19_AC84
Removed Member From Class: ClassName=AC85 Member=C19_AC85
Removed Member From Class: ClassName=AC11 Member=R9_AC11
Removed Member From Class: ClassName=AC12 Member=R9_AC12
Removed Member From Class: ClassName=AC13 Member=R9_AC13
Removed Member From Class: ClassName=AC14 Member=R9_AC14
Removed Member From Class: ClassName=AC15 Member=R9_AC15
Removed Member From Class: ClassName=AC21 Member=R9_AC21
Removed Member From Class: ClassName=AC22 Member=R9_AC22
Removed Member From Class: ClassName=AC23 Member=R9_AC23
Removed Member From Class: ClassName=AC24 Member=R9_AC24
Removed Member From Class: ClassName=AC25 Member=R9_AC25
Removed Member From Class: ClassName=AC31 Member=R9_AC31
Removed Member From Class: ClassName=AC32 Member=R9_AC32
Removed Member From Class: ClassName=AC33 Member=R9_AC33
Removed Member From Class: ClassName=AC34 Member=R9_AC34
Removed Member From Class: ClassName=AC35 Member=R9_AC35
Removed Member From Class: ClassName=AC41 Member=R9_AC41
Removed Member From Class: ClassName=AC42 Member=R9_AC42
Removed Member From Class: ClassName=AC43 Member=R9_AC43
Removed Member From Class: ClassName=AC44 Member=R9_AC44
Removed Member From Class: ClassName=AC45 Member=R9_AC45
Removed Member From Class: ClassName=AC51 Member=R9_AC51
Removed Member From Class: ClassName=AC52 Member=R9_AC52
Removed Member From Class: ClassName=AC53 Member=R9_AC53
Removed Member From Class: ClassName=AC54 Member=R9_AC54
Removed Member From Class: ClassName=AC55 Member=R9_AC55
Removed Member From Class: ClassName=AC61 Member=R9_AC61
Removed Member From Class: ClassName=AC62 Member=R9_AC62
Removed Member From Class: ClassName=AC63 Member=R9_AC63
Removed Member From Class: ClassName=AC64 Member=R9_AC64
Removed Member From Class: ClassName=AC65 Member=R9_AC65
Removed Member From Class: ClassName=AC71 Member=R9_AC71
Removed Member From Class: ClassName=AC72 Member=R9_AC72
Removed Member From Class: ClassName=AC73 Member=R9_AC73
Removed Member From Class: ClassName=AC74 Member=R9_AC74
Removed Member From Class: ClassName=AC75 Member=R9_AC75
Removed Member From Class: ClassName=AC81 Member=R9_AC81
Removed Member From Class: ClassName=AC82 Member=R9_AC82
Removed Member From Class: ClassName=AC83 Member=R9_AC83
Removed Member From Class: ClassName=AC84 Member=R9_AC84
Removed Member From Class: ClassName=AC85 Member=R9_AC85
Removed Member From Class: ClassName=AC11 Member=R11_AC11
Removed Member From Class: ClassName=AC12 Member=R11_AC12
Removed Member From Class: ClassName=AC13 Member=R11_AC13
Removed Member From Class: ClassName=AC14 Member=R11_AC14
Removed Member From Class: ClassName=AC15 Member=R11_AC15
Removed Member From Class: ClassName=AC21 Member=R11_AC21
Removed Member From Class: ClassName=AC22 Member=R11_AC22
Removed Member From Class: ClassName=AC23 Member=R11_AC23
Removed Member From Class: ClassName=AC24 Member=R11_AC24
Removed Member From Class: ClassName=AC25 Member=R11_AC25
Removed Member From Class: ClassName=AC31 Member=R11_AC31
Removed Member From Class: ClassName=AC32 Member=R11_AC32
Removed Member From Class: ClassName=AC33 Member=R11_AC33
Removed Member From Class: ClassName=AC34 Member=R11_AC34
Removed Member From Class: ClassName=AC35 Member=R11_AC35
Removed Member From Class: ClassName=AC41 Member=R11_AC41
Removed Member From Class: ClassName=AC42 Member=R11_AC42
Removed Member From Class: ClassName=AC43 Member=R11_AC43
Removed Member From Class: ClassName=AC44 Member=R11_AC44
Removed Member From Class: ClassName=AC45 Member=R11_AC45
Removed Member From Class: ClassName=AC51 Member=R11_AC51
Removed Member From Class: ClassName=AC52 Member=R11_AC52
Removed Member From Class: ClassName=AC53 Member=R11_AC53
Removed Member From Class: ClassName=AC54 Member=R11_AC54
Removed Member From Class: ClassName=AC55 Member=R11_AC55
Removed Member From Class: ClassName=AC61 Member=R11_AC61
Removed Member From Class: ClassName=AC62 Member=R11_AC62
Removed Member From Class: ClassName=AC63 Member=R11_AC63
Removed Member From Class: ClassName=AC64 Member=R11_AC64
Removed Member From Class: ClassName=AC65 Member=R11_AC65
Removed Member From Class: ClassName=AC71 Member=R11_AC71
Removed Member From Class: ClassName=AC72 Member=R11_AC72
Removed Member From Class: ClassName=AC73 Member=R11_AC73
Removed Member From Class: ClassName=AC74 Member=R11_AC74
Removed Member From Class: ClassName=AC75 Member=R11_AC75
Removed Member From Class: ClassName=AC81 Member=R11_AC81
Removed Member From Class: ClassName=AC82 Member=R11_AC82
Removed Member From Class: ClassName=AC83 Member=R11_AC83
Removed Member From Class: ClassName=AC84 Member=R11_AC84
Removed Member From Class: ClassName=AC85 Member=R11_AC85
Removed Member From Class: ClassName=AC11 Member=U3_AC11
Removed Member From Class: ClassName=AC12 Member=U3_AC12
Removed Member From Class: ClassName=AC13 Member=U3_AC13
Removed Member From Class: ClassName=AC14 Member=U3_AC14
Removed Member From Class: ClassName=AC15 Member=U3_AC15
Removed Member From Class: ClassName=AC21 Member=U3_AC21
Removed Member From Class: ClassName=AC22 Member=U3_AC22
Removed Member From Class: ClassName=AC23 Member=U3_AC23
Removed Member From Class: ClassName=AC24 Member=U3_AC24
Removed Member From Class: ClassName=AC25 Member=U3_AC25
Removed Member From Class: ClassName=AC31 Member=U3_AC31
Removed Member From Class: ClassName=AC32 Member=U3_AC32
Removed Member From Class: ClassName=AC33 Member=U3_AC33
Removed Member From Class: ClassName=AC34 Member=U3_AC34
Removed Member From Class: ClassName=AC35 Member=U3_AC35
Removed Member From Class: ClassName=AC41 Member=U3_AC41
Removed Member From Class: ClassName=AC42 Member=U3_AC42
Removed Member From Class: ClassName=AC43 Member=U3_AC43
Removed Member From Class: ClassName=AC44 Member=U3_AC44
Removed Member From Class: ClassName=AC45 Member=U3_AC45
Removed Member From Class: ClassName=AC51 Member=U3_AC51
Removed Member From Class: ClassName=AC52 Member=U3_AC52
Removed Member From Class: ClassName=AC53 Member=U3_AC53
Removed Member From Class: ClassName=AC54 Member=U3_AC54
Removed Member From Class: ClassName=AC55 Member=U3_AC55
Removed Member From Class: ClassName=AC61 Member=U3_AC61
Removed Member From Class: ClassName=AC62 Member=U3_AC62
Removed Member From Class: ClassName=AC63 Member=U3_AC63
Removed Member From Class: ClassName=AC64 Member=U3_AC64
Removed Member From Class: ClassName=AC65 Member=U3_AC65
Removed Member From Class: ClassName=AC71 Member=U3_AC71
Removed Member From Class: ClassName=AC72 Member=U3_AC72
Removed Member From Class: ClassName=AC73 Member=U3_AC73
Removed Member From Class: ClassName=AC74 Member=U3_AC74
Removed Member From Class: ClassName=AC75 Member=U3_AC75
Removed Member From Class: ClassName=AC81 Member=U3_AC81
Removed Member From Class: ClassName=AC82 Member=U3_AC82
Removed Member From Class: ClassName=AC83 Member=U3_AC83
Removed Member From Class: ClassName=AC84 Member=U3_AC84
Removed Member From Class: ClassName=AC85 Member=U3_AC85
Added Pin To Net: NetName=NetC17_AC51_2 Pin=U12_MUX_S1-1
Added Pin To Net: NetName=NetC17_AC71_2 Pin=U12_MUX_S1-2
Added Pin To Net: NetName=NetC17_AC81_2 Pin=U12_MUX_S1-4
Added Pin To Net: NetName=NetC17_AC61_2 Pin=U12_MUX_S1-5
Added Pin To Net: NetName=NetC17_AC41_2 Pin=U12_MUX_S1-12
Added Pin To Net: NetName=NetC17_AC11_2 Pin=U12_MUX_S1-13
Added Pin To Net: NetName=NetC17_AC21_2 Pin=U12_MUX_S1-14
Added Pin To Net: NetName=NetC17_AC31_2 Pin=U12_MUX_S1-15
Added Pin To Net: NetName=NetC17_AC52_2 Pin=U12_MUX_S2-1
Added Pin To Net: NetName=NetC17_AC72_2 Pin=U12_MUX_S2-2
Added Pin To Net: NetName=NetC17_AC82_2 Pin=U12_MUX_S2-4
Added Pin To Net: NetName=NetC17_AC62_2 Pin=U12_MUX_S2-5
Added Pin To Net: NetName=NetC17_AC42_2 Pin=U12_MUX_S2-12
Added Pin To Net: NetName=NetC17_AC12_2 Pin=U12_MUX_S2-13
Added Pin To Net: NetName=NetC17_AC22_2 Pin=U12_MUX_S2-14
Added Pin To Net: NetName=NetC17_AC32_2 Pin=U12_MUX_S2-15
Added Pin To Net: NetName=NetC17_AC53_2 Pin=U12_MUX_S3-1
Added Pin To Net: NetName=NetC17_AC73_2 Pin=U12_MUX_S3-2
Added Pin To Net: NetName=NetC17_AC83_2 Pin=U12_MUX_S3-4
Added Pin To Net: NetName=NetC17_AC63_2 Pin=U12_MUX_S3-5
Added Pin To Net: NetName=NetC17_AC43_2 Pin=U12_MUX_S3-12
Added Pin To Net: NetName=NetC17_AC13_2 Pin=U12_MUX_S3-13
Added Pin To Net: NetName=NetC17_AC23_2 Pin=U12_MUX_S3-14
Added Pin To Net: NetName=NetC17_AC33_2 Pin=U12_MUX_S3-15
Added Pin To Net: NetName=NetC17_AC54_2 Pin=U12_MUX_S4-1
Added Pin To Net: NetName=NetC17_AC74_2 Pin=U12_MUX_S4-2
Added Pin To Net: NetName=NetC17_AC84_2 Pin=U12_MUX_S4-4
Added Pin To Net: NetName=NetC17_AC64_2 Pin=U12_MUX_S4-5
Added Pin To Net: NetName=NetC17_AC44_2 Pin=U12_MUX_S4-12
Added Pin To Net: NetName=NetC17_AC14_2 Pin=U12_MUX_S4-13
Added Pin To Net: NetName=NetC17_AC24_2 Pin=U12_MUX_S4-14
Added Pin To Net: NetName=NetC17_AC34_2 Pin=U12_MUX_S4-15
Added Pin To Net: NetName=NetC17_AC55_2 Pin=U12_MUX_S5-1
Added Pin To Net: NetName=NetC17_AC75_2 Pin=U12_MUX_S5-2
Added Pin To Net: NetName=NetC17_AC85_2 Pin=U12_MUX_S5-4
Added Pin To Net: NetName=NetC17_AC65_2 Pin=U12_MUX_S5-5
Added Pin To Net: NetName=NetC17_AC45_2 Pin=U12_MUX_S5-12
Added Pin To Net: NetName=NetC17_AC15_2 Pin=U12_MUX_S5-13
Added Pin To Net: NetName=NetC17_AC25_2 Pin=U12_MUX_S5-14
Added Pin To Net: NetName=NetC17_AC35_2 Pin=U12_MUX_S5-15
