Change Component Designator: Old Designator=*? New Designator=*21
Change Component Designator: Old Designator=? New Designator=2
Change Component Designator: Old Designator=? New Designator=3
Change Component Designator: Old Designator=? New Designator=4
Change Component Designator: Old Designator=? New Designator=5
Change Component Designator: Old Designator=? New Designator=6
Change Component Designator: Old Designator=? New Designator=7
Change Component Designator: Old Designator=? New Designator=8
Change Component Designator: Old Designator=? New Designator=9
Change Component Designator: Old Designator=? New Designator=10
Change Component Designator: Old Designator=? New Designator=11
Change Component Designator: Old Designator=BT? New Designator=BT1
Change Component Designator: Old Designator=C? New Designator=C21
Change Component Designator: Old Designator=Ccomp? New Designator=Ccomp1
Change Component Designator: Old Designator=Cin? New Designator=Cin3
Change Component Designator: Old Designator=CinA? New Designator=CinA2
Change Component Designator: Old Designator=CvccA? New Designator=CvccA2
Change Component Designator: Old Designator=LA? New Designator=LA2
Change Component Designator: Old Designator=RcompA? New Designator=RcompA2
Change Component Designator: Old Designator=RlimA? New Designator=RlimA2
