Added Component: Designator=U2(SOP65P640X120-14N)
Add component. Clean all parameters for all variants
Add component (AddParameter): Name = "Supplier"; Value = "Digi-Key"; VariantName = "[No Variations]"
Add component (AddParameter): Name = "Supplier Part Number"; Value = "296-27916-1-ND"; VariantName = "[No Variations]"
Added Component: Designator=U5(SOP65P640X120-14N)
Add component. Clean all parameters for all variants
Add component (AddParameter): Name = "Supplier"; Value = "Digi-Key"; VariantName = "[No Variations]"
Add component (AddParameter): Name = "Supplier Part Number"; Value = "296-27916-1-ND"; VariantName = "[No Variations]"
Added Pin To Net: NetName=MOSI_A Pin=U2-1
Added Pin To Net: NetName=NetR6_1 Pin=U2-2
Added Pin To Net: NetName=OBC_RX Pin=U2-3
Added Pin To Net: NetName=NetR5_1 Pin=U2-4
Added Pin To Net: NetName=TXCAN Pin=U2-5
Added Pin To Net: NetName=NetR4_1 Pin=U2-6
Added Pin To Net: NetName=GND Pin=U2-7
Added Pin To Net: NetName=NetR3_1 Pin=U2-8
Added Pin To Net: NetName=RXCAN Pin=U2-9
Added Pin To Net: NetName=NetR2_1 Pin=U2-10
Added Pin To Net: NetName=RST Pin=U2-11
Added Pin To Net: NetName=+3V3 Pin=U2-14
Added Pin To Net: NetName=EPS_MOSI_A Pin=U5-1
Added Pin To Net: NetName=NetR19_1 Pin=U5-2
Added Pin To Net: NetName=EPS_RX Pin=U5-3
Added Pin To Net: NetName=NetR18_1 Pin=U5-4
Added Pin To Net: NetName=NetU4_6 Pin=U5-5
Added Pin To Net: NetName=NetR17_1 Pin=U5-6
Added Pin To Net: NetName=GND Pin=U5-7
Added Pin To Net: NetName=NetR16_1 Pin=U5-8
Added Pin To Net: NetName=NetS3_1 Pin=U5-9
Added Pin To Net: NetName=NetR15_1 Pin=U5-10
Added Pin To Net: NetName=RST_EPS Pin=U5-11
Added Pin To Net: NetName=+3V3 Pin=U5-14
Added Member To Class: ClassName=U_obc_32m1 Member=Component C? 1%
Added Member To Class: ClassName=bus-main Member=Component P? UHF UART
Added Member To Class: ClassName=U_obc_32m1 Member=Component U2 SN54LV07A
Added Member To Class: ClassName=U_eps_32m1 Member=Component U5 SN54LV07A
