Change Component Parameter Comment in C37 Old= New=0.1uF
Change Component Parameter Footprint in C37 Old=C1206 New=1608[0603]
Change Component Parameter Comment in C38 Old= New=0.1uF
Change Component Parameter Footprint in C38 Old=C1206 New=1608[0603]
Change Component Parameter Comment in C39 Old= New=0.1uF
Change Component Parameter Footprint in C39 Old=C1206 New=1608[0603]
Change Component Parameter Comment in C40 Old= New=0.1uF
Change Component Parameter Footprint in C40 Old=C1206 New=1608[0603]
Change Component Parameter Comment in C41 Old= New=10uF
Change Component Parameter Footprint in C41 Old=C1206 New=1608[0603]
Change Component Parameter Comment in C42 Old= New=14pF1%
Change Component Parameter Footprint in C42 Old=C1206 New=1608[0603]
Change Value of Parameter Value in Part C42 Old=14pF New=14pF1%
Change Component Parameter Comment in C43 Old= New=14pF1%
Change Component Parameter Footprint in C43 Old=C1206 New=1608[0603]
Change Value of Parameter Value in Part C43 Old=14pF New=14pF1%
Change Component Parameter Footprint in D3 Old=3.2X1.6X1.1 New=1608[0603]
Change Component Parameter Footprint in D4 Old=3.2X1.6X1.1 New=1608[0603]
Change Component Parameter Footprint in D5 Old=3.2X1.6X1.1 New=1608[0603]
Change Component Parameter Footprint in D6 Old=3.2X1.6X1.1 New=1608[0603]
Change Component Parameter Footprint in D7 Old=3.2X1.6X1.1 New=1608[0603]
Change Component Parameter Footprint in D8 Old=3.2X1.6X1.1 New=1608[0603]
Change Component Parameter Footprint in D9 Old=3.2X1.6X1.1 New=1608[0603]
Change Component Parameter Footprint in D10 Old=3.2X1.6X1.1 New=1608[0603]
Change Component Parameter Comment in R20 Old= New=20K
Change Component Parameter Comment in R21 Old= New=10K
Change Component Parameter Comment in R22 Old= New=20K
Change Component Parameter Comment in R23 Old= New=30K
Change Component Parameter Comment in R24 Old= New=330
Change Component Parameter Comment in R25 Old= New=330
Change Component Parameter Comment in R26 Old= New=330
Change Component Parameter Comment in R27 Old= New=330
Change Component Parameter Comment in R28 Old= New=330
Change Component Parameter Comment in R29 Old= New=330
Change Component Parameter Comment in R30 Old= New=330
Change Component Parameter Comment in R31 Old= New=330
Change Component Parameter Comment in R? Old= New=10K
