Added Pin To Net: NetName=LED_E\N\_2 Pin=S2-1
Added Pin To Net: NetName=NetS2_2 Pin=S2-2
Added Pin To Net: NetName=NetR21_2 Pin=S2-3
Added Room: Name=U_amplifier-chain18
Added Room: Name=U_amplifier-chain19
Added Room: Name=U_amplifier-chain20
Added Room: Name=U_amplifier-chain21
Added Room: Name=U_amplifier-chain22
Added Room: Name=U_amplifier-chain23
Added Room: Name=U_amplifier-chain24
Added Room: Name=U_amplifier-chain25
Added Room: Name=U_amplifier-chain26
Added Room: Name=U_amplifier-chain27
Added Room: Name=U_amplifier-chain28
Added Room: Name=U_amplifier-chain29
Added Room: Name=U_amplifier-chain30
Added Room: Name=U_amplifier-chain31
Added Room: Name=U_amplifier-chain32
Added Room: Name=U_amplifier-chain33
Added Room: Name=U_amplifier-chain34
Added Room: Name=U_amplifier-chain35
Added Room: Name=U_amplifier-chain36
Added Room: Name=U_amplifier-chain37
Added Room: Name=U_amplifier-chain38
Added Room: Name=U_amplifier-chain39
Added Room: Name=U_amplifier-chain40
Added Room: Name=U_filtering-optical1
Added Room: Name=U_filtering-optical2
Added Room: Name=U_filtering-optical3
Added Room: Name=U_filtering-optical4
Added Room: Name=U_mux-optical2
Added Room: Name=U_mux-optical3
Added Room: Name=U_mux-optical4
Added Room: Name=U_mux-optical5
Added Room: Name=U_mux-optical6
Added Room: Name=U_mux-optical7
Added Room: Name=U_mux-optical8
Added Room: Name=U_mux-optical9
Added Room: Name=U_mux-optical10
