Removed Pin From Net: NetName=GND Pin=C13-1
Removed Pin From Net: NetName=GND Pin=C50-2
Removed Pin From Net: NetName=GND Pin=C51-2
Removed Pin From Net: NetName=GND Pin=C53-1
Removed Pin From Net: NetName=GND Pin=C54-1
Removed Pin From Net: NetName=3V Pin=C54-2
Removed Pin From Net: NetName=GND Pin=C55-1
Removed Pin From Net: NetName=3V Pin=C56-1
Removed Pin From Net: NetName=GND Pin=C56-2
Removed Pin From Net: NetName=GND Pin=C57-1
Removed Pin From Net: NetName=3V Pin=C57-2
Removed Pin From Net: NetName=GND Pin=C58-1
Removed Pin From Net: NetName=3V Pin=C58-2
Removed Pin From Net: NetName=GND Pin=C59-1
Removed Pin From Net: NetName=3V Pin=C59-2
Removed Pin From Net: NetName=GND Pin=C60-1
Removed Pin From Net: NetName=3V Pin=C60-2
Removed Pin From Net: NetName=GND Pin=C61-1
Removed Pin From Net: NetName=3V Pin=C61-2
Removed Pin From Net: NetName=NetC12_2 Pin=R6-2
Removed Pin From Net: NetName=E\N\ Pin=R27_MUX_LED4-1
Removed Pin From Net: NetName=E\N\ Pin=R27_MUX_LED5-1
Removed Pin From Net: NetName=E\N\ Pin=R27_MUX_S4-1
Removed Pin From Net: NetName=E\N\ Pin=R27_MUX_S5-1
Removed Pin From Net: NetName=NetR15_SD3_1 Pin=R32-5
Removed Pin From Net: NetName=NetR15_SD2_1 Pin=R32-6
Removed Pin From Net: NetName=NetR15_SD1_1 Pin=R32-7
Removed Pin From Net: NetName=NetR15_SD4_1 Pin=R33-2
Removed Pin From Net: NetName=NetR14_SD1_2 Pin=R39-2
Removed Pin From Net: NetName=3V Pin=R40-2
Removed Pin From Net: NetName=3V Pin=R42-2
Removed Pin From Net: NetName=3V Pin=R43-2
Removed Pin From Net: NetName=GND Pin=R44-1
Removed Pin From Net: NetName=NetC12_2 Pin=U1-15
Removed Pin From Net: NetName=NetR32_2 Pin=U10-6
Removed Pin From Net: NetName=NetR32_3 Pin=U10-7
Removed Pin From Net: NetName=NetR32_4 Pin=U10-17
Removed Pin From Net: NetName=NetR32_1 Pin=U10-23
Removed Pin From Net: NetName=E\N\ Pin=U12_MUX_LED4-6
Removed Pin From Net: NetName=E\N\ Pin=U12_MUX_LED5-6
Removed Pin From Net: NetName=E\N\ Pin=U12_MUX_S4-6
Removed Pin From Net: NetName=E\N\ Pin=U12_MUX_S5-6
Removed Pin From Net: NetName=GND Pin=U13-6
Removed Pin From Net: NetName=GND Pin=U15-5
Removed Pin From Net: NetName=3V Pin=U15-12
Removed Pin From Net: NetName=MOSI Pin=U15-14
Removed Pin From Net: NetName=SCK Pin=U15-15
Removed Pin From Net: NetName=GND Pin=U16-1
Removed Pin From Net: NetName=GND Pin=U16-5
Removed Pin From Net: NetName=3V Pin=U16-8
Removed Pin From Net: NetName=GND Pin=U17-2
Removed Pin From Net: NetName=3V Pin=U17-5
Removed Pin From Net: NetName=GND Pin=U18-2
Removed Pin From Net: NetName=3V Pin=U18-5
Removed Member From Class: ClassName=U_adc-optical Member=C13
Removed Member From Class: ClassName=pay-optical Member=R33
Removed Member From Class: ClassName=pay-optical Member=R34
Change Component Footprint: Designator=C12 Old Footprint=1608[0603] New Footprint=0402
Change Component Footprint: Designator=U15 Old Footprint=SSOP16_N New Footprint=SOT-23-5_95P290X160-5N
Change Component Comment : Designator=R6 Old Comment=1K New Comment=Res3
Change Component Comment : Designator=R7 Old Comment=1K New Comment=Res3
Change Component Comment : Designator=C12 Old Comment=10uF New Comment=Cap Semi
Change Component Comment : Designator=U15 Old Comment=ADA2200 New Comment=MCP6546
Change component parameters: Designator = "R6"; Footprint = "0402"; UniqueID = "\AJPQEODD\BVWKDUMR"
Change component parameters. Clean all parameters for all variants
Change component parameters (AddParameter): Name = "LatestRevisionDate"; Value = "29-May-2009"; VariantName = "[No Variations]"
Change component parameters (AddParameter): Name = "LatestRevisionNote"; Value = "IPC-7351 Footprint Added."; VariantName = "[No Variations]"
Change component parameters (AddParameter): Name = "PackageDescription"; Value = "Chip Resistor"; VariantName = "[No Variations]"
Change component parameters (AddParameter): Name = "PackageReference"; Value = "J1-0603"; VariantName = "[No Variations]"
Change component parameters (AddParameter): Name = "Published"; Value = "8-Jun-2000"; VariantName = "[No Variations]"
Change component parameters (AddParameter): Name = "Publisher"; Value = "Altium Limited"; VariantName = "[No Variations]"
Change component parameters (AddParameter): Name = "Value"; Value = "1K"; VariantName = "[No Variations]"
Change component parameters: Designator = "C12"; Footprint = "0402"; UniqueID = "\AJPQEODD\UBCABUBP"
Change component parameters. Clean all parameters for all variants
Change component parameters (AddParameter): Name = "LatestRevisionDate"; Value = "29-May-2009"; VariantName = "[No Variations]"
Change component parameters (AddParameter): Name = "LatestRevisionNote"; Value = "IPC-7351 Footprint Added."; VariantName = "[No Variations]"
Change component parameters (AddParameter): Name = "PackageDescription"; Value = "Chip Capacitor"; VariantName = "[No Variations]"
Change component parameters (AddParameter): Name = "PackageReference"; Value = "C1206"; VariantName = "[No Variations]"
Change component parameters (AddParameter): Name = "Published"; Value = "8-Jun-2000"; VariantName = "[No Variations]"
Change component parameters (AddParameter): Name = "Publisher"; Value = "Altium Limited"; VariantName = "[No Variations]"
Change component parameters (AddParameter): Name = "Value"; Value = "0.1uF"; VariantName = "[No Variations]"
Change component parameters: Designator = "R7"; Footprint = "0402"; UniqueID = "\AJPQEODD\HKCSMFGT"
Change component parameters. Clean all parameters for all variants
Change component parameters (AddParameter): Name = "LatestRevisionDate"; Value = "29-May-2009"; VariantName = "[No Variations]"
Change component parameters (AddParameter): Name = "LatestRevisionNote"; Value = "IPC-7351 Footprint Added."; VariantName = "[No Variations]"
Change component parameters (AddParameter): Name = "PackageDescription"; Value = "Chip Resistor"; VariantName = "[No Variations]"
Change component parameters (AddParameter): Name = "PackageReference"; Value = "J1-0603"; VariantName = "[No Variations]"
Change component parameters (AddParameter): Name = "Published"; Value = "8-Jun-2000"; VariantName = "[No Variations]"
Change component parameters (AddParameter): Name = "Publisher"; Value = "Altium Limited"; VariantName = "[No Variations]"
Change component parameters (AddParameter): Name = "Value"; Value = "10K"; VariantName = "[No Variations]"
Change component parameters: Designator = "U15"; Footprint = "SOT-23-5_95P290X160-5N"; UniqueID = "\AJPQEODD\IIVHKVVV"
Change component parameters. Clean all parameters for all variants
Change component parameters (AddParameter): Name = "Supplier 1"; Value = "Digi-Key"; VariantName = "[No Variations]"
Change component parameters (AddParameter): Name = "Supplier Part Number 1"; Value = "MCP6546T-E/OTCT-ND"; VariantName = "[No Variations]"
Added Pin To Net: NetName=3V Pin=R6-2
Added Pin To Net: NetName=3V Pin=R7-2
Added Pin To Net: NetName=NetR15_SD4_1 Pin=R32-5
Added Pin To Net: NetName=NetR15_SD3_1 Pin=R32-6
Added Pin To Net: NetName=NetR15_SD2_1 Pin=R32-7
Added Pin To Net: NetName=NetR15_SD1_1 Pin=R32-8
Added Pin To Net: NetName=NetR32_1 Pin=U10-7
Added Pin To Net: NetName=NetR32_2 Pin=U10-17
Added Pin To Net: NetName=NetR32_3 Pin=U10-18
Added Pin To Net: NetName=NetR32_4 Pin=U10-22
Added Pin To Net: NetName=NetU9_SD4_1 Pin=U12_MUX_LED5-3
Added Pin To Net: NetName=NetC27_SD4_2 Pin=U12_MUX_S5-3
Added Pin To Net: NetName=GND Pin=U15-2
Added Pin To Net: NetName=E\N\ Pin=U15-4
Added Pin To Net: NetName=MUX_E\N\_SD4 Pin=R6-1
Added Pin To Net: NetName=MUX_E\N\_SD4 Pin=R27_MUX_LED4-1
Added Pin To Net: NetName=MUX_E\N\_SD4 Pin=R27_MUX_S4-1
Added Pin To Net: NetName=MUX_E\N\_SD4 Pin=U12_MUX_LED4-6
Added Pin To Net: NetName=MUX_E\N\_SD4 Pin=U12_MUX_S4-6
Added Pin To Net: NetName=MUX_E\N\_SD4 Pin=U15-1
Added Net: Name=MUX_E\N\_SD4
Added Pin To Net: NetName=MUX_E\N\ Pin=R7-1
Added Pin To Net: NetName=MUX_E\N\ Pin=R27_MUX_LED5-1
Added Pin To Net: NetName=MUX_E\N\ Pin=R27_MUX_S5-1
Added Pin To Net: NetName=MUX_E\N\ Pin=U12_MUX_LED5-6
Added Pin To Net: NetName=MUX_E\N\ Pin=U12_MUX_S5-6
Added Pin To Net: NetName=MUX_E\N\ Pin=U13-14
Added Pin To Net: NetName=MUX_E\N\ Pin=U15-3
Added Net: Name=MUX_E\N\
Added Pin To Net: NetName=NetU10_6 Pin=U10-6
Added Pin To Net: NetName=NetU10_6 Pin=U13-6
Added Net: Name=NetU10_6
Added Pin To Net: NetName=NetU10_23 Pin=U10-23
Added Net: Name=NetU10_23
Added Member To Class: ClassName=U_amplifier-special Member=Component J2 COAX-F
Added Member To Class: ClassName=U_adc-optical Member=Component U15 MCP6546
