Change Component Designator: OldDesignator=C? NewDesignator=C13
Change Component Designator: OldDesignator=C? NewDesignator=C37
Change Component Designator: OldDesignator=P? NewDesignator=P1
Change Component Designator: OldDesignator=U? NewDesignator=U10
Added Component: Designator=R11(0402)
Add component. Clean all parameters for all variants
Add component (AddParameter): Name = "LatestRevisionDate"; Value = "29-May-2009"; VariantName = "[No Variations]"
Add component (AddParameter): Name = "LatestRevisionNote"; Value = "IPC-7351 Footprint Added."; VariantName = "[No Variations]"
Add component (AddParameter): Name = "PackageDescription"; Value = "Chip Resistor"; VariantName = "[No Variations]"
Add component (AddParameter): Name = "PackageReference"; Value = "J1-0603"; VariantName = "[No Variations]"
Add component (AddParameter): Name = "Published"; Value = "8-Jun-2000"; VariantName = "[No Variations]"
Add component (AddParameter): Name = "Publisher"; Value = "Altium Limited"; VariantName = "[No Variations]"
Add component (AddParameter): Name = "Value"; Value = "10K"; VariantName = "[No Variations]"
Added Component: Designator=R12(0402)
Add component. Clean all parameters for all variants
Add component (AddParameter): Name = "LatestRevisionDate"; Value = "29-May-2009"; VariantName = "[No Variations]"
Add component (AddParameter): Name = "LatestRevisionNote"; Value = "IPC-7351 Footprint Added."; VariantName = "[No Variations]"
Add component (AddParameter): Name = "PackageDescription"; Value = "Chip Resistor"; VariantName = "[No Variations]"
Add component (AddParameter): Name = "PackageReference"; Value = "J1-0603"; VariantName = "[No Variations]"
Add component (AddParameter): Name = "Published"; Value = "8-Jun-2000"; VariantName = "[No Variations]"
Add component (AddParameter): Name = "Publisher"; Value = "Altium Limited"; VariantName = "[No Variations]"
Add component (AddParameter): Name = "Value"; Value = "10K"; VariantName = "[No Variations]"
Added Pin To Net: NetName=GND Pin=R11-1
Added Pin To Net: NetName=GND Pin=R12-1
Added Pin To Net: NetName=NetR11_2 Pin=R11-2
Added Pin To Net: NetName=NetR11_2 Pin=U12_MUX_S5-1
Added Pin To Net: NetName=NetR11_2 Pin=U12_MUX_S5-2
Added Pin To Net: NetName=NetR11_2 Pin=U12_MUX_S5-4
Added Pin To Net: NetName=NetR11_2 Pin=U12_MUX_S5-5
Added Net: Name=NetR11_2
Added Pin To Net: NetName=NetR12_2 Pin=R12-2
Added Pin To Net: NetName=NetR12_2 Pin=U12_MUX_LED5-1
Added Pin To Net: NetName=NetR12_2 Pin=U12_MUX_LED5-2
Added Pin To Net: NetName=NetR12_2 Pin=U12_MUX_LED5-4
Added Pin To Net: NetName=NetR12_2 Pin=U12_MUX_LED5-5
Added Pin To Net: NetName=NetR12_2 Pin=U12_MUX_LED5-12
Added Pin To Net: NetName=NetR12_2 Pin=U12_MUX_LED5-15
Added Net: Name=NetR12_2
Added Class: Name=SD5_Special
Added Member To Class: ClassName=pay-optical Member=Component C13 0.47uF
Added Member To Class: ClassName=pay-optical Member=Component P1 Header 10X2
Added Room: Name=SD5_Special
