Change Component Footprint: Designator=C22 Old Footprint=0402 New Footprint=1608[0603]
Change Component Footprint: Designator=C23 Old Footprint=0402 New Footprint=1608[0603]
Change Component Footprint: Designator=C24 Old Footprint=0402 New Footprint=1608[0603]
Change Component Footprint: Designator=R12 Old Footprint=0402 New Footprint=J1-0603
Change Component Footprint: Designator=R13 Old Footprint=0402 New Footprint=J1-0603
Added Pin To Net: NetName=3V Pin=C29_SD1-2
Added Pin To Net: NetName=3V Pin=C29_SD2-2
Added Pin To Net: NetName=3V Pin=C29_SD3-2
Added Pin To Net: NetName=3V Pin=C29_SD4-2
Added Pin To Net: NetName=3V Pin=C29_SD5-2
Added Pin To Net: NetName=3V Pin=C31_SD1-1
Added Pin To Net: NetName=3V Pin=C31_SD2-1
Added Pin To Net: NetName=3V Pin=C31_SD3-1
Added Pin To Net: NetName=3V Pin=C31_SD4-1
Added Pin To Net: NetName=3V Pin=C31_SD5-1
Added Pin To Net: NetName=3V Pin=C34_SD1-2
Added Pin To Net: NetName=3V Pin=C34_SD2-2
Added Pin To Net: NetName=3V Pin=C34_SD3-2
Added Pin To Net: NetName=3V Pin=C34_SD4-2
Added Pin To Net: NetName=3V Pin=C34_SD5-2
Added Pin To Net: NetName=3V Pin=U6_SD1-12
Added Pin To Net: NetName=3V Pin=U6_SD2-12
Added Pin To Net: NetName=3V Pin=U6_SD3-12
Added Pin To Net: NetName=3V Pin=U6_SD4-12
Added Pin To Net: NetName=3V Pin=U6_SD5-12
Added Pin To Net: NetName=3V Pin=U8_SD1-5
Added Pin To Net: NetName=3V Pin=U8_SD2-5
Added Pin To Net: NetName=3V Pin=U8_SD3-5
Added Pin To Net: NetName=3V Pin=U8_SD4-5
Added Pin To Net: NetName=3V Pin=U8_SD5-5
Added Member To Class: ClassName=SD1 Member=Component U6_SD1 (U6) ADA2200
