Added Component: Designator=R9_SD1(0402)
Add component. Clean all parameters for all variants
Add component (AddParameter): Name = "LatestRevisionDate"; Value = "29-May-2009"; VariantName = "[No Variations]"
Add component (AddParameter): Name = "LatestRevisionNote"; Value = "IPC-7351 Footprint Added."; VariantName = "[No Variations]"
Add component (AddParameter): Name = "PackageDescription"; Value = "Chip Resistor"; VariantName = "[No Variations]"
Add component (AddParameter): Name = "PackageReference"; Value = "J1-0603"; VariantName = "[No Variations]"
Add component (AddParameter): Name = "Published"; Value = "8-Jun-2000"; VariantName = "[No Variations]"
Add component (AddParameter): Name = "Publisher"; Value = "Altium Limited"; VariantName = "[No Variations]"
Added Component: Designator=R9_SD2(0402)
Add component. Clean all parameters for all variants
Add component (AddParameter): Name = "LatestRevisionDate"; Value = "29-May-2009"; VariantName = "[No Variations]"
Add component (AddParameter): Name = "LatestRevisionNote"; Value = "IPC-7351 Footprint Added."; VariantName = "[No Variations]"
Add component (AddParameter): Name = "PackageDescription"; Value = "Chip Resistor"; VariantName = "[No Variations]"
Add component (AddParameter): Name = "PackageReference"; Value = "J1-0603"; VariantName = "[No Variations]"
Add component (AddParameter): Name = "Published"; Value = "8-Jun-2000"; VariantName = "[No Variations]"
Add component (AddParameter): Name = "Publisher"; Value = "Altium Limited"; VariantName = "[No Variations]"
Added Component: Designator=R9_SD3(0402)
Add component. Clean all parameters for all variants
Add component (AddParameter): Name = "LatestRevisionDate"; Value = "29-May-2009"; VariantName = "[No Variations]"
Add component (AddParameter): Name = "LatestRevisionNote"; Value = "IPC-7351 Footprint Added."; VariantName = "[No Variations]"
Add component (AddParameter): Name = "PackageDescription"; Value = "Chip Resistor"; VariantName = "[No Variations]"
Add component (AddParameter): Name = "PackageReference"; Value = "J1-0603"; VariantName = "[No Variations]"
Add component (AddParameter): Name = "Published"; Value = "8-Jun-2000"; VariantName = "[No Variations]"
Add component (AddParameter): Name = "Publisher"; Value = "Altium Limited"; VariantName = "[No Variations]"
Added Component: Designator=R9_SD4(0402)
Add component. Clean all parameters for all variants
Add component (AddParameter): Name = "LatestRevisionDate"; Value = "29-May-2009"; VariantName = "[No Variations]"
Add component (AddParameter): Name = "LatestRevisionNote"; Value = "IPC-7351 Footprint Added."; VariantName = "[No Variations]"
Add component (AddParameter): Name = "PackageDescription"; Value = "Chip Resistor"; VariantName = "[No Variations]"
Add component (AddParameter): Name = "PackageReference"; Value = "J1-0603"; VariantName = "[No Variations]"
Add component (AddParameter): Name = "Published"; Value = "8-Jun-2000"; VariantName = "[No Variations]"
Add component (AddParameter): Name = "Publisher"; Value = "Altium Limited"; VariantName = "[No Variations]"
Added Component: Designator=R9_SD5(0402)
Add component. Clean all parameters for all variants
Add component (AddParameter): Name = "LatestRevisionDate"; Value = "29-May-2009"; VariantName = "[No Variations]"
Add component (AddParameter): Name = "LatestRevisionNote"; Value = "IPC-7351 Footprint Added."; VariantName = "[No Variations]"
Add component (AddParameter): Name = "PackageDescription"; Value = "Chip Resistor"; VariantName = "[No Variations]"
Add component (AddParameter): Name = "PackageReference"; Value = "J1-0603"; VariantName = "[No Variations]"
Add component (AddParameter): Name = "Published"; Value = "8-Jun-2000"; VariantName = "[No Variations]"
Add component (AddParameter): Name = "Publisher"; Value = "Altium Limited"; VariantName = "[No Variations]"
Added Pin To Net: NetName=NetR9_SD1_1 Pin=R9_SD1-1
Added Pin To Net: NetName=NetR9_SD1_1 Pin=U7_SD1-3
Added Net: Name=NetR9_SD1_1
Added Pin To Net: NetName=NetR9_SD1_2 Pin=R9_SD1-2
Added Pin To Net: NetName=NetR9_SD1_2 Pin=U7_SD1-2
Added Net: Name=NetR9_SD1_2
Added Pin To Net: NetName=NetR9_SD2_1 Pin=R9_SD2-1
Added Pin To Net: NetName=NetR9_SD2_1 Pin=U7_SD2-3
Added Net: Name=NetR9_SD2_1
Added Pin To Net: NetName=NetR9_SD2_2 Pin=R9_SD2-2
Added Pin To Net: NetName=NetR9_SD2_2 Pin=U7_SD2-2
Added Net: Name=NetR9_SD2_2
Added Pin To Net: NetName=NetR9_SD3_1 Pin=R9_SD3-1
Added Pin To Net: NetName=NetR9_SD3_1 Pin=U7_SD3-3
Added Net: Name=NetR9_SD3_1
Added Pin To Net: NetName=NetR9_SD3_2 Pin=R9_SD3-2
Added Pin To Net: NetName=NetR9_SD3_2 Pin=U7_SD3-2
Added Net: Name=NetR9_SD3_2
Added Pin To Net: NetName=NetR9_SD4_1 Pin=R9_SD4-1
Added Pin To Net: NetName=NetR9_SD4_1 Pin=U7_SD4-3
Added Net: Name=NetR9_SD4_1
Added Pin To Net: NetName=NetR9_SD4_2 Pin=R9_SD4-2
Added Pin To Net: NetName=NetR9_SD4_2 Pin=U7_SD4-2
Added Net: Name=NetR9_SD4_2
Added Pin To Net: NetName=NetR9_SD5_1 Pin=R9_SD5-1
Added Pin To Net: NetName=NetR9_SD5_1 Pin=U7_SD5-3
Added Net: Name=NetR9_SD5_1
Added Pin To Net: NetName=NetR9_SD5_2 Pin=R9_SD5-2
Added Pin To Net: NetName=NetR9_SD5_2 Pin=U7_SD5-2
Added Net: Name=NetR9_SD5_2
Added Member To Class: ClassName=SD1 Member=Component C33_SD1 (C33) 10uF
Added Member To Class: ClassName=SD1 Member=Component R9_SD1 (R9) Optional
Added Member To Class: ClassName=SD2 Member=Component R9_SD2 (R9) Optional
Added Member To Class: ClassName=SD3 Member=Component R9_SD3 (R9) Optional
Added Member To Class: ClassName=SD4 Member=Component R9_SD4 (R9) Optional
Added Member To Class: ClassName=SD5 Member=Component R9_SD5 (R9) Optional
Added Member To Class: ClassName=SD1 Member=Component U6_SD1 (U6) ADA2200
Added Member To Class: ClassName=SD1 Member=Component U8_SD1 (U8) AD8613
Added Member To Class: ClassName=MUX_LED2 Member=Component U12_MUX_LED2 (U12) ADG658
