Removed Pin From Net: NetName=GND Pin=P2-1
Removed Pin From Net: NetName=CANL Pin=P2-2
Removed Pin From Net: NetName=CANH Pin=P2-3
Removed Pin From Net: NetName=+5 Pin=P2-4
Removed Pin From Net: NetName=R\S\T\ Pin=P2-5
Removed Pin From Net: NetName=MOSI_A Pin=P2-7
Removed Pin From Net: NetName=SCK_A Pin=P2-8
Removed Pin From Net: NetName=3V3 Pin=P2-9
Added Component: Designator=P?(DF14-10P-1.25H(55))
Add component. Clean all parameters for all variants
Add component (AddParameter): Name = "LatestRevisionDate"; Value = "17-Jul-2002"; VariantName = "[No Variations]"
Add component (AddParameter): Name = "LatestRevisionNote"; Value = "Re-released for DXP Platform."; VariantName = "[No Variations]"
Add component (AddParameter): Name = "Publisher"; Value = "Altium Limited"; VariantName = "[No Variations]"
Add component (AddParameter): Name = "Supplier"; Value = "Digi-Key"; VariantName = "[No Variations]"
Add component (AddParameter): Name = "Supplier Part Number"; Value = "H10329CT-ND"; VariantName = "[No Variations]"
Added Pin To Net: NetName=GND Pin=P?-1
Added Pin To Net: NetName=CANL Pin=P?-2
Added Pin To Net: NetName=CANH Pin=P?-3
Added Pin To Net: NetName=+5 Pin=P?-4
Added Pin To Net: NetName=R\S\T\ Pin=P?-5
Added Pin To Net: NetName=MOSI_A Pin=P?-7
Added Pin To Net: NetName=SCK_A Pin=P?-8
Added Pin To Net: NetName=3V3 Pin=P?-9
Added Member To Class: ClassName=pay-ssm Member=Component P? INCOMING FROM OBC
Added Member To Class: ClassName=U_dac-layout Member=Component U19 (U1) DAC7562
