PCAD Importer Log
Project : SJ1-3544.LibPkg

Section : C:\Users\Owner\Downloads\SJ1-3544.lia
    Section : PCB Library - SJ1-3544.PcbLib
        Section : Load Messages
            Warning - 1 : Skipping Token SJ1-3544 On Line 156
            Warning - 1 : Skipping Token attachedSymbol On Line 241
        EndSection

        Section : Import Messages
        EndSection
    EndSection

    Section : SCH Library - SJ1-3544.SchLib
        Section : Parsing Messages
            Warning - 1 : Skipping Token padStyleDef On Line 9
            Warning - 1 : Skipping Token padStyleDef On Line 21
            Warning - 1 : Skipping Token multiLayer On Line 95
            Warning - 1 : Skipping Token layerContents On Line 104
            Warning - 1 : Skipping Token layerContents On Line 116
            Warning - 1 : Skipping Token layerContents On Line 130
            Warning - 1 : Skipping Token layerContents On Line 136
        EndSection

        Section : Generating SCH Library - SJ1-3544.SchLib
        EndSection
    EndSection
EndSection
