Change Component Parameter Comment in C25 Old= New=2pF
Change Component Parameter Footprint in C25 Old=C1206 New=1608[0603]
Change Component Parameter Comment in C26 Old= New=2pF
Change Component Parameter Footprint in C26 Old=C1206 New=1608[0603]
Change Component Parameter Comment in C27 Old= New=0.1uF
Change Component Parameter Footprint in C27 Old=C1206 New=1608[0603]
Change Component Parameter Comment in C28 Old= New=0.1uF
Change Component Parameter Footprint in C28 Old=C1206 New=1608[0603]
Change Component Parameter Comment in C29 Old= New=0.1uF
Change Component Parameter Footprint in C29 Old=C1206 New=1608[0603]
Change Component Parameter Comment in C30 Old= New=0.1uF
Change Component Parameter Footprint in C30 Old=C1206 New=1608[0603]
Change Component Parameter Comment in C31 Old= New=10uF
Change Component Parameter Footprint in C31 Old=C1206 New=1608[0603]
Change Component Parameter Comment in C32 Old= New=0.1uF
Change Component Parameter Footprint in C32 Old=C1206 New=1608[0603]
Change Component Parameter Comment in C33 Old= New=10uF
Change Component Parameter Footprint in C33 Old=C1206 New=1608[0603]
Change Component Parameter Comment in C34 Old= New=0.1uF
Change Component Parameter Footprint in C34 Old=C1206 New=1608[0603]
Change Component Parameter Comment in C35 Old= New=10uF
Change Component Parameter Footprint in C35 Old=C1206 New=1608[0603]
Change Component Parameter Comment in C36 Old= New=0.1uF
Change Component Parameter Footprint in C36 Old=C1206 New=1608[0603]
Change Component Parameter Comment in R14 Old= New=0 Ohm
Change Component Parameter Comment in R15 Old= New=10K
Change Component Parameter Comment in R16 Old= New=200
Change Component Parameter Comment in R17 Old= New=10K
Change Component Parameter Comment in R18 Old= New=10K
Change Component Parameter Comment in R19 Old= New=50K
