Change Component Footprint: Designator=C9 Old Footprint=1608[0603] New Footprint=0402
Change Component Footprint: Designator=C11 Old Footprint=1608[0603] New Footprint=0402
Change Component Footprint: Designator=C15 Old Footprint=1608[0603] New Footprint=0402
Change Component Footprint: Designator=C17_AC11 Old Footprint=1608[0603] New Footprint=0402
Change Component Footprint: Designator=C17_AC12 Old Footprint=1608[0603] New Footprint=0402
Change Component Footprint: Designator=C17_AC13 Old Footprint=1608[0603] New Footprint=0402
Change Component Footprint: Designator=C17_AC14 Old Footprint=1608[0603] New Footprint=0402
Change Component Footprint: Designator=C17_AC15 Old Footprint=1608[0603] New Footprint=0402
Change Component Footprint: Designator=C17_AC21 Old Footprint=1608[0603] New Footprint=0402
Change Component Footprint: Designator=C17_AC22 Old Footprint=1608[0603] New Footprint=0402
Change Component Footprint: Designator=C17_AC23 Old Footprint=1608[0603] New Footprint=0402
Change Component Footprint: Designator=C17_AC24 Old Footprint=1608[0603] New Footprint=0402
Change Component Footprint: Designator=C17_AC25 Old Footprint=1608[0603] New Footprint=0402
Change Component Footprint: Designator=C17_AC31 Old Footprint=1608[0603] New Footprint=0402
Change Component Footprint: Designator=C17_AC32 Old Footprint=1608[0603] New Footprint=0402
Change Component Footprint: Designator=C17_AC33 Old Footprint=1608[0603] New Footprint=0402
Change Component Footprint: Designator=C17_AC34 Old Footprint=1608[0603] New Footprint=0402
Change Component Footprint: Designator=C17_AC35 Old Footprint=1608[0603] New Footprint=0402
Change Component Footprint: Designator=C17_AC41 Old Footprint=1608[0603] New Footprint=0402
Change Component Footprint: Designator=C17_AC42 Old Footprint=1608[0603] New Footprint=0402
Change Component Footprint: Designator=C17_AC43 Old Footprint=1608[0603] New Footprint=0402
Change Component Footprint: Designator=C17_AC44 Old Footprint=1608[0603] New Footprint=0402
Change Component Footprint: Designator=C17_AC45 Old Footprint=1608[0603] New Footprint=0402
Change Component Footprint: Designator=C17_AC51 Old Footprint=1608[0603] New Footprint=0402
Change Component Footprint: Designator=C17_AC52 Old Footprint=1608[0603] New Footprint=0402
Change Component Footprint: Designator=C17_AC53 Old Footprint=1608[0603] New Footprint=0402
Change Component Footprint: Designator=C17_AC54 Old Footprint=1608[0603] New Footprint=0402
Change Component Footprint: Designator=C17_AC55 Old Footprint=1608[0603] New Footprint=0402
Change Component Footprint: Designator=C17_AC61 Old Footprint=1608[0603] New Footprint=0402
Change Component Footprint: Designator=C17_AC62 Old Footprint=1608[0603] New Footprint=0402
Change Component Footprint: Designator=C17_AC63 Old Footprint=1608[0603] New Footprint=0402
Change Component Footprint: Designator=C17_AC64 Old Footprint=1608[0603] New Footprint=0402
Change Component Footprint: Designator=C17_AC65 Old Footprint=1608[0603] New Footprint=0402
Change Component Footprint: Designator=C17_AC71 Old Footprint=1608[0603] New Footprint=0402
Change Component Footprint: Designator=C17_AC72 Old Footprint=1608[0603] New Footprint=0402
Change Component Footprint: Designator=C17_AC73 Old Footprint=1608[0603] New Footprint=0402
Change Component Footprint: Designator=C17_AC74 Old Footprint=1608[0603] New Footprint=0402
Change Component Footprint: Designator=C17_AC75 Old Footprint=1608[0603] New Footprint=0402
Change Component Footprint: Designator=C17_AC81 Old Footprint=1608[0603] New Footprint=0402
Change Component Footprint: Designator=C17_AC82 Old Footprint=1608[0603] New Footprint=0402
Change Component Footprint: Designator=C17_AC83 Old Footprint=1608[0603] New Footprint=0402
Change Component Footprint: Designator=C17_AC84 Old Footprint=1608[0603] New Footprint=0402
Change Component Footprint: Designator=C17_AC85 Old Footprint=1608[0603] New Footprint=0402
Change Component Footprint: Designator=C20_AC11 Old Footprint=1608[0603] New Footprint=0402
Change Component Footprint: Designator=C20_AC12 Old Footprint=1608[0603] New Footprint=0402
Change Component Footprint: Designator=C20_AC13 Old Footprint=1608[0603] New Footprint=0402
Change Component Footprint: Designator=C20_AC14 Old Footprint=1608[0603] New Footprint=0402
Change Component Footprint: Designator=C20_AC15 Old Footprint=1608[0603] New Footprint=0402
Change Component Footprint: Designator=C20_AC21 Old Footprint=1608[0603] New Footprint=0402
Change Component Footprint: Designator=C20_AC22 Old Footprint=1608[0603] New Footprint=0402
Change Component Footprint: Designator=C20_AC23 Old Footprint=1608[0603] New Footprint=0402
Change Component Footprint: Designator=C20_AC24 Old Footprint=1608[0603] New Footprint=0402
Change Component Footprint: Designator=C20_AC25 Old Footprint=1608[0603] New Footprint=0402
Change Component Footprint: Designator=C20_AC31 Old Footprint=1608[0603] New Footprint=0402
Change Component Footprint: Designator=C20_AC32 Old Footprint=1608[0603] New Footprint=0402
Change Component Footprint: Designator=C20_AC33 Old Footprint=1608[0603] New Footprint=0402
Change Component Footprint: Designator=C20_AC34 Old Footprint=1608[0603] New Footprint=0402
Change Component Footprint: Designator=C20_AC35 Old Footprint=1608[0603] New Footprint=0402
Change Component Footprint: Designator=C20_AC41 Old Footprint=1608[0603] New Footprint=0402
Change Component Footprint: Designator=C20_AC42 Old Footprint=1608[0603] New Footprint=0402
Change Component Footprint: Designator=C20_AC43 Old Footprint=1608[0603] New Footprint=0402
Change Component Footprint: Designator=C20_AC44 Old Footprint=1608[0603] New Footprint=0402
Change Component Footprint: Designator=C20_AC45 Old Footprint=1608[0603] New Footprint=0402
Change Component Footprint: Designator=C20_AC51 Old Footprint=1608[0603] New Footprint=0402
Change Component Footprint: Designator=C20_AC52 Old Footprint=1608[0603] New Footprint=0402
Change Component Footprint: Designator=C20_AC53 Old Footprint=1608[0603] New Footprint=0402
Change Component Footprint: Designator=C20_AC54 Old Footprint=1608[0603] New Footprint=0402
Change Component Footprint: Designator=C20_AC55 Old Footprint=1608[0603] New Footprint=0402
Change Component Footprint: Designator=C20_AC61 Old Footprint=1608[0603] New Footprint=0402
Change Component Footprint: Designator=C20_AC62 Old Footprint=1608[0603] New Footprint=0402
Change Component Footprint: Designator=C20_AC63 Old Footprint=1608[0603] New Footprint=0402
Change Component Footprint: Designator=C20_AC64 Old Footprint=1608[0603] New Footprint=0402
Change Component Footprint: Designator=C20_AC65 Old Footprint=1608[0603] New Footprint=0402
Change Component Footprint: Designator=C20_AC71 Old Footprint=1608[0603] New Footprint=0402
Change Component Footprint: Designator=C20_AC72 Old Footprint=1608[0603] New Footprint=0402
Change Component Footprint: Designator=C20_AC73 Old Footprint=1608[0603] New Footprint=0402
Change Component Footprint: Designator=C20_AC74 Old Footprint=1608[0603] New Footprint=0402
Change Component Footprint: Designator=C20_AC75 Old Footprint=1608[0603] New Footprint=0402
Change Component Footprint: Designator=C20_AC81 Old Footprint=1608[0603] New Footprint=0402
Change Component Footprint: Designator=C20_AC82 Old Footprint=1608[0603] New Footprint=0402
Change Component Footprint: Designator=C20_AC83 Old Footprint=1608[0603] New Footprint=0402
Change Component Footprint: Designator=C20_AC84 Old Footprint=1608[0603] New Footprint=0402
Change Component Footprint: Designator=C20_AC85 Old Footprint=1608[0603] New Footprint=0402
Change Component Footprint: Designator=C22 Old Footprint=1608[0603] New Footprint=0402
Change Component Footprint: Designator=C23 Old Footprint=1608[0603] New Footprint=0402
Change Component Footprint: Designator=C24 Old Footprint=1608[0603] New Footprint=0402
Change Component Footprint: Designator=C25_SD1 Old Footprint=1608[0603] New Footprint=0402
Change Component Footprint: Designator=C25_SD2 Old Footprint=1608[0603] New Footprint=0402
Change Component Footprint: Designator=C25_SD3 Old Footprint=1608[0603] New Footprint=0402
Change Component Footprint: Designator=C25_SD4 Old Footprint=1608[0603] New Footprint=0402
Change Component Footprint: Designator=C25_SD5 Old Footprint=1608[0603] New Footprint=0402
Change Component Footprint: Designator=C26_SD1 Old Footprint=1608[0603] New Footprint=0402
Change Component Footprint: Designator=C26_SD2 Old Footprint=1608[0603] New Footprint=0402
Change Component Footprint: Designator=C26_SD3 Old Footprint=1608[0603] New Footprint=0402
Change Component Footprint: Designator=C26_SD4 Old Footprint=1608[0603] New Footprint=0402
Change Component Footprint: Designator=C26_SD5 Old Footprint=1608[0603] New Footprint=0402
Change Component Footprint: Designator=C27_SD1 Old Footprint=1608[0603] New Footprint=0402
Change Component Footprint: Designator=C27_SD2 Old Footprint=1608[0603] New Footprint=0402
Change Component Footprint: Designator=C27_SD3 Old Footprint=1608[0603] New Footprint=0402
Change Component Footprint: Designator=C27_SD4 Old Footprint=1608[0603] New Footprint=0402
Change Component Footprint: Designator=C27_SD5 Old Footprint=1608[0603] New Footprint=0402
Change Component Footprint: Designator=C28_SD1 Old Footprint=1608[0603] New Footprint=0402
Change Component Footprint: Designator=C28_SD2 Old Footprint=1608[0603] New Footprint=0402
Change Component Footprint: Designator=C28_SD3 Old Footprint=1608[0603] New Footprint=0402
Change Component Footprint: Designator=C28_SD4 Old Footprint=1608[0603] New Footprint=0402
Change Component Footprint: Designator=C28_SD5 Old Footprint=1608[0603] New Footprint=0402
Change Component Footprint: Designator=C29_SD1 Old Footprint=1608[0603] New Footprint=0402
Change Component Footprint: Designator=C29_SD2 Old Footprint=1608[0603] New Footprint=0402
Change Component Footprint: Designator=C29_SD3 Old Footprint=1608[0603] New Footprint=0402
Change Component Footprint: Designator=C29_SD4 Old Footprint=1608[0603] New Footprint=0402
Change Component Footprint: Designator=C29_SD5 Old Footprint=1608[0603] New Footprint=0402
Change Component Footprint: Designator=C30_SD1 Old Footprint=1608[0603] New Footprint=0402
Change Component Footprint: Designator=C30_SD2 Old Footprint=1608[0603] New Footprint=0402
Change Component Footprint: Designator=C30_SD3 Old Footprint=1608[0603] New Footprint=0402
Change Component Footprint: Designator=C30_SD4 Old Footprint=1608[0603] New Footprint=0402
Change Component Footprint: Designator=C30_SD5 Old Footprint=1608[0603] New Footprint=0402
Change Component Footprint: Designator=C32_SD1 Old Footprint=1608[0603] New Footprint=0402
Change Component Footprint: Designator=C32_SD2 Old Footprint=1608[0603] New Footprint=0402
Change Component Footprint: Designator=C32_SD3 Old Footprint=1608[0603] New Footprint=0402
Change Component Footprint: Designator=C32_SD4 Old Footprint=1608[0603] New Footprint=0402
Change Component Footprint: Designator=C32_SD5 Old Footprint=1608[0603] New Footprint=0402
Change Component Footprint: Designator=C34_SD1 Old Footprint=1608[0603] New Footprint=0402
Change Component Footprint: Designator=C34_SD2 Old Footprint=1608[0603] New Footprint=0402
Change Component Footprint: Designator=C34_SD3 Old Footprint=1608[0603] New Footprint=0402
Change Component Footprint: Designator=C34_SD4 Old Footprint=1608[0603] New Footprint=0402
Change Component Footprint: Designator=C34_SD5 Old Footprint=1608[0603] New Footprint=0402
Change Component Footprint: Designator=C36_SD1 Old Footprint=1608[0603] New Footprint=0402
Change Component Footprint: Designator=C36_SD2 Old Footprint=1608[0603] New Footprint=0402
Change Component Footprint: Designator=C36_SD3 Old Footprint=1608[0603] New Footprint=0402
Change Component Footprint: Designator=C36_SD4 Old Footprint=1608[0603] New Footprint=0402
Change Component Footprint: Designator=C36_SD5 Old Footprint=1608[0603] New Footprint=0402
Change Component Footprint: Designator=C37 Old Footprint=1608[0603] New Footprint=0402
Change Component Footprint: Designator=C38 Old Footprint=1608[0603] New Footprint=0402
Change Component Footprint: Designator=C39 Old Footprint=1608[0603] New Footprint=0402
Change Component Footprint: Designator=C40 Old Footprint=1608[0603] New Footprint=0402
Change Component Footprint: Designator=C44_MUX_LED1 Old Footprint=1608[0603] New Footprint=0402
Change Component Footprint: Designator=C44_MUX_LED2 Old Footprint=1608[0603] New Footprint=0402
Change Component Footprint: Designator=C44_MUX_LED3 Old Footprint=1608[0603] New Footprint=0402
Change Component Footprint: Designator=C44_MUX_LED4 Old Footprint=1608[0603] New Footprint=0402
Change Component Footprint: Designator=C44_MUX_LED5 Old Footprint=1608[0603] New Footprint=0402
Change Component Footprint: Designator=C44_MUX_S1 Old Footprint=1608[0603] New Footprint=0402
Change Component Footprint: Designator=C44_MUX_S2 Old Footprint=1608[0603] New Footprint=0402
Change Component Footprint: Designator=C44_MUX_S3 Old Footprint=1608[0603] New Footprint=0402
Change Component Footprint: Designator=C44_MUX_S4 Old Footprint=1608[0603] New Footprint=0402
Change Component Footprint: Designator=C44_MUX_S5 Old Footprint=1608[0603] New Footprint=0402
Change Component Footprint: Designator=C46 Old Footprint=1608[0603] New Footprint=0402
Change Component Footprint: Designator=R3 Old Footprint=J1-0603 New Footprint=0402
Change Component Footprint: Designator=R4 Old Footprint=J1-0603 New Footprint=0402
Change Component Footprint: Designator=R6 Old Footprint=J1-0603 New Footprint=0402
Change Component Footprint: Designator=R7 Old Footprint=J1-0603 New Footprint=0402
Change Component Footprint: Designator=R8_AC11 Old Footprint=J1-0603 New Footprint=0402
Change Component Footprint: Designator=R8_AC12 Old Footprint=J1-0603 New Footprint=0402
Change Component Footprint: Designator=R8_AC13 Old Footprint=J1-0603 New Footprint=0402
Change Component Footprint: Designator=R8_AC14 Old Footprint=J1-0603 New Footprint=0402
Change Component Footprint: Designator=R8_AC15 Old Footprint=J1-0603 New Footprint=0402
Change Component Footprint: Designator=R8_AC21 Old Footprint=J1-0603 New Footprint=0402
Change Component Footprint: Designator=R8_AC22 Old Footprint=J1-0603 New Footprint=0402
Change Component Footprint: Designator=R8_AC23 Old Footprint=J1-0603 New Footprint=0402
Change Component Footprint: Designator=R8_AC24 Old Footprint=J1-0603 New Footprint=0402
Change Component Footprint: Designator=R8_AC25 Old Footprint=J1-0603 New Footprint=0402
Change Component Footprint: Designator=R8_AC31 Old Footprint=J1-0603 New Footprint=0402
Change Component Footprint: Designator=R8_AC32 Old Footprint=J1-0603 New Footprint=0402
Change Component Footprint: Designator=R8_AC33 Old Footprint=J1-0603 New Footprint=0402
Change Component Footprint: Designator=R8_AC34 Old Footprint=J1-0603 New Footprint=0402
Change Component Footprint: Designator=R8_AC35 Old Footprint=J1-0603 New Footprint=0402
Change Component Footprint: Designator=R8_AC41 Old Footprint=J1-0603 New Footprint=0402
Change Component Footprint: Designator=R8_AC42 Old Footprint=J1-0603 New Footprint=0402
Change Component Footprint: Designator=R8_AC43 Old Footprint=J1-0603 New Footprint=0402
Change Component Footprint: Designator=R8_AC44 Old Footprint=J1-0603 New Footprint=0402
Change Component Footprint: Designator=R8_AC45 Old Footprint=J1-0603 New Footprint=0402
Change Component Footprint: Designator=R8_AC51 Old Footprint=J1-0603 New Footprint=0402
Change Component Footprint: Designator=R8_AC52 Old Footprint=J1-0603 New Footprint=0402
Change Component Footprint: Designator=R8_AC53 Old Footprint=J1-0603 New Footprint=0402
Change Component Footprint: Designator=R8_AC54 Old Footprint=J1-0603 New Footprint=0402
Change Component Footprint: Designator=R8_AC55 Old Footprint=J1-0603 New Footprint=0402
Change Component Footprint: Designator=R8_AC61 Old Footprint=J1-0603 New Footprint=0402
Change Component Footprint: Designator=R8_AC62 Old Footprint=J1-0603 New Footprint=0402
Change Component Footprint: Designator=R8_AC63 Old Footprint=J1-0603 New Footprint=0402
Change Component Footprint: Designator=R8_AC64 Old Footprint=J1-0603 New Footprint=0402
Change Component Footprint: Designator=R8_AC65 Old Footprint=J1-0603 New Footprint=0402
Change Component Footprint: Designator=R8_AC71 Old Footprint=J1-0603 New Footprint=0402
Change Component Footprint: Designator=R8_AC72 Old Footprint=J1-0603 New Footprint=0402
Change Component Footprint: Designator=R8_AC73 Old Footprint=J1-0603 New Footprint=0402
Change Component Footprint: Designator=R8_AC74 Old Footprint=J1-0603 New Footprint=0402
Change Component Footprint: Designator=R8_AC75 Old Footprint=J1-0603 New Footprint=0402
Change Component Footprint: Designator=R8_AC81 Old Footprint=J1-0603 New Footprint=0402
Change Component Footprint: Designator=R8_AC82 Old Footprint=J1-0603 New Footprint=0402
Change Component Footprint: Designator=R8_AC83 Old Footprint=J1-0603 New Footprint=0402
Change Component Footprint: Designator=R8_AC84 Old Footprint=J1-0603 New Footprint=0402
Change Component Footprint: Designator=R8_AC85 Old Footprint=J1-0603 New Footprint=0402
Change Component Footprint: Designator=R12 Old Footprint=J1-0603 New Footprint=0402
Change Component Footprint: Designator=R13 Old Footprint=J1-0603 New Footprint=0402
Change Component Footprint: Designator=R14_SD1 Old Footprint=J1-0603 New Footprint=0402
Change Component Footprint: Designator=R14_SD2 Old Footprint=J1-0603 New Footprint=0402
Change Component Footprint: Designator=R14_SD3 Old Footprint=J1-0603 New Footprint=0402
Change Component Footprint: Designator=R14_SD4 Old Footprint=J1-0603 New Footprint=0402
Change Component Footprint: Designator=R14_SD5 Old Footprint=J1-0603 New Footprint=0402
Change Component Footprint: Designator=R15_SD1 Old Footprint=J1-0603 New Footprint=0402
Change Component Footprint: Designator=R15_SD2 Old Footprint=J1-0603 New Footprint=0402
Change Component Footprint: Designator=R15_SD3 Old Footprint=J1-0603 New Footprint=0402
Change Component Footprint: Designator=R15_SD4 Old Footprint=J1-0603 New Footprint=0402
Change Component Footprint: Designator=R15_SD5 Old Footprint=J1-0603 New Footprint=0402
Change Component Footprint: Designator=R16_SD1 Old Footprint=J1-0603 New Footprint=0402
Change Component Footprint: Designator=R16_SD2 Old Footprint=J1-0603 New Footprint=0402
Change Component Footprint: Designator=R16_SD3 Old Footprint=J1-0603 New Footprint=0402
Change Component Footprint: Designator=R16_SD4 Old Footprint=J1-0603 New Footprint=0402
Change Component Footprint: Designator=R16_SD5 Old Footprint=J1-0603 New Footprint=0402
Change Component Footprint: Designator=R17_SD1 Old Footprint=J1-0603 New Footprint=0402
Change Component Footprint: Designator=R17_SD2 Old Footprint=J1-0603 New Footprint=0402
Change Component Footprint: Designator=R17_SD3 Old Footprint=J1-0603 New Footprint=0402
Change Component Footprint: Designator=R17_SD4 Old Footprint=J1-0603 New Footprint=0402
Change Component Footprint: Designator=R17_SD5 Old Footprint=J1-0603 New Footprint=0402
Change Component Footprint: Designator=R18_SD1 Old Footprint=J1-0603 New Footprint=0402
Change Component Footprint: Designator=R18_SD2 Old Footprint=J1-0603 New Footprint=0402
Change Component Footprint: Designator=R18_SD3 Old Footprint=J1-0603 New Footprint=0402
Change Component Footprint: Designator=R18_SD4 Old Footprint=J1-0603 New Footprint=0402
Change Component Footprint: Designator=R18_SD5 Old Footprint=J1-0603 New Footprint=0402
Change Component Footprint: Designator=R19_SD1 Old Footprint=J1-0603 New Footprint=0402
Change Component Footprint: Designator=R19_SD2 Old Footprint=J1-0603 New Footprint=0402
Change Component Footprint: Designator=R19_SD3 Old Footprint=J1-0603 New Footprint=0402
Change Component Footprint: Designator=R19_SD4 Old Footprint=J1-0603 New Footprint=0402
Change Component Footprint: Designator=R19_SD5 Old Footprint=J1-0603 New Footprint=0402
Change Component Footprint: Designator=R20 Old Footprint=J1-0603 New Footprint=0402
Change Component Footprint: Designator=R21 Old Footprint=J1-0603 New Footprint=0402
Change Component Footprint: Designator=R22 Old Footprint=J1-0603 New Footprint=0402
Change Component Footprint: Designator=R23 Old Footprint=J1-0603 New Footprint=0402
Change Component Footprint: Designator=R24 Old Footprint=J1-0603 New Footprint=0402
Change Component Footprint: Designator=R27_MUX_LED1 Old Footprint=J1-0603 New Footprint=0402
Change Component Footprint: Designator=R27_MUX_LED2 Old Footprint=J1-0603 New Footprint=0402
Change Component Footprint: Designator=R27_MUX_LED3 Old Footprint=J1-0603 New Footprint=0402
Change Component Footprint: Designator=R27_MUX_LED4 Old Footprint=J1-0603 New Footprint=0402
Change Component Footprint: Designator=R27_MUX_LED5 Old Footprint=J1-0603 New Footprint=0402
Change Component Footprint: Designator=R27_MUX_S1 Old Footprint=J1-0603 New Footprint=0402
Change Component Footprint: Designator=R27_MUX_S2 Old Footprint=J1-0603 New Footprint=0402
Change Component Footprint: Designator=R27_MUX_S3 Old Footprint=J1-0603 New Footprint=0402
Change Component Footprint: Designator=R27_MUX_S4 Old Footprint=J1-0603 New Footprint=0402
Change Component Footprint: Designator=R27_MUX_S5 Old Footprint=J1-0603 New Footprint=0402
Change Component Footprint: Designator=R28 Old Footprint=J1-0603 New Footprint=0402
Change Component Footprint: Designator=R30 Old Footprint=J1-0603 New Footprint=0402
Change Component Footprint: Designator=R33 Old Footprint=J1-0603 New Footprint=0402
Change Component Footprint: Designator=R34 Old Footprint=J1-0603 New Footprint=0402
