Removed Pin From Net: NetName=GND Pin=C20_AC35-1
Removed Pin From Net: NetName=3V Pin=C20_AC35-2
Removed Pin From Net: NetName=GND Pin=C20_AC45-1
Removed Pin From Net: NetName=3V Pin=C20_AC45-2
Removed Pin From Net: NetName=GND Pin=C20_AC55-1
Removed Pin From Net: NetName=3V Pin=C20_AC55-2
Removed Pin From Net: NetName=GND Pin=C20_AC65-1
Removed Pin From Net: NetName=3V Pin=C20_AC65-2
Removed Pin From Net: NetName=GND Pin=C20_AC75-1
Removed Pin From Net: NetName=3V Pin=C20_AC75-2
Removed Pin From Net: NetName=GND Pin=C20_AC85-1
Removed Pin From Net: NetName=3V Pin=C20_AC85-2
Removed Pin From Net: NetName=GND Pin=C21_AC35-1
Removed Pin From Net: NetName=3V Pin=C21_AC35-2
Removed Pin From Net: NetName=GND Pin=C21_AC45-1
Removed Pin From Net: NetName=3V Pin=C21_AC45-2
Removed Pin From Net: NetName=GND Pin=C21_AC55-1
Removed Pin From Net: NetName=3V Pin=C21_AC55-2
Removed Pin From Net: NetName=GND Pin=C21_AC65-1
Removed Pin From Net: NetName=3V Pin=C21_AC65-2
Removed Pin From Net: NetName=GND Pin=C21_AC75-1
Removed Pin From Net: NetName=3V Pin=C21_AC75-2
Removed Pin From Net: NetName=GND Pin=C21_AC85-1
Removed Pin From Net: NetName=3V Pin=C21_AC85-2
Removed Pin From Net: NetName=GND Pin=C25_SD5-2
Removed Pin From Net: NetName=GND Pin=C26_SD5-2
Removed Pin From Net: NetName=GND Pin=C28_SD5-1
Removed Pin From Net: NetName=GND Pin=C29_SD5-1
Removed Pin From Net: NetName=3V Pin=C29_SD5-2
Removed Pin From Net: NetName=GND Pin=C30_SD5-1
Removed Pin From Net: NetName=3V Pin=C31_SD5-1
Removed Pin From Net: NetName=GND Pin=C31_SD5-2
Removed Pin From Net: NetName=GND Pin=C32_SD5-1
Removed Pin From Net: NetName=3V Pin=C32_SD5-2
Removed Pin From Net: NetName=GND Pin=C33_SD5-1
Removed Pin From Net: NetName=3V Pin=C33_SD5-2
Removed Pin From Net: NetName=GND Pin=C34_SD5-1
Removed Pin From Net: NetName=3V Pin=C34_SD5-2
Removed Pin From Net: NetName=GND Pin=C35_SD5-1
Removed Pin From Net: NetName=3V Pin=C35_SD5-2
Removed Pin From Net: NetName=GND Pin=C36_SD5-1
Removed Pin From Net: NetName=3V Pin=C36_SD5-2
Removed Pin From Net: NetName=GND Pin=D1_AC35-2
Removed Pin From Net: NetName=GND Pin=D1_AC45-2
Removed Pin From Net: NetName=GND Pin=D1_AC55-2
Removed Pin From Net: NetName=GND Pin=D1_AC65-2
Removed Pin From Net: NetName=GND Pin=D1_AC75-2
Removed Pin From Net: NetName=GND Pin=D1_AC85-2
Removed Pin From Net: NetName=GND Pin=D2_AC35-1
Removed Pin From Net: NetName=GND Pin=D2_AC45-1
Removed Pin From Net: NetName=GND Pin=D2_AC55-1
Removed Pin From Net: NetName=GND Pin=D2_AC65-1
Removed Pin From Net: NetName=GND Pin=D2_AC75-1
Removed Pin From Net: NetName=GND Pin=D2_AC85-1
Removed Pin From Net: NetName=NetR14_SD1_2 Pin=R14_SD5-2
Removed Pin From Net: NetName=3V Pin=R15_SD5-2
Removed Pin From Net: NetName=3V Pin=R17_SD5-2
Removed Pin From Net: NetName=3V Pin=R18_SD5-2
Removed Pin From Net: NetName=GND Pin=R19_SD5-1
Removed Pin From Net: NetName=GND Pin=U4_AC35-2
Removed Pin From Net: NetName=GND Pin=U4_AC35-3
Removed Pin From Net: NetName=3V Pin=U4_AC35-5
Removed Pin From Net: NetName=GND Pin=U4_AC45-2
Removed Pin From Net: NetName=GND Pin=U4_AC45-3
Removed Pin From Net: NetName=3V Pin=U4_AC45-5
Removed Pin From Net: NetName=GND Pin=U4_AC55-2
Removed Pin From Net: NetName=GND Pin=U4_AC55-3
Removed Pin From Net: NetName=3V Pin=U4_AC55-5
Removed Pin From Net: NetName=GND Pin=U4_AC65-2
Removed Pin From Net: NetName=GND Pin=U4_AC65-3
Removed Pin From Net: NetName=3V Pin=U4_AC65-5
Removed Pin From Net: NetName=GND Pin=U4_AC75-2
Removed Pin From Net: NetName=GND Pin=U4_AC75-3
Removed Pin From Net: NetName=3V Pin=U4_AC75-5
Removed Pin From Net: NetName=GND Pin=U4_AC85-2
Removed Pin From Net: NetName=GND Pin=U4_AC85-3
Removed Pin From Net: NetName=3V Pin=U4_AC85-5
Removed Pin From Net: NetName=NetR32_8 Pin=U6_SD5-2
Removed Pin From Net: NetName=GND Pin=U6_SD5-5
Removed Pin From Net: NetName=NetR7_1 Pin=U6_SD5-10
Removed Pin From Net: NetName=NetR6_1 Pin=U6_SD5-11
Removed Pin From Net: NetName=3V Pin=U6_SD5-12
Removed Pin From Net: NetName=MOSI Pin=U6_SD5-14
Removed Pin From Net: NetName=SCK Pin=U6_SD5-15
Removed Pin From Net: NetName=GND Pin=U7_SD5-1
Removed Pin From Net: NetName=GND Pin=U7_SD5-5
Removed Pin From Net: NetName=3V Pin=U7_SD5-8
Removed Pin From Net: NetName=GND Pin=U8_SD5-2
Removed Pin From Net: NetName=3V Pin=U8_SD5-5
Removed Pin From Net: NetName=GND Pin=U9_SD5-2
Removed Pin From Net: NetName=3V Pin=U9_SD5-5
Removed Member From Class: ClassName=SD5 Member=C25_SD5
Removed Member From Class: ClassName=SD5 Member=C26_SD5
Removed Member From Class: ClassName=SD5 Member=C27_SD5
Removed Member From Class: ClassName=SD5 Member=C28_SD5
Removed Member From Class: ClassName=SD5 Member=C29_SD5
Removed Member From Class: ClassName=SD5 Member=C30_SD5
Removed Member From Class: ClassName=SD5 Member=C31_SD5
Removed Member From Class: ClassName=SD5 Member=C32_SD5
Removed Member From Class: ClassName=SD5 Member=C33_SD5
Removed Member From Class: ClassName=SD5 Member=C34_SD5
Removed Member From Class: ClassName=SD5 Member=C35_SD5
Removed Member From Class: ClassName=SD5 Member=C36_SD5
Removed Member From Class: ClassName=SD5 Member=R9_SD5
Removed Member From Class: ClassName=SD5 Member=R14_SD5
Removed Member From Class: ClassName=SD5 Member=R15_SD5
Removed Member From Class: ClassName=SD5 Member=R16_SD5
Removed Member From Class: ClassName=SD5 Member=R17_SD5
Removed Member From Class: ClassName=SD5 Member=R18_SD5
Removed Member From Class: ClassName=SD5 Member=R19_SD5
Removed Member From Class: ClassName=SD5 Member=U6_SD5
Removed Member From Class: ClassName=SD5 Member=U7_SD5
Removed Member From Class: ClassName=SD5 Member=U8_SD5
Removed Member From Class: ClassName=SD5 Member=U9_SD5
Removed Member From Class: ClassName=SD5 Member=Y1_SD5
Change Component Designator: OldDesignator=C22 NewDesignator=C62
Change Component Designator: OldDesignator=C23 NewDesignator=C63
Change Component Designator: OldDesignator=C24 NewDesignator=C64
Change Component Designator: OldDesignator=R12 NewDesignator=R46
Change Component Designator: OldDesignator=R13 NewDesignator=R47
Change Component Designator: OldDesignator=U5 NewDesignator=U19
Added Component: Designator=C18(0402)
Add component. Clean all parameters for all variants
Add component (AddParameter): Name = "LatestRevisionDate"; Value = "29-May-2009"; VariantName = "[No Variations]"
Add component (AddParameter): Name = "LatestRevisionNote"; Value = "IPC-7351 Footprint Added."; VariantName = "[No Variations]"
Add component (AddParameter): Name = "PackageDescription"; Value = "Chip Capacitor"; VariantName = "[No Variations]"
Add component (AddParameter): Name = "PackageReference"; Value = "C1206"; VariantName = "[No Variations]"
Add component (AddParameter): Name = "Published"; Value = "8-Jun-2000"; VariantName = "[No Variations]"
Add component (AddParameter): Name = "Publisher"; Value = "Altium Limited"; VariantName = "[No Variations]"
Add component (AddParameter): Name = "Supplier"; Value = "Digi-Key"; VariantName = "[No Variations]"
Add component (AddParameter): Name = "Value"; Value = "1pF"; VariantName = "[No Variations]"
Added Component: Designator=C19(0402)
Add component. Clean all parameters for all variants
Add component (AddParameter): Name = "LatestRevisionDate"; Value = "29-May-2009"; VariantName = "[No Variations]"
Add component (AddParameter): Name = "LatestRevisionNote"; Value = "IPC-7351 Footprint Added."; VariantName = "[No Variations]"
Add component (AddParameter): Name = "PackageDescription"; Value = "Chip Capacitor"; VariantName = "[No Variations]"
Add component (AddParameter): Name = "PackageReference"; Value = "C1206"; VariantName = "[No Variations]"
Add component (AddParameter): Name = "Published"; Value = "8-Jun-2000"; VariantName = "[No Variations]"
Add component (AddParameter): Name = "Publisher"; Value = "Altium Limited"; VariantName = "[No Variations]"
Add component (AddParameter): Name = "Supplier"; Value = "Digi-Key"; VariantName = "[No Variations]"
Add component (AddParameter): Name = "Value"; Value = "0.1uF"; VariantName = "[No Variations]"
Added Component: Designator=C22(1608[0603])
Add component. Clean all parameters for all variants
Add component (AddParameter): Name = "LatestRevisionDate"; Value = "29-May-2009"; VariantName = "[No Variations]"
Add component (AddParameter): Name = "LatestRevisionNote"; Value = "IPC-7351 Footprint Added."; VariantName = "[No Variations]"
Add component (AddParameter): Name = "PackageDescription"; Value = "Chip Capacitor"; VariantName = "[No Variations]"
Add component (AddParameter): Name = "PackageReference"; Value = "C1206"; VariantName = "[No Variations]"
Add component (AddParameter): Name = "Published"; Value = "8-Jun-2000"; VariantName = "[No Variations]"
Add component (AddParameter): Name = "Publisher"; Value = "Altium Limited"; VariantName = "[No Variations]"
Add component (AddParameter): Name = "Supplier"; Value = "Digi-Key"; VariantName = "[No Variations]"
Add component (AddParameter): Name = "Value"; Value = "1uF"; VariantName = "[No Variations]"
Added Component: Designator=C23(0402)
Add component. Clean all parameters for all variants
Add component (AddParameter): Name = "LatestRevisionDate"; Value = "29-May-2009"; VariantName = "[No Variations]"
Add component (AddParameter): Name = "LatestRevisionNote"; Value = "IPC-7351 Footprint Added."; VariantName = "[No Variations]"
Add component (AddParameter): Name = "PackageDescription"; Value = "Chip Capacitor"; VariantName = "[No Variations]"
Add component (AddParameter): Name = "PackageReference"; Value = "C1206"; VariantName = "[No Variations]"
Add component (AddParameter): Name = "Published"; Value = "8-Jun-2000"; VariantName = "[No Variations]"
Add component (AddParameter): Name = "Publisher"; Value = "Altium Limited"; VariantName = "[No Variations]"
Add component (AddParameter): Name = "Supplier"; Value = "Digi-Key"; VariantName = "[No Variations]"
Add component (AddParameter): Name = "Value"; Value = "0.1uF"; VariantName = "[No Variations]"
Added Component: Designator=C24(1608[0603])
Add component. Clean all parameters for all variants
Add component (AddParameter): Name = "LatestRevisionDate"; Value = "29-May-2009"; VariantName = "[No Variations]"
Add component (AddParameter): Name = "LatestRevisionNote"; Value = "IPC-7351 Footprint Added."; VariantName = "[No Variations]"
Add component (AddParameter): Name = "PackageDescription"; Value = "Chip Capacitor"; VariantName = "[No Variations]"
Add component (AddParameter): Name = "PackageReference"; Value = "C1206"; VariantName = "[No Variations]"
Add component (AddParameter): Name = "Published"; Value = "8-Jun-2000"; VariantName = "[No Variations]"
Add component (AddParameter): Name = "Publisher"; Value = "Altium Limited"; VariantName = "[No Variations]"
Add component (AddParameter): Name = "Supplier"; Value = "Digi-Key"; VariantName = "[No Variations]"
Add component (AddParameter): Name = "Value"; Value = "1uF"; VariantName = "[No Variations]"
Added Component: Designator=C50(0402)
Add component. Clean all parameters for all variants
Add component (AddParameter): Name = "LatestRevisionDate"; Value = "29-May-2009"; VariantName = "[No Variations]"
Add component (AddParameter): Name = "LatestRevisionNote"; Value = "IPC-7351 Footprint Added."; VariantName = "[No Variations]"
Add component (AddParameter): Name = "PackageDescription"; Value = "Chip Capacitor"; VariantName = "[No Variations]"
Add component (AddParameter): Name = "PackageReference"; Value = "C1206"; VariantName = "[No Variations]"
Add component (AddParameter): Name = "Published"; Value = "8-Jun-2000"; VariantName = "[No Variations]"
Add component (AddParameter): Name = "Publisher"; Value = "Altium Limited"; VariantName = "[No Variations]"
Add component (AddParameter): Name = "Supplier"; Value = "Digi-Key"; VariantName = "[No Variations]"
Add component (AddParameter): Name = "Value"; Value = "2pF"; VariantName = "[No Variations]"
Added Component: Designator=C51(0402)
Add component. Clean all parameters for all variants
Add component (AddParameter): Name = "LatestRevisionDate"; Value = "29-May-2009"; VariantName = "[No Variations]"
Add component (AddParameter): Name = "LatestRevisionNote"; Value = "IPC-7351 Footprint Added."; VariantName = "[No Variations]"
Add component (AddParameter): Name = "PackageDescription"; Value = "Chip Capacitor"; VariantName = "[No Variations]"
Add component (AddParameter): Name = "PackageReference"; Value = "C1206"; VariantName = "[No Variations]"
Add component (AddParameter): Name = "Published"; Value = "8-Jun-2000"; VariantName = "[No Variations]"
Add component (AddParameter): Name = "Publisher"; Value = "Altium Limited"; VariantName = "[No Variations]"
Add component (AddParameter): Name = "Supplier"; Value = "Digi-Key"; VariantName = "[No Variations]"
Add component (AddParameter): Name = "Value"; Value = "2pF"; VariantName = "[No Variations]"
Added Component: Designator=C52(0402)
Add component. Clean all parameters for all variants
Add component (AddParameter): Name = "LatestRevisionDate"; Value = "29-May-2009"; VariantName = "[No Variations]"
Add component (AddParameter): Name = "LatestRevisionNote"; Value = "IPC-7351 Footprint Added."; VariantName = "[No Variations]"
Add component (AddParameter): Name = "PackageDescription"; Value = "Chip Capacitor"; VariantName = "[No Variations]"
Add component (AddParameter): Name = "PackageReference"; Value = "C1206"; VariantName = "[No Variations]"
Add component (AddParameter): Name = "Published"; Value = "8-Jun-2000"; VariantName = "[No Variations]"
Add component (AddParameter): Name = "Publisher"; Value = "Altium Limited"; VariantName = "[No Variations]"
Add component (AddParameter): Name = "Supplier"; Value = "Digi-Key"; VariantName = "[No Variations]"
Add component (AddParameter): Name = "Value"; Value = "0.1uF"; VariantName = "[No Variations]"
Added Component: Designator=C53(0402)
Add component. Clean all parameters for all variants
Add component (AddParameter): Name = "LatestRevisionDate"; Value = "29-May-2009"; VariantName = "[No Variations]"
Add component (AddParameter): Name = "LatestRevisionNote"; Value = "IPC-7351 Footprint Added."; VariantName = "[No Variations]"
Add component (AddParameter): Name = "PackageDescription"; Value = "Chip Capacitor"; VariantName = "[No Variations]"
Add component (AddParameter): Name = "PackageReference"; Value = "C1206"; VariantName = "[No Variations]"
Add component (AddParameter): Name = "Published"; Value = "8-Jun-2000"; VariantName = "[No Variations]"
Add component (AddParameter): Name = "Publisher"; Value = "Altium Limited"; VariantName = "[No Variations]"
Add component (AddParameter): Name = "Supplier"; Value = "Digi-Key"; VariantName = "[No Variations]"
Add component (AddParameter): Name = "Value"; Value = "0.1uF"; VariantName = "[No Variations]"
Added Component: Designator=C54(0402)
Add component. Clean all parameters for all variants
Add component (AddParameter): Name = "LatestRevisionDate"; Value = "29-May-2009"; VariantName = "[No Variations]"
Add component (AddParameter): Name = "LatestRevisionNote"; Value = "IPC-7351 Footprint Added."; VariantName = "[No Variations]"
Add component (AddParameter): Name = "PackageDescription"; Value = "Chip Capacitor"; VariantName = "[No Variations]"
Add component (AddParameter): Name = "PackageReference"; Value = "C1206"; VariantName = "[No Variations]"
Add component (AddParameter): Name = "Published"; Value = "8-Jun-2000"; VariantName = "[No Variations]"
Add component (AddParameter): Name = "Publisher"; Value = "Altium Limited"; VariantName = "[No Variations]"
Add component (AddParameter): Name = "Supplier"; Value = "Digi-Key"; VariantName = "[No Variations]"
Add component (AddParameter): Name = "Value"; Value = "0.1uF"; VariantName = "[No Variations]"
Added Component: Designator=C55(0402)
Add component. Clean all parameters for all variants
Add component (AddParameter): Name = "LatestRevisionDate"; Value = "29-May-2009"; VariantName = "[No Variations]"
Add component (AddParameter): Name = "LatestRevisionNote"; Value = "IPC-7351 Footprint Added."; VariantName = "[No Variations]"
Add component (AddParameter): Name = "PackageDescription"; Value = "Chip Capacitor"; VariantName = "[No Variations]"
Add component (AddParameter): Name = "PackageReference"; Value = "C1206"; VariantName = "[No Variations]"
Add component (AddParameter): Name = "Published"; Value = "8-Jun-2000"; VariantName = "[No Variations]"
Add component (AddParameter): Name = "Publisher"; Value = "Altium Limited"; VariantName = "[No Variations]"
Add component (AddParameter): Name = "Supplier"; Value = "Digi-Key"; VariantName = "[No Variations]"
Add component (AddParameter): Name = "Value"; Value = "0.1uF"; VariantName = "[No Variations]"
Added Component: Designator=C56(1608[0603])
Add component. Clean all parameters for all variants
Add component (AddParameter): Name = "LatestRevisionDate"; Value = "29-May-2009"; VariantName = "[No Variations]"
Add component (AddParameter): Name = "LatestRevisionNote"; Value = "IPC-7351 Footprint Added."; VariantName = "[No Variations]"
Add component (AddParameter): Name = "PackageDescription"; Value = "Chip Capacitor"; VariantName = "[No Variations]"
Add component (AddParameter): Name = "PackageReference"; Value = "C1206"; VariantName = "[No Variations]"
Add component (AddParameter): Name = "Published"; Value = "8-Jun-2000"; VariantName = "[No Variations]"
Add component (AddParameter): Name = "Publisher"; Value = "Altium Limited"; VariantName = "[No Variations]"
Add component (AddParameter): Name = "Supplier"; Value = "Digi-Key"; VariantName = "[No Variations]"
Add component (AddParameter): Name = "Value"; Value = "10uF"; VariantName = "[No Variations]"
Added Component: Designator=C57(0402)
Add component. Clean all parameters for all variants
Add component (AddParameter): Name = "LatestRevisionDate"; Value = "29-May-2009"; VariantName = "[No Variations]"
Add component (AddParameter): Name = "LatestRevisionNote"; Value = "IPC-7351 Footprint Added."; VariantName = "[No Variations]"
Add component (AddParameter): Name = "PackageDescription"; Value = "Chip Capacitor"; VariantName = "[No Variations]"
Add component (AddParameter): Name = "PackageReference"; Value = "C1206"; VariantName = "[No Variations]"
Add component (AddParameter): Name = "Published"; Value = "8-Jun-2000"; VariantName = "[No Variations]"
Add component (AddParameter): Name = "Publisher"; Value = "Altium Limited"; VariantName = "[No Variations]"
Add component (AddParameter): Name = "Supplier"; Value = "Digi-Key"; VariantName = "[No Variations]"
Add component (AddParameter): Name = "Value"; Value = "0.1uF"; VariantName = "[No Variations]"
Added Component: Designator=C58(1608[0603])
Add component. Clean all parameters for all variants
Add component (AddParameter): Name = "LatestRevisionDate"; Value = "29-May-2009"; VariantName = "[No Variations]"
Add component (AddParameter): Name = "LatestRevisionNote"; Value = "IPC-7351 Footprint Added."; VariantName = "[No Variations]"
Add component (AddParameter): Name = "PackageDescription"; Value = "Chip Capacitor"; VariantName = "[No Variations]"
Add component (AddParameter): Name = "PackageReference"; Value = "C1206"; VariantName = "[No Variations]"
Add component (AddParameter): Name = "Published"; Value = "8-Jun-2000"; VariantName = "[No Variations]"
Add component (AddParameter): Name = "Publisher"; Value = "Altium Limited"; VariantName = "[No Variations]"
Add component (AddParameter): Name = "Supplier"; Value = "Digi-Key"; VariantName = "[No Variations]"
Add component (AddParameter): Name = "Value"; Value = "10uF"; VariantName = "[No Variations]"
Added Component: Designator=C59(0402)
Add component. Clean all parameters for all variants
Add component (AddParameter): Name = "LatestRevisionDate"; Value = "29-May-2009"; VariantName = "[No Variations]"
Add component (AddParameter): Name = "LatestRevisionNote"; Value = "IPC-7351 Footprint Added."; VariantName = "[No Variations]"
Add component (AddParameter): Name = "PackageDescription"; Value = "Chip Capacitor"; VariantName = "[No Variations]"
Add component (AddParameter): Name = "PackageReference"; Value = "C1206"; VariantName = "[No Variations]"
Add component (AddParameter): Name = "Published"; Value = "8-Jun-2000"; VariantName = "[No Variations]"
Add component (AddParameter): Name = "Publisher"; Value = "Altium Limited"; VariantName = "[No Variations]"
Add component (AddParameter): Name = "Supplier"; Value = "Digi-Key"; VariantName = "[No Variations]"
Add component (AddParameter): Name = "Value"; Value = "0.1uF"; VariantName = "[No Variations]"
Added Component: Designator=C60(1608[0603])
Add component. Clean all parameters for all variants
Add component (AddParameter): Name = "LatestRevisionDate"; Value = "29-May-2009"; VariantName = "[No Variations]"
Add component (AddParameter): Name = "LatestRevisionNote"; Value = "IPC-7351 Footprint Added."; VariantName = "[No Variations]"
Add component (AddParameter): Name = "PackageDescription"; Value = "Chip Capacitor"; VariantName = "[No Variations]"
Add component (AddParameter): Name = "PackageReference"; Value = "C1206"; VariantName = "[No Variations]"
Add component (AddParameter): Name = "Published"; Value = "8-Jun-2000"; VariantName = "[No Variations]"
Add component (AddParameter): Name = "Publisher"; Value = "Altium Limited"; VariantName = "[No Variations]"
Add component (AddParameter): Name = "Supplier"; Value = "Digi-Key"; VariantName = "[No Variations]"
Add component (AddParameter): Name = "Value"; Value = "10uF"; VariantName = "[No Variations]"
Added Component: Designator=C61(0402)
Add component. Clean all parameters for all variants
Add component (AddParameter): Name = "LatestRevisionDate"; Value = "29-May-2009"; VariantName = "[No Variations]"
Add component (AddParameter): Name = "LatestRevisionNote"; Value = "IPC-7351 Footprint Added."; VariantName = "[No Variations]"
Add component (AddParameter): Name = "PackageDescription"; Value = "Chip Capacitor"; VariantName = "[No Variations]"
Add component (AddParameter): Name = "PackageReference"; Value = "C1206"; VariantName = "[No Variations]"
Add component (AddParameter): Name = "Published"; Value = "8-Jun-2000"; VariantName = "[No Variations]"
Add component (AddParameter): Name = "Publisher"; Value = "Altium Limited"; VariantName = "[No Variations]"
Add component (AddParameter): Name = "Supplier"; Value = "Digi-Key"; VariantName = "[No Variations]"
Add component (AddParameter): Name = "Value"; Value = "0.1uF"; VariantName = "[No Variations]"
Added Component: Designator=J1(MCX5.08-H5)
Add component. Clean all parameters for all variants
Add component (AddParameter): Name = "ComponentLink1Description"; Value = "Manufacturer Link"; VariantName = "[No Variations]"
Add component (AddParameter): Name = "ComponentLink1URL"; Value = "http://www.amphenolrf.com/"; VariantName = "[No Variations]"
Add component (AddParameter): Name = "DatasheetDocument"; Value = "30-May-2003"; VariantName = "[No Variations]"
Add component (AddParameter): Name = "DrillSize"; Value = "Corresponds to nominal value."; VariantName = "[No Variations]"
Add component (AddParameter): Name = "LatestRevisionDate"; Value = "15-Jul-2004"; VariantName = "[No Variations]"
Add component (AddParameter): Name = "LatestRevisionNote"; Value = "Component Replaced."; VariantName = "[No Variations]"
Add component (AddParameter): Name = "PackageDocument"; Value = "04-Jul-1999"; VariantName = "[No Variations]"
Add component (AddParameter): Name = "PackageReference"; Value = "919-119J-51AX"; VariantName = "[No Variations]"
Add component (AddParameter): Name = "PCB_Layout"; Value = "Complies with manufacturer's recommendation."; VariantName = "[No Variations]"
Add component (AddParameter): Name = "Published"; Value = "15-Jul-2004"; VariantName = "[No Variations]"
Add component (AddParameter): Name = "Publisher"; Value = "Altium Limited"; VariantName = "[No Variations]"
Added Component: Designator=J2(MCX5.08-H5)
Add component. Clean all parameters for all variants
Add component (AddParameter): Name = "ComponentLink1Description"; Value = "Manufacturer Link"; VariantName = "[No Variations]"
Add component (AddParameter): Name = "ComponentLink1URL"; Value = "http://www.amphenolrf.com/"; VariantName = "[No Variations]"
Add component (AddParameter): Name = "DatasheetDocument"; Value = "30-May-2003"; VariantName = "[No Variations]"
Add component (AddParameter): Name = "DrillSize"; Value = "Corresponds to nominal value."; VariantName = "[No Variations]"
Add component (AddParameter): Name = "LatestRevisionDate"; Value = "15-Jul-2004"; VariantName = "[No Variations]"
Add component (AddParameter): Name = "LatestRevisionNote"; Value = "Component Replaced."; VariantName = "[No Variations]"
Add component (AddParameter): Name = "PackageDocument"; Value = "04-Jul-1999"; VariantName = "[No Variations]"
Add component (AddParameter): Name = "PackageReference"; Value = "919-119J-51AX"; VariantName = "[No Variations]"
Add component (AddParameter): Name = "PCB_Layout"; Value = "Complies with manufacturer's recommendation."; VariantName = "[No Variations]"
Add component (AddParameter): Name = "Published"; Value = "15-Jul-2004"; VariantName = "[No Variations]"
Add component (AddParameter): Name = "Publisher"; Value = "Altium Limited"; VariantName = "[No Variations]"
Added Component: Designator=R13(J1-0603)
Add component. Clean all parameters for all variants
Add component (AddParameter): Name = "LatestRevisionDate"; Value = "29-May-2009"; VariantName = "[No Variations]"
Add component (AddParameter): Name = "LatestRevisionNote"; Value = "IPC-7351 Footprint Added."; VariantName = "[No Variations]"
Add component (AddParameter): Name = "PackageDescription"; Value = "Chip Resistor"; VariantName = "[No Variations]"
Add component (AddParameter): Name = "PackageReference"; Value = "J1-0603"; VariantName = "[No Variations]"
Add component (AddParameter): Name = "Published"; Value = "8-Jun-2000"; VariantName = "[No Variations]"
Add component (AddParameter): Name = "Publisher"; Value = "Altium Limited"; VariantName = "[No Variations]"
Add component (AddParameter): Name = "Value"; Value = "1Ohm"; VariantName = "[No Variations]"
Added Component: Designator=R35(0402)
Add component. Clean all parameters for all variants
Add component (AddParameter): Name = "LatestRevisionDate"; Value = "29-May-2009"; VariantName = "[No Variations]"
Add component (AddParameter): Name = "LatestRevisionNote"; Value = "IPC-7351 Footprint Added."; VariantName = "[No Variations]"
Add component (AddParameter): Name = "PackageDescription"; Value = "Chip Resistor"; VariantName = "[No Variations]"
Add component (AddParameter): Name = "PackageReference"; Value = "J1-0603"; VariantName = "[No Variations]"
Add component (AddParameter): Name = "Published"; Value = "8-Jun-2000"; VariantName = "[No Variations]"
Add component (AddParameter): Name = "Publisher"; Value = "Altium Limited"; VariantName = "[No Variations]"
Add component (AddParameter): Name = "Value"; Value = "1M"; VariantName = "[No Variations]"
Added Component: Designator=R36(0402)
Add component. Clean all parameters for all variants
Add component (AddParameter): Name = "LatestRevisionDate"; Value = "29-May-2009"; VariantName = "[No Variations]"
Add component (AddParameter): Name = "LatestRevisionNote"; Value = "IPC-7351 Footprint Added."; VariantName = "[No Variations]"
Add component (AddParameter): Name = "PackageDescription"; Value = "Chip Resistor"; VariantName = "[No Variations]"
Add component (AddParameter): Name = "PackageReference"; Value = "J1-0603"; VariantName = "[No Variations]"
Add component (AddParameter): Name = "Published"; Value = "8-Jun-2000"; VariantName = "[No Variations]"
Add component (AddParameter): Name = "Publisher"; Value = "Altium Limited"; VariantName = "[No Variations]"
Add component (AddParameter): Name = "Value"; Value = "100"; VariantName = "[No Variations]"
Added Component: Designator=R37(0402)
Add component. Clean all parameters for all variants
Add component (AddParameter): Name = "LatestRevisionDate"; Value = "29-May-2009"; VariantName = "[No Variations]"
Add component (AddParameter): Name = "LatestRevisionNote"; Value = "IPC-7351 Footprint Added."; VariantName = "[No Variations]"
Add component (AddParameter): Name = "PackageDescription"; Value = "Chip Resistor"; VariantName = "[No Variations]"
Add component (AddParameter): Name = "PackageReference"; Value = "J1-0603"; VariantName = "[No Variations]"
Add component (AddParameter): Name = "Published"; Value = "8-Jun-2000"; VariantName = "[No Variations]"
Add component (AddParameter): Name = "Publisher"; Value = "Altium Limited"; VariantName = "[No Variations]"
Add component (AddParameter): Name = "Value"; Value = "1M"; VariantName = "[No Variations]"
Added Component: Designator=R38(14-1210)
Add component. Clean all parameters for all variants
Add component (AddParameter): Name = "LatestRevisionDate"; Value = "29-May-2009"; VariantName = "[No Variations]"
Add component (AddParameter): Name = "LatestRevisionNote"; Value = "IPC-7351 Footprint Added."; VariantName = "[No Variations]"
Add component (AddParameter): Name = "PackageDescription"; Value = "Chip Resistor"; VariantName = "[No Variations]"
Add component (AddParameter): Name = "PackageReference"; Value = "J1-0603"; VariantName = "[No Variations]"
Add component (AddParameter): Name = "Published"; Value = "8-Jun-2000"; VariantName = "[No Variations]"
Add component (AddParameter): Name = "Publisher"; Value = "Altium Limited"; VariantName = "[No Variations]"
Add component (AddParameter): Name = "Value"; Value = "1m"; VariantName = "[No Variations]"
Added Component: Designator=R39(0402)
Add component. Clean all parameters for all variants
Add component (AddParameter): Name = "LatestRevisionDate"; Value = "29-May-2009"; VariantName = "[No Variations]"
Add component (AddParameter): Name = "LatestRevisionNote"; Value = "IPC-7351 Footprint Added."; VariantName = "[No Variations]"
Add component (AddParameter): Name = "PackageDescription"; Value = "Chip Resistor"; VariantName = "[No Variations]"
Add component (AddParameter): Name = "PackageReference"; Value = "J1-0603"; VariantName = "[No Variations]"
Add component (AddParameter): Name = "Published"; Value = "8-Jun-2000"; VariantName = "[No Variations]"
Add component (AddParameter): Name = "Publisher"; Value = "Altium Limited"; VariantName = "[No Variations]"
Add component (AddParameter): Name = "Supplier"; Value = "Digi-Key"; VariantName = "[No Variations]"
Add component (AddParameter): Name = "Value"; Value = "0 Ohm"; VariantName = "[No Variations]"
Added Component: Designator=R40(0402)
Add component. Clean all parameters for all variants
Add component (AddParameter): Name = "LatestRevisionDate"; Value = "29-May-2009"; VariantName = "[No Variations]"
Add component (AddParameter): Name = "LatestRevisionNote"; Value = "IPC-7351 Footprint Added."; VariantName = "[No Variations]"
Add component (AddParameter): Name = "PackageDescription"; Value = "Chip Resistor"; VariantName = "[No Variations]"
Add component (AddParameter): Name = "PackageReference"; Value = "J1-0603"; VariantName = "[No Variations]"
Add component (AddParameter): Name = "Published"; Value = "8-Jun-2000"; VariantName = "[No Variations]"
Add component (AddParameter): Name = "Publisher"; Value = "Altium Limited"; VariantName = "[No Variations]"
Add component (AddParameter): Name = "Supplier"; Value = "Digi-Key"; VariantName = "[No Variations]"
Add component (AddParameter): Name = "Value"; Value = "10K"; VariantName = "[No Variations]"
Added Component: Designator=R41(0402)
Add component. Clean all parameters for all variants
Add component (AddParameter): Name = "LatestRevisionDate"; Value = "29-May-2009"; VariantName = "[No Variations]"
Add component (AddParameter): Name = "LatestRevisionNote"; Value = "IPC-7351 Footprint Added."; VariantName = "[No Variations]"
Add component (AddParameter): Name = "PackageDescription"; Value = "Chip Resistor"; VariantName = "[No Variations]"
Add component (AddParameter): Name = "PackageReference"; Value = "J1-0603"; VariantName = "[No Variations]"
Add component (AddParameter): Name = "Published"; Value = "8-Jun-2000"; VariantName = "[No Variations]"
Add component (AddParameter): Name = "Publisher"; Value = "Altium Limited"; VariantName = "[No Variations]"
Add component (AddParameter): Name = "Supplier"; Value = "Digi-Key"; VariantName = "[No Variations]"
Add component (AddParameter): Name = "Value"; Value = "200"; VariantName = "[No Variations]"
Added Component: Designator=R42(0402)
Add component. Clean all parameters for all variants
Add component (AddParameter): Name = "LatestRevisionDate"; Value = "29-May-2009"; VariantName = "[No Variations]"
Add component (AddParameter): Name = "LatestRevisionNote"; Value = "IPC-7351 Footprint Added."; VariantName = "[No Variations]"
Add component (AddParameter): Name = "PackageDescription"; Value = "Chip Resistor"; VariantName = "[No Variations]"
Add component (AddParameter): Name = "PackageReference"; Value = "J1-0603"; VariantName = "[No Variations]"
Add component (AddParameter): Name = "Published"; Value = "8-Jun-2000"; VariantName = "[No Variations]"
Add component (AddParameter): Name = "Publisher"; Value = "Altium Limited"; VariantName = "[No Variations]"
Add component (AddParameter): Name = "Supplier"; Value = "Digi-Key"; VariantName = "[No Variations]"
Add component (AddParameter): Name = "Value"; Value = "10K"; VariantName = "[No Variations]"
Added Component: Designator=R43(0402)
Add component. Clean all parameters for all variants
Add component (AddParameter): Name = "LatestRevisionDate"; Value = "29-May-2009"; VariantName = "[No Variations]"
Add component (AddParameter): Name = "LatestRevisionNote"; Value = "IPC-7351 Footprint Added."; VariantName = "[No Variations]"
Add component (AddParameter): Name = "PackageDescription"; Value = "Chip Resistor"; VariantName = "[No Variations]"
Add component (AddParameter): Name = "PackageReference"; Value = "J1-0603"; VariantName = "[No Variations]"
Add component (AddParameter): Name = "Published"; Value = "8-Jun-2000"; VariantName = "[No Variations]"
Add component (AddParameter): Name = "Publisher"; Value = "Altium Limited"; VariantName = "[No Variations]"
Add component (AddParameter): Name = "Supplier"; Value = "Digi-Key"; VariantName = "[No Variations]"
Add component (AddParameter): Name = "Value"; Value = "10K"; VariantName = "[No Variations]"
Added Component: Designator=R44(0402)
Add component. Clean all parameters for all variants
Add component (AddParameter): Name = "LatestRevisionDate"; Value = "29-May-2009"; VariantName = "[No Variations]"
Add component (AddParameter): Name = "LatestRevisionNote"; Value = "IPC-7351 Footprint Added."; VariantName = "[No Variations]"
Add component (AddParameter): Name = "PackageDescription"; Value = "Chip Resistor"; VariantName = "[No Variations]"
Add component (AddParameter): Name = "PackageReference"; Value = "J1-0603"; VariantName = "[No Variations]"
Add component (AddParameter): Name = "Published"; Value = "8-Jun-2000"; VariantName = "[No Variations]"
Add component (AddParameter): Name = "Publisher"; Value = "Altium Limited"; VariantName = "[No Variations]"
Add component (AddParameter): Name = "Supplier"; Value = "Digi-Key"; VariantName = "[No Variations]"
Add component (AddParameter): Name = "Value"; Value = "50K"; VariantName = "[No Variations]"
Added Component: Designator=R45(0402)
Add component. Clean all parameters for all variants
Add component (AddParameter): Name = "LatestRevisionDate"; Value = "29-May-2009"; VariantName = "[No Variations]"
Add component (AddParameter): Name = "LatestRevisionNote"; Value = "IPC-7351 Footprint Added."; VariantName = "[No Variations]"
Add component (AddParameter): Name = "PackageDescription"; Value = "Chip Resistor"; VariantName = "[No Variations]"
Add component (AddParameter): Name = "PackageReference"; Value = "J1-0603"; VariantName = "[No Variations]"
Add component (AddParameter): Name = "Published"; Value = "8-Jun-2000"; VariantName = "[No Variations]"
Add component (AddParameter): Name = "Publisher"; Value = "Altium Limited"; VariantName = "[No Variations]"
Added Component: Designator=U3(SOP-65P200X125-5N)
Add component. Clean all parameters for all variants
Add component (AddParameter): Name = "Supplier"; Value = "Digi-Key"; VariantName = "[No Variations]"
Add component (AddParameter): Name = "Supplier 1"; Value = "Digi-Key"; VariantName = "[No Variations]"
Add component (AddParameter): Name = "Supplier Part Number 1"; Value = "AD8605ARTZREEL7CT-ND"; VariantName = "[No Variations]"
Added Component: Designator=U5(SOP-65P200X125-5N)
Add component. Clean all parameters for all variants
Add component (AddParameter): Name = "Supplier"; Value = "Digi-Key"; VariantName = "[No Variations]"
Add component (AddParameter): Name = "Supplier 1"; Value = "Digi-Key"; VariantName = "[No Variations]"
Add component (AddParameter): Name = "Supplier Part Number 1"; Value = "AD8605ARTZREEL7CT-ND"; VariantName = "[No Variations]"
Added Component: Designator=U15(SSOP16_N)
Add component. Clean all parameters for all variants
Add component (AddParameter): Name = "Supplier"; Value = "Digi-Key"; VariantName = "[No Variations]"
Added Component: Designator=U16(SOP8-65P300X300-8N)
Add component. Clean all parameters for all variants
Add component (AddParameter): Name = "Supplier"; Value = "Digi-Key"; VariantName = "[No Variations]"
Add component (AddParameter): Name = "Supplier 1"; Value = "Digi-Key"; VariantName = "[No Variations]"
Add component (AddParameter): Name = "Supplier Part Number 1"; Value = "AD8227BRMZ-ND"; VariantName = "[No Variations]"
Added Component: Designator=U17(SOP-65P200X125-5N)
Add component. Clean all parameters for all variants
Add component (AddParameter): Name = "Supplier"; Value = "Digi-Key"; VariantName = "[No Variations]"
Added Component: Designator=U18(SOP-65P200X125-5N)
Add component. Clean all parameters for all variants
Add component (AddParameter): Name = "Supplier"; Value = "Digi-Key"; VariantName = "[No Variations]"
Added Component: Designator=Y3(ABS07-120-32.768)
Add component. Clean all parameters for all variants
Add component (AddParameter): Name = "LatestRevisionDate"; Value = "17-Jul-2002"; VariantName = "[No Variations]"
Add component (AddParameter): Name = "LatestRevisionNote"; Value = "Re-released for DXP Platform."; VariantName = "[No Variations]"
Add component (AddParameter): Name = "PackageDescription"; Value = "Crystal, Thru-Hole; 2 Leads; Body 3.1 x 8.2 mm (Dia.xH)"; VariantName = "[No Variations]"
Add component (AddParameter): Name = "PackageReference"; Value = "R38"; VariantName = "[No Variations]"
Add component (AddParameter): Name = "Published"; Value = "8-Jun-2000"; VariantName = "[No Variations]"
Add component (AddParameter): Name = "Publisher"; Value = "Altium Limited"; VariantName = "[No Variations]"
Add component (AddParameter): Name = "Supplier"; Value = "Digi-Key"; VariantName = "[No Variations]"
Add component (AddParameter): Name = "Supplier Part Number"; Value = "535-11937-1-ND"; VariantName = "[No Variations]"
Added Pin To Net: NetName=GND Pin=C18-2
Added Pin To Net: NetName=GND Pin=C19-1
Added Pin To Net: NetName=3V Pin=C19-2
Added Pin To Net: NetName=GND Pin=C22-1
Added Pin To Net: NetName=3V Pin=C22-2
Added Pin To Net: NetName=GND Pin=C23-1
Added Pin To Net: NetName=3V Pin=C23-2
Added Pin To Net: NetName=GND Pin=C24-1
Added Pin To Net: NetName=3V Pin=C24-2
Added Pin To Net: NetName=GND Pin=C50-2
Added Pin To Net: NetName=GND Pin=C51-2
Added Pin To Net: NetName=GND Pin=C53-1
Added Pin To Net: NetName=GND Pin=C54-1
Added Pin To Net: NetName=3V Pin=C54-2
Added Pin To Net: NetName=GND Pin=C55-1
Added Pin To Net: NetName=3V Pin=C56-1
Added Pin To Net: NetName=GND Pin=C56-2
Added Pin To Net: NetName=GND Pin=C57-1
Added Pin To Net: NetName=3V Pin=C57-2
Added Pin To Net: NetName=GND Pin=C58-1
Added Pin To Net: NetName=3V Pin=C58-2
Added Pin To Net: NetName=GND Pin=C59-1
Added Pin To Net: NetName=3V Pin=C59-2
Added Pin To Net: NetName=GND Pin=C60-1
Added Pin To Net: NetName=3V Pin=C60-2
Added Pin To Net: NetName=GND Pin=C61-1
Added Pin To Net: NetName=3V Pin=C61-2
Added Pin To Net: NetName=GND Pin=J1-2
Added Pin To Net: NetName=GND Pin=J1-3
Added Pin To Net: NetName=GND Pin=J1-4
Added Pin To Net: NetName=GND Pin=J1-5
Added Pin To Net: NetName=GND Pin=J2-2
Added Pin To Net: NetName=GND Pin=J2-3
Added Pin To Net: NetName=GND Pin=J2-4
Added Pin To Net: NetName=GND Pin=J2-5
Added Pin To Net: NetName=GND Pin=R13-1
Added Pin To Net: NetName=GND Pin=R38-1
Added Pin To Net: NetName=NetR14_SD1_2 Pin=R39-2
Added Pin To Net: NetName=3V Pin=R40-2
Added Pin To Net: NetName=3V Pin=R42-2
Added Pin To Net: NetName=3V Pin=R43-2
Added Pin To Net: NetName=GND Pin=R44-1
Added Pin To Net: NetName=GND Pin=U3-2
Added Pin To Net: NetName=3V Pin=U3-5
Added Pin To Net: NetName=GND Pin=U5-2
Added Pin To Net: NetName=3V Pin=U5-5
Added Pin To Net: NetName=NetR32_8 Pin=U15-2
Added Pin To Net: NetName=GND Pin=U15-5
Added Pin To Net: NetName=NetR7_1 Pin=U15-10
Added Pin To Net: NetName=NetR6_1 Pin=U15-11
Added Pin To Net: NetName=3V Pin=U15-12
Added Pin To Net: NetName=MOSI Pin=U15-14
Added Pin To Net: NetName=SCK Pin=U15-15
Added Pin To Net: NetName=GND Pin=U16-1
Added Pin To Net: NetName=GND Pin=U16-5
Added Pin To Net: NetName=3V Pin=U16-8
Added Pin To Net: NetName=GND Pin=U17-2
Added Pin To Net: NetName=3V Pin=U17-5
Added Pin To Net: NetName=GND Pin=U18-2
Added Pin To Net: NetName=3V Pin=U18-5
Change Net Name : Old Net Name=NetC24_1 New Net Name=NetC64_1
Change Net Name : Old Net Name=NetR12_1 New Net Name=NetR46_1
Change Net Name : Old Net Name=NetR13_1 New Net Name=NetR47_1
Added Pin To Net: NetName=NetC18_1 Pin=C18-1
Added Pin To Net: NetName=NetC18_1 Pin=R35-2
Added Pin To Net: NetName=NetC18_1 Pin=U5-1
Added Pin To Net: NetName=NetC18_1 Pin=U12_MUX_S5-12
Added Net: Name=NetC18_1
Added Pin To Net: NetName=NetC50_1 Pin=C50-1
Added Pin To Net: NetName=NetC50_1 Pin=R39-1
Added Pin To Net: NetName=NetC50_1 Pin=U15-1
Added Pin To Net: NetName=NetC50_1 Pin=Y3-2
Added Net: Name=NetC50_1
Added Pin To Net: NetName=NetC51_1 Pin=C51-1
Added Pin To Net: NetName=NetC51_1 Pin=U15-16
Added Pin To Net: NetName=NetC51_1 Pin=Y3-1
Added Net: Name=NetC51_1
Added Pin To Net: NetName=NetC52_1 Pin=C52-1
Added Pin To Net: NetName=NetC52_1 Pin=R44-2
Added Pin To Net: NetName=NetC52_1 Pin=U16-4
Added Net: Name=NetC52_1
Added Pin To Net: NetName=NetC52_2 Pin=C52-2
Added Pin To Net: NetName=NetC52_2 Pin=U12_MUX_S5-3
Added Net: Name=NetC52_2
Added Pin To Net: NetName=NetC53_2 Pin=C53-2
Added Pin To Net: NetName=NetC53_2 Pin=R41-2
Added Pin To Net: NetName=NetC53_2 Pin=U15-6
Added Net: Name=NetC53_2
Added Pin To Net: NetName=NetC55_2 Pin=C55-2
Added Pin To Net: NetName=NetC55_2 Pin=U15-7
Added Pin To Net: NetName=NetC55_2 Pin=U15-8
Added Pin To Net: NetName=NetC55_2 Pin=U17-3
Added Net: Name=NetC55_2
Added Pin To Net: NetName=NetJ1_1 Pin=J1-1
Added Pin To Net: NetName=NetJ1_1 Pin=R36-1
Added Net: Name=NetJ1_1
Added Pin To Net: NetName=NetJ2_1 Pin=J2-1
Added Pin To Net: NetName=NetJ2_1 Pin=R37-2
Added Net: Name=NetJ2_1
Added Pin To Net: NetName=NetR13_2 Pin=R13-2
Added Pin To Net: NetName=NetR13_2 Pin=R35-1
Added Pin To Net: NetName=NetR13_2 Pin=U5-4
Added Net: Name=NetR13_2
Added Pin To Net: NetName=NetR34_2 Pin=R34-2
Added Pin To Net: NetName=NetR34_2 Pin=R40-1
Added Pin To Net: NetName=NetR34_2 Pin=U15-3
Added Net: Name=NetR34_2
Added Pin To Net: NetName=NetR36_2 Pin=R36-2
Added Pin To Net: NetName=NetR36_2 Pin=U3-3
Added Net: Name=NetR36_2
Added Pin To Net: NetName=NetR37_1 Pin=R37-1
Added Pin To Net: NetName=NetR37_1 Pin=R38-2
Added Pin To Net: NetName=NetR37_1 Pin=U5-3
Added Net: Name=NetR37_1
Added Pin To Net: NetName=NetR41_1 Pin=R41-1
Added Pin To Net: NetName=NetR41_1 Pin=U16-7
Added Net: Name=NetR41_1
Added Pin To Net: NetName=NetR42_1 Pin=R42-1
Added Pin To Net: NetName=NetR42_1 Pin=U15-9
Added Net: Name=NetR42_1
Added Pin To Net: NetName=NetR43_1 Pin=R43-1
Added Pin To Net: NetName=NetR43_1 Pin=U15-4
Added Net: Name=NetR43_1
Added Pin To Net: NetName=NetR45_1 Pin=R45-1
Added Pin To Net: NetName=NetR45_1 Pin=U16-3
Added Net: Name=NetR45_1
Added Pin To Net: NetName=NetR45_2 Pin=R45-2
Added Pin To Net: NetName=NetR45_2 Pin=U16-2
Added Net: Name=NetR45_2
Added Pin To Net: NetName=NetU3_1 Pin=U3-1
Added Pin To Net: NetName=NetU3_1 Pin=U3-4
Added Pin To Net: NetName=NetU3_1 Pin=U12_MUX_S5-15
Added Net: Name=NetU3_1
Added Pin To Net: NetName=NetU12_MUX_LED5_1 Pin=U12_MUX_LED5-1
Added Net: Name=NetU12_MUX_LED5_1
Added Pin To Net: NetName=NetU12_MUX_LED5_2 Pin=U12_MUX_LED5-2
Added Net: Name=NetU12_MUX_LED5_2
Added Pin To Net: NetName=NetU12_MUX_LED5_3 Pin=U12_MUX_LED5-3
Added Pin To Net: NetName=NetU12_MUX_LED5_3 Pin=U18-1
Added Pin To Net: NetName=NetU12_MUX_LED5_3 Pin=U18-4
Added Net: Name=NetU12_MUX_LED5_3
Added Pin To Net: NetName=NetU12_MUX_LED5_4 Pin=U12_MUX_LED5-4
Added Net: Name=NetU12_MUX_LED5_4
Added Pin To Net: NetName=NetU12_MUX_LED5_5 Pin=U12_MUX_LED5-5
Added Net: Name=NetU12_MUX_LED5_5
Added Pin To Net: NetName=NetU12_MUX_LED5_12 Pin=U12_MUX_LED5-12
Added Net: Name=NetU12_MUX_LED5_12
Added Pin To Net: NetName=NetU12_MUX_LED5_15 Pin=U12_MUX_LED5-15
Added Net: Name=NetU12_MUX_LED5_15
Added Pin To Net: NetName=NetU12_MUX_S5_1 Pin=U12_MUX_S5-1
Added Net: Name=NetU12_MUX_S5_1
Added Pin To Net: NetName=NetU12_MUX_S5_2 Pin=U12_MUX_S5-2
Added Net: Name=NetU12_MUX_S5_2
Added Pin To Net: NetName=NetU12_MUX_S5_4 Pin=U12_MUX_S5-4
Added Net: Name=NetU12_MUX_S5_4
Added Pin To Net: NetName=NetU12_MUX_S5_5 Pin=U12_MUX_S5-5
Added Net: Name=NetU12_MUX_S5_5
Added Pin To Net: NetName=NetU15_13 Pin=U15-13
Added Pin To Net: NetName=NetU15_13 Pin=U18-3
Added Net: Name=NetU15_13
Added Pin To Net: NetName=NetU16_6 Pin=U16-6
Added Pin To Net: NetName=NetU16_6 Pin=U17-1
Added Pin To Net: NetName=NetU16_6 Pin=U17-4
Added Net: Name=NetU16_6
Change Class Name : Old Net Name=SD5 New Net Name=SD5_Special
Added Class: Name=U_amplifier-special
Added Member To Class: ClassName=SD5_Special Member=Component C50 2pF
Added Member To Class: ClassName=SD5_Special Member=Component C51 2pF
Added Member To Class: ClassName=SD5_Special Member=Component C52 0.1uF
Added Member To Class: ClassName=SD5_Special Member=Component C53 0.1uF
Added Member To Class: ClassName=SD5_Special Member=Component C54 0.1uF
Added Member To Class: ClassName=SD5_Special Member=Component C55 0.1uF
Added Member To Class: ClassName=SD5_Special Member=Component C56 10uF
Added Member To Class: ClassName=SD5_Special Member=Component C57 0.1uF
Added Member To Class: ClassName=SD5_Special Member=Component C58 10uF
Added Member To Class: ClassName=SD5_Special Member=Component C59 0.1uF
Added Member To Class: ClassName=SD5_Special Member=Component C60 10uF
Added Member To Class: ClassName=SD5_Special Member=Component C61 0.1uF
Added Member To Class: ClassName=SD5_Special Member=Component R39 0 Ohm
Added Member To Class: ClassName=SD5_Special Member=Component R40 10K
Added Member To Class: ClassName=SD5_Special Member=Component R41 200
Added Member To Class: ClassName=SD5_Special Member=Component R42 10K
Added Member To Class: ClassName=SD5_Special Member=Component R43 10K
Added Member To Class: ClassName=SD5_Special Member=Component R44 50K
Added Member To Class: ClassName=SD5_Special Member=Component R45 Optional
Added Member To Class: ClassName=SD5_Special Member=Component U15 ADA2200
Added Member To Class: ClassName=SD5_Special Member=Component U16 AD8227
Added Member To Class: ClassName=SD5_Special Member=Component U17 AD8613
Added Member To Class: ClassName=SD5_Special Member=Component U18 AD8613
Added Member To Class: ClassName=SD5_Special Member=Component Y3 32.768kHz
Change Room Name: Old Name=AC85 New Name=SD5_Special
Change Room Scope: Old Scope=InComponentClass('AC85') New Scope=InComponentClass('SD5_Special')
Added Room: Name=U_amplifier-special
