Removed Pin From Net: NetName=Net*25_1 Pin=P8-2
Removed Pin From Net: NetName=Net*24_1 Pin=P8-3
Added Component: Designator=C?_U_obc_flash1(1608[0603])
Add component. Clean all parameters for all variants
Add component (AddParameter): Name = "LatestRevisionDate"; Value = "29-May-2009"; VariantName = "[No Variations]"
Add component (AddParameter): Name = "LatestRevisionNote"; Value = "IPC-7351 Footprint Added."; VariantName = "[No Variations]"
Add component (AddParameter): Name = "PackageDescription"; Value = "Chip Capacitor"; VariantName = "[No Variations]"
Add component (AddParameter): Name = "PackageReference"; Value = "C1206"; VariantName = "[No Variations]"
Add component (AddParameter): Name = "Published"; Value = "8-Jun-2000"; VariantName = "[No Variations]"
Add component (AddParameter): Name = "Publisher"; Value = "Altium Limited"; VariantName = "[No Variations]"
Add component (AddParameter): Name = "Value"; Value = "100nF"; VariantName = "[No Variations]"
Added Component: Designator=C?_U_obc_flash2(1608[0603])
Add component. Clean all parameters for all variants
Add component (AddParameter): Name = "LatestRevisionDate"; Value = "29-May-2009"; VariantName = "[No Variations]"
Add component (AddParameter): Name = "LatestRevisionNote"; Value = "IPC-7351 Footprint Added."; VariantName = "[No Variations]"
Add component (AddParameter): Name = "PackageDescription"; Value = "Chip Capacitor"; VariantName = "[No Variations]"
Add component (AddParameter): Name = "PackageReference"; Value = "C1206"; VariantName = "[No Variations]"
Add component (AddParameter): Name = "Published"; Value = "8-Jun-2000"; VariantName = "[No Variations]"
Add component (AddParameter): Name = "Publisher"; Value = "Altium Limited"; VariantName = "[No Variations]"
Add component (AddParameter): Name = "Value"; Value = "100nF"; VariantName = "[No Variations]"
Added Component: Designator=C?_U_obc_flash3(1608[0603])
Add component. Clean all parameters for all variants
Add component (AddParameter): Name = "LatestRevisionDate"; Value = "29-May-2009"; VariantName = "[No Variations]"
Add component (AddParameter): Name = "LatestRevisionNote"; Value = "IPC-7351 Footprint Added."; VariantName = "[No Variations]"
Add component (AddParameter): Name = "PackageDescription"; Value = "Chip Capacitor"; VariantName = "[No Variations]"
Add component (AddParameter): Name = "PackageReference"; Value = "C1206"; VariantName = "[No Variations]"
Add component (AddParameter): Name = "Published"; Value = "8-Jun-2000"; VariantName = "[No Variations]"
Add component (AddParameter): Name = "Publisher"; Value = "Altium Limited"; VariantName = "[No Variations]"
Add component (AddParameter): Name = "Value"; Value = "100nF"; VariantName = "[No Variations]"
Added Component: Designator=U?_U_obc_flash1(SOIC127P500X600-8N)
Add component. Clean all parameters for all variants
Add component (AddParameter): Name = "ComponentLink1Description"; Value = "SST25VF016B"; VariantName = "[No Variations]"
Add component (AddParameter): Name = "ComponentLink1URL"; Value = "https://www.digikey.ca/product-detail/en/microchip-technology/SST26VF016B-104I-SN/SST26VF016B-104I-SN-ND/5033651"; VariantName = "[No Variations]"
Add component (AddParameter): Name = "Supplier 1"; Value = "Digi-Key"; VariantName = "[No Variations]"
Add component (AddParameter): Name = "Supplier Part Number 1"; Value = "SST26VF016B-104I/SN-ND"; VariantName = "[No Variations]"
Added Component: Designator=U?_U_obc_flash2(SOIC127P500X600-8N)
Add component. Clean all parameters for all variants
Add component (AddParameter): Name = "ComponentLink1Description"; Value = "SST25VF016B"; VariantName = "[No Variations]"
Add component (AddParameter): Name = "ComponentLink1URL"; Value = "https://www.digikey.ca/product-detail/en/microchip-technology/SST26VF016B-104I-SN/SST26VF016B-104I-SN-ND/5033651"; VariantName = "[No Variations]"
Add component (AddParameter): Name = "Supplier 1"; Value = "Digi-Key"; VariantName = "[No Variations]"
Add component (AddParameter): Name = "Supplier Part Number 1"; Value = "SST26VF016B-104I/SN-ND"; VariantName = "[No Variations]"
Added Component: Designator=U?_U_obc_flash3(SOIC127P500X600-8N)
Add component. Clean all parameters for all variants
Add component (AddParameter): Name = "ComponentLink1Description"; Value = "SST25VF016B"; VariantName = "[No Variations]"
Add component (AddParameter): Name = "ComponentLink1URL"; Value = "https://www.digikey.ca/product-detail/en/microchip-technology/SST26VF016B-104I-SN/SST26VF016B-104I-SN-ND/5033651"; VariantName = "[No Variations]"
Add component (AddParameter): Name = "Supplier 1"; Value = "Digi-Key"; VariantName = "[No Variations]"
Add component (AddParameter): Name = "Supplier Part Number 1"; Value = "SST26VF016B-104I/SN-ND"; VariantName = "[No Variations]"
Added Pin To Net: NetName=-PACK Pin=*2-13
Added Pin To Net: NetName=-PACK Pin=C15-1
Added Pin To Net: NetName=+3V3 Pin=C?_U_obc_flash1-1
Added Pin To Net: NetName=GND Pin=C?_U_obc_flash1-2
Added Pin To Net: NetName=+3V3 Pin=C?_U_obc_flash2-1
Added Pin To Net: NetName=GND Pin=C?_U_obc_flash2-2
Added Pin To Net: NetName=+3V3 Pin=C?_U_obc_flash3-1
Added Pin To Net: NetName=GND Pin=C?_U_obc_flash3-2
Added Pin To Net: NetName=Net*24_1 Pin=P8-2
Added Pin To Net: NetName=Net*25_1 Pin=P8-3
Added Pin To Net: NetName=NetU1_24 Pin=U?_U_obc_flash1-1
Added Pin To Net: NetName=NetU1_8 Pin=U?_U_obc_flash1-2
Added Pin To Net: NetName=+3V3 Pin=U?_U_obc_flash1-3
Added Pin To Net: NetName=GND Pin=U?_U_obc_flash1-4
Added Pin To Net: NetName=NetU1_9 Pin=U?_U_obc_flash1-5
Added Pin To Net: NetName=NetU1_28 Pin=U?_U_obc_flash1-6
Added Pin To Net: NetName=+3V3 Pin=U?_U_obc_flash1-7
Added Pin To Net: NetName=+3V3 Pin=U?_U_obc_flash1-8
Added Pin To Net: NetName=NetU1_23 Pin=U?_U_obc_flash2-1
Added Pin To Net: NetName=NetU1_8 Pin=U?_U_obc_flash2-2
Added Pin To Net: NetName=+3V3 Pin=U?_U_obc_flash2-3
Added Pin To Net: NetName=GND Pin=U?_U_obc_flash2-4
Added Pin To Net: NetName=NetU1_9 Pin=U?_U_obc_flash2-5
Added Pin To Net: NetName=NetU1_28 Pin=U?_U_obc_flash2-6
Added Pin To Net: NetName=+3V3 Pin=U?_U_obc_flash2-7
Added Pin To Net: NetName=+3V3 Pin=U?_U_obc_flash2-8
Added Pin To Net: NetName=NetU1_16 Pin=U?_U_obc_flash3-1
Added Pin To Net: NetName=NetU1_8 Pin=U?_U_obc_flash3-2
Added Pin To Net: NetName=+3V3 Pin=U?_U_obc_flash3-3
Added Pin To Net: NetName=GND Pin=U?_U_obc_flash3-4
Added Pin To Net: NetName=NetU1_9 Pin=U?_U_obc_flash3-5
Added Pin To Net: NetName=NetU1_28 Pin=U?_U_obc_flash3-6
Added Pin To Net: NetName=+3V3 Pin=U?_U_obc_flash3-7
Added Pin To Net: NetName=+3V3 Pin=U?_U_obc_flash3-8
Added Class: Name=U_obc_flash1
Added Class: Name=U_obc_flash2
Added Class: Name=U_obc_flash3
Added Member To Class: ClassName=U_obc_32m1 Member=Component C? 1%
Added Member To Class: ClassName=bus-main Member=Component P? UHF PWR
Added Member To Class: ClassName=bus-main Member=Component P? UHF UART
