Removed Pin From Net: NetName=+3V3 Pin=C35_U_obc_flash1-1
Removed Pin From Net: NetName=GND Pin=C35_U_obc_flash1-2
Removed Pin From Net: NetName=+3V3 Pin=C35_U_obc_flash2-1
Removed Pin From Net: NetName=GND Pin=C35_U_obc_flash2-2
Removed Pin From Net: NetName=+3V3 Pin=C35_U_obc_flash3-1
Removed Pin From Net: NetName=GND Pin=C35_U_obc_flash3-2
Removed Pin From Net: NetName=NetU1_24 Pin=U7_U_obc_flash1-1
Removed Pin From Net: NetName=NetU1_8 Pin=U7_U_obc_flash1-2
Removed Pin From Net: NetName=+3V3 Pin=U7_U_obc_flash1-3
Removed Pin From Net: NetName=GND Pin=U7_U_obc_flash1-4
Removed Pin From Net: NetName=NetU1_9 Pin=U7_U_obc_flash1-5
Removed Pin From Net: NetName=NetU1_28 Pin=U7_U_obc_flash1-6
Removed Pin From Net: NetName=+3V3 Pin=U7_U_obc_flash1-7
Removed Pin From Net: NetName=+3V3 Pin=U7_U_obc_flash1-8
Removed Pin From Net: NetName=NetU1_23 Pin=U7_U_obc_flash2-1
Removed Pin From Net: NetName=NetU1_8 Pin=U7_U_obc_flash2-2
Removed Pin From Net: NetName=+3V3 Pin=U7_U_obc_flash2-3
Removed Pin From Net: NetName=GND Pin=U7_U_obc_flash2-4
Removed Pin From Net: NetName=NetU1_9 Pin=U7_U_obc_flash2-5
Removed Pin From Net: NetName=NetU1_28 Pin=U7_U_obc_flash2-6
Removed Pin From Net: NetName=+3V3 Pin=U7_U_obc_flash2-7
Removed Pin From Net: NetName=+3V3 Pin=U7_U_obc_flash2-8
Removed Pin From Net: NetName=NetU1_16 Pin=U7_U_obc_flash3-1
Removed Pin From Net: NetName=NetU1_8 Pin=U7_U_obc_flash3-2
Removed Pin From Net: NetName=+3V3 Pin=U7_U_obc_flash3-3
Removed Pin From Net: NetName=GND Pin=U7_U_obc_flash3-4
Removed Pin From Net: NetName=NetU1_9 Pin=U7_U_obc_flash3-5
Removed Pin From Net: NetName=NetU1_28 Pin=U7_U_obc_flash3-6
Removed Pin From Net: NetName=+3V3 Pin=U7_U_obc_flash3-7
Removed Pin From Net: NetName=+3V3 Pin=U7_U_obc_flash3-8
Change component parameters: Designator = "L1"; Footprint = "1608[0603]"; UniqueID = "\DSWLEJFJ\VGTQAUIA\FUTXESGD"
Change component parameters. Clean all parameters for all variants
Change component parameters (AddParameter): Name = "Code_IEC"; Value = "1005"; VariantName = "[No Variations]"
Change component parameters (AddParameter): Name = "Code_JEITA"; Value = "0402"; VariantName = "[No Variations]"
Change component parameters (AddParameter): Name = "LatestRevisionDate"; Value = "29-May-2009"; VariantName = "[No Variations]"
Change component parameters (AddParameter): Name = "LatestRevisionNote"; Value = "IPC-7351 Footprint Added."; VariantName = "[No Variations]"
Change component parameters (AddParameter): Name = "PackageDescription"; Value = "Chip Inductor"; VariantName = "[No Variations]"
Change component parameters (AddParameter): Name = "PackageReference"; Value = "0402-A"; VariantName = "[No Variations]"
Change component parameters (AddParameter): Name = "Published"; Value = "8-Jun-2000"; VariantName = "[No Variations]"
Change component parameters (AddParameter): Name = "Publisher"; Value = "Altium Limited"; VariantName = "[No Variations]"
Change component parameters (AddParameter): Name = "Value"; Value = "1.0µH"; VariantName = "[No Variations]"
Change component parameters: Designator = "L2"; Footprint = "1608[0603]"; UniqueID = "\DSWLEJFJ\YELPORYY\WKAYUYNG"
Change component parameters. Clean all parameters for all variants
Change component parameters (AddParameter): Name = "Code_IEC"; Value = "1005"; VariantName = "[No Variations]"
Change component parameters (AddParameter): Name = "Code_JEITA"; Value = "0402"; VariantName = "[No Variations]"
Change component parameters (AddParameter): Name = "LatestRevisionDate"; Value = "29-May-2009"; VariantName = "[No Variations]"
Change component parameters (AddParameter): Name = "LatestRevisionNote"; Value = "IPC-7351 Footprint Added."; VariantName = "[No Variations]"
Change component parameters (AddParameter): Name = "PackageDescription"; Value = "Chip Inductor"; VariantName = "[No Variations]"
Change component parameters (AddParameter): Name = "PackageReference"; Value = "0402-A"; VariantName = "[No Variations]"
Change component parameters (AddParameter): Name = "Published"; Value = "8-Jun-2000"; VariantName = "[No Variations]"
Change component parameters (AddParameter): Name = "Publisher"; Value = "Altium Limited"; VariantName = "[No Variations]"
Change component parameters (AddParameter): Name = "Value"; Value = "1.0µH"; VariantName = "[No Variations]"
Change component parameters: Designator = "R23"; Footprint = "1608[0603]"; UniqueID = "\DSWLEJFJ\VGTQAUIA\CWCVHOJR"
Change component parameters. Clean all parameters for all variants
Change component parameters (AddParameter): Name = "LatestRevisionDate"; Value = "17-Jul-2002"; VariantName = "[No Variations]"
Change component parameters (AddParameter): Name = "LatestRevisionNote"; Value = "Re-released for DXP Platform."; VariantName = "[No Variations]"
Change component parameters (AddParameter): Name = "PackageDescription"; Value = "Axial Device, Thru-Hole; 2 Leads; 0.3 in Pin Spacing"; VariantName = "[No Variations]"
Change component parameters (AddParameter): Name = "PackageReference"; Value = "AXIAL-0.3"; VariantName = "[No Variations]"
Change component parameters (AddParameter): Name = "Published"; Value = "8-Jun-2000"; VariantName = "[No Variations]"
Change component parameters (AddParameter): Name = "Publisher"; Value = "Altium Limited"; VariantName = "[No Variations]"
Change component parameters (AddParameter): Name = "Value"; Value = "10mO"; VariantName = "[No Variations]"
Change component parameters: Designator = "R26"; Footprint = "1608[0603]"; UniqueID = "\DSWLEJFJ\YELPORYY\PUQXMHVG"
Change component parameters. Clean all parameters for all variants
Change component parameters (AddParameter): Name = "LatestRevisionDate"; Value = "17-Jul-2002"; VariantName = "[No Variations]"
Change component parameters (AddParameter): Name = "LatestRevisionNote"; Value = "Re-released for DXP Platform."; VariantName = "[No Variations]"
Change component parameters (AddParameter): Name = "PackageDescription"; Value = "Axial Device, Thru-Hole; 2 Leads; 0.3 in Pin Spacing"; VariantName = "[No Variations]"
Change component parameters (AddParameter): Name = "PackageReference"; Value = "AXIAL-0.3"; VariantName = "[No Variations]"
Change component parameters (AddParameter): Name = "Published"; Value = "8-Jun-2000"; VariantName = "[No Variations]"
Change component parameters (AddParameter): Name = "Publisher"; Value = "Altium Limited"; VariantName = "[No Variations]"
Change component parameters (AddParameter): Name = "Value"; Value = "10mO"; VariantName = "[No Variations]"
Change component parameters: Designator = "R45"; Footprint = "1608[0603]"; UniqueID = "\DSWLEJFJ\XKCAFRLQ\BXGRJPJK"
Change component parameters. Clean all parameters for all variants
Change component parameters (AddParameter): Name = "LatestRevisionDate"; Value = "17-Jul-2002"; VariantName = "[No Variations]"
Change component parameters (AddParameter): Name = "LatestRevisionNote"; Value = "Re-released for DXP Platform."; VariantName = "[No Variations]"
Change component parameters (AddParameter): Name = "PackageDescription"; Value = "Axial Device, Thru-Hole; 2 Leads; 0.3 in Pin Spacing"; VariantName = "[No Variations]"
Change component parameters (AddParameter): Name = "PackageReference"; Value = "AXIAL-0.3"; VariantName = "[No Variations]"
Change component parameters (AddParameter): Name = "Published"; Value = "8-Jun-2000"; VariantName = "[No Variations]"
Change component parameters (AddParameter): Name = "Publisher"; Value = "Altium Limited"; VariantName = "[No Variations]"
Change component parameters (AddParameter): Name = "Value"; Value = "10mO"; VariantName = "[No Variations]"
Change component parameters: Designator = "R46"; Footprint = "1608[0603]"; UniqueID = "\DSWLEJFJ\XKCAFRLQ\LNMFWASW"
Change component parameters. Clean all parameters for all variants
Change component parameters (AddParameter): Name = "LatestRevisionDate"; Value = "17-Jul-2002"; VariantName = "[No Variations]"
Change component parameters (AddParameter): Name = "LatestRevisionNote"; Value = "Re-released for DXP Platform."; VariantName = "[No Variations]"
Change component parameters (AddParameter): Name = "PackageDescription"; Value = "Axial Device, Thru-Hole; 2 Leads; 0.3 in Pin Spacing"; VariantName = "[No Variations]"
Change component parameters (AddParameter): Name = "PackageReference"; Value = "AXIAL-0.3"; VariantName = "[No Variations]"
Change component parameters (AddParameter): Name = "Published"; Value = "8-Jun-2000"; VariantName = "[No Variations]"
Change component parameters (AddParameter): Name = "Publisher"; Value = "Altium Limited"; VariantName = "[No Variations]"
Change component parameters (AddParameter): Name = "Value"; Value = "10mO"; VariantName = "[No Variations]"
Change component parameters: Designator = "R47"; Footprint = "1608[0603]"; UniqueID = "\DSWLEJFJ\XKCAFRLQ\URFUUFCB"
Change component parameters. Clean all parameters for all variants
Change component parameters (AddParameter): Name = "LatestRevisionDate"; Value = "17-Jul-2002"; VariantName = "[No Variations]"
Change component parameters (AddParameter): Name = "LatestRevisionNote"; Value = "Re-released for DXP Platform."; VariantName = "[No Variations]"
Change component parameters (AddParameter): Name = "PackageDescription"; Value = "Axial Device, Thru-Hole; 2 Leads; 0.3 in Pin Spacing"; VariantName = "[No Variations]"
Change component parameters (AddParameter): Name = "PackageReference"; Value = "AXIAL-0.3"; VariantName = "[No Variations]"
Change component parameters (AddParameter): Name = "Published"; Value = "8-Jun-2000"; VariantName = "[No Variations]"
Change component parameters (AddParameter): Name = "Publisher"; Value = "Altium Limited"; VariantName = "[No Variations]"
Change component parameters (AddParameter): Name = "Value"; Value = "10mO"; VariantName = "[No Variations]"
Change component parameters: Designator = "R48"; Footprint = "1608[0603]"; UniqueID = "\DSWLEJFJ\XKCAFRLQ\WEXKSDJY"
Change component parameters. Clean all parameters for all variants
Change component parameters (AddParameter): Name = "LatestRevisionDate"; Value = "17-Jul-2002"; VariantName = "[No Variations]"
Change component parameters (AddParameter): Name = "LatestRevisionNote"; Value = "Re-released for DXP Platform."; VariantName = "[No Variations]"
Change component parameters (AddParameter): Name = "PackageDescription"; Value = "Axial Device, Thru-Hole; 2 Leads; 0.3 in Pin Spacing"; VariantName = "[No Variations]"
Change component parameters (AddParameter): Name = "PackageReference"; Value = "AXIAL-0.3"; VariantName = "[No Variations]"
Change component parameters (AddParameter): Name = "Published"; Value = "8-Jun-2000"; VariantName = "[No Variations]"
Change component parameters (AddParameter): Name = "Publisher"; Value = "Altium Limited"; VariantName = "[No Variations]"
Change component parameters (AddParameter): Name = "Value"; Value = "10mO"; VariantName = "[No Variations]"
Change component parameters: Designator = "Rfbb1"; Footprint = "1608[0603]"; UniqueID = "\DSWLEJFJ\VGTQAUIA\IWNLGELJ"
Change component parameters. Clean all parameters for all variants
Change component parameters (AddParameter): Name = "LatestRevisionDate"; Value = "17-Jul-2002"; VariantName = "[No Variations]"
Change component parameters (AddParameter): Name = "LatestRevisionNote"; Value = "Re-released for DXP Platform."; VariantName = "[No Variations]"
Change component parameters (AddParameter): Name = "PackageDescription"; Value = "Axial Device, Thru-Hole; 2 Leads; 0.3 in Pin Spacing"; VariantName = "[No Variations]"
Change component parameters (AddParameter): Name = "PackageReference"; Value = "AXIAL-0.3"; VariantName = "[No Variations]"
Change component parameters (AddParameter): Name = "Published"; Value = "8-Jun-2000"; VariantName = "[No Variations]"
Change component parameters (AddParameter): Name = "Publisher"; Value = "Altium Limited"; VariantName = "[No Variations]"
Change component parameters (AddParameter): Name = "Value"; Value = "180kO"; VariantName = "[No Variations]"
Change component parameters: Designator = "Rfbb2"; Footprint = "1608[0603]"; UniqueID = "\DSWLEJFJ\YELPORYY\QPFOBURV"
Change component parameters. Clean all parameters for all variants
Change component parameters (AddParameter): Name = "LatestRevisionDate"; Value = "17-Jul-2002"; VariantName = "[No Variations]"
Change component parameters (AddParameter): Name = "LatestRevisionNote"; Value = "Re-released for DXP Platform."; VariantName = "[No Variations]"
Change component parameters (AddParameter): Name = "PackageDescription"; Value = "Axial Device, Thru-Hole; 2 Leads; 0.3 in Pin Spacing"; VariantName = "[No Variations]"
Change component parameters (AddParameter): Name = "PackageReference"; Value = "AXIAL-0.3"; VariantName = "[No Variations]"
Change component parameters (AddParameter): Name = "Published"; Value = "8-Jun-2000"; VariantName = "[No Variations]"
Change component parameters (AddParameter): Name = "Publisher"; Value = "Altium Limited"; VariantName = "[No Variations]"
Change component parameters (AddParameter): Name = "Value"; Value = "180kO"; VariantName = "[No Variations]"
Change component parameters: Designator = "Rfbt1"; Footprint = "1608[0603]"; UniqueID = "\DSWLEJFJ\VGTQAUIA\YFNHUGJT"
Change component parameters. Clean all parameters for all variants
Change component parameters (AddParameter): Name = "LatestRevisionDate"; Value = "17-Jul-2002"; VariantName = "[No Variations]"
Change component parameters (AddParameter): Name = "LatestRevisionNote"; Value = "Re-released for DXP Platform."; VariantName = "[No Variations]"
Change component parameters (AddParameter): Name = "PackageDescription"; Value = "Axial Device, Thru-Hole; 2 Leads; 0.3 in Pin Spacing"; VariantName = "[No Variations]"
Change component parameters (AddParameter): Name = "PackageReference"; Value = "AXIAL-0.3"; VariantName = "[No Variations]"
Change component parameters (AddParameter): Name = "Published"; Value = "8-Jun-2000"; VariantName = "[No Variations]"
Change component parameters (AddParameter): Name = "Publisher"; Value = "Altium Limited"; VariantName = "[No Variations]"
Change component parameters (AddParameter): Name = "Value"; Value = "562kO"; VariantName = "[No Variations]"
Change component parameters: Designator = "Rfbt2"; Footprint = "1608[0603]"; UniqueID = "\DSWLEJFJ\YELPORYY\QATSMRER"
Change component parameters. Clean all parameters for all variants
Change component parameters (AddParameter): Name = "LatestRevisionDate"; Value = "17-Jul-2002"; VariantName = "[No Variations]"
Change component parameters (AddParameter): Name = "LatestRevisionNote"; Value = "Re-released for DXP Platform."; VariantName = "[No Variations]"
Change component parameters (AddParameter): Name = "PackageDescription"; Value = "Axial Device, Thru-Hole; 2 Leads; 0.3 in Pin Spacing"; VariantName = "[No Variations]"
Change component parameters (AddParameter): Name = "PackageReference"; Value = "AXIAL-0.3"; VariantName = "[No Variations]"
Change component parameters (AddParameter): Name = "Published"; Value = "8-Jun-2000"; VariantName = "[No Variations]"
Change component parameters (AddParameter): Name = "Publisher"; Value = "Altium Limited"; VariantName = "[No Variations]"
Change component parameters (AddParameter): Name = "Value"; Value = "562kO"; VariantName = "[No Variations]"
Change component parameters: Designator = "J1"; Footprint = "Mini DSub Connector"; UniqueID = "\WBISYPOI"
Change component parameters. Clean all parameters for all variants
Change component parameters (AddParameter): Name = "ComponentLink1Description"; Value = "Mini-D25 - Molex, LLC 0836149012"; VariantName = "[No Variations]"
Change component parameters (AddParameter): Name = "ComponentLink1URL"; Value = "https://www.digikey.ca/product-detail/en/molex-llc/0836149012/WM2144-ND/1867000"; VariantName = "[No Variations]"
Change component parameters (AddParameter): Name = "DatasheetDocument"; Value = "19-Mar-1999"; VariantName = "[No Variations]"
Change component parameters (AddParameter): Name = "Gender"; Value = "Receptacle"; VariantName = "[No Variations]"
Change component parameters (AddParameter): Name = "LatestRevisionDate"; Value = "17-Jul-2002"; VariantName = "[No Variations]"
Change component parameters (AddParameter): Name = "LatestRevisionNote"; Value = "Re-released for DXP Platform."; VariantName = "[No Variations]"
Change component parameters (AddParameter): Name = "Orientation"; Value = "Right Angle"; VariantName = "[No Variations]"
Change component parameters (AddParameter): Name = "PackageDocument"; Value = "U"; VariantName = "[No Variations]"
Change component parameters (AddParameter): Name = "PackageReference"; Value = "787202"; VariantName = "[No Variations]"
Change component parameters (AddParameter): Name = "Positions"; Value = "25"; VariantName = "[No Variations]"
Change component parameters (AddParameter): Name = "Published"; Value = "15-Jun-2001"; VariantName = "[No Variations]"
Change component parameters (AddParameter): Name = "Publisher"; Value = "Altium Limited"; VariantName = "[No Variations]"
Added Pin To Net: NetName=Net*5_5 Pin=*10-3
Added Pin To Net: NetName=Net*5_5 Pin=*10-3
Added Pin To Net: NetName=Net*7_5 Pin=*18-3
Added Pin To Net: NetName=Net*7_5 Pin=*18-3
Added Pin To Net: NetName=Net*7_5 Pin=*21-3
Added Pin To Net: NetName=Net*7_5 Pin=*21-3
Added Member To Class: ClassName=U_eps_adc Member=Component *1 REF5025
Added Member To Class: ClassName=U_eps_adc Member=Component *2 ADS7952
Added Member To Class: ClassName=U_eps_bb1 Member=Component *3 INA214
Added Member To Class: ClassName=U_eps_bb2 Member=Component *4 INA214
Added Member To Class: ClassName=U_eps_pv Member=Component *5 INA214
Added Member To Class: ClassName=U_eps_pv Member=Component *6 INA214
Added Member To Class: ClassName=U_eps_pv Member=Component *7 INA214
Added Member To Class: ClassName=U_eps_pv Member=Component *8 INA214
Added Member To Class: ClassName=U_eps_pv Member=Component *9 SM74611
Added Member To Class: ClassName=U_eps_pv Member=Component *10 SM74611
Added Member To Class: ClassName=U_eps_pv Member=Component *11 SM74611
Added Member To Class: ClassName=U_eps_pv Member=Component *12 ADA4891-4
Added Member To Class: ClassName=U_eps_pv Member=Component *13 BSC026NE2LS5
Added Member To Class: ClassName=U_eps_pv Member=Component *14 SM74611
Added Member To Class: ClassName=U_eps_pv Member=Component *15 SM74611
Added Member To Class: ClassName=U_eps_pv Member=Component *16 SM74611
Added Member To Class: ClassName=U_eps_pv Member=Component *17 BSC026NE2LS5
Added Member To Class: ClassName=U_eps_pv Member=Component *18 SM74611
Added Member To Class: ClassName=U_eps_pv Member=Component *19 SM74611
Added Member To Class: ClassName=U_eps_pv Member=Component *20 ADA4891-4
Added Member To Class: ClassName=U_eps_pv Member=Component *21 SM74611
Added Member To Class: ClassName=U_eps_pv Member=Component *22 BSC026NE2LS5
Added Member To Class: ClassName=U_eps_pv Member=Component *23 SM74611
Added Member To Class: ClassName=U_eps_pv Member=Component *24 SM74611
Added Member To Class: ClassName=U_eps_pv Member=Component *25 SM74611
Added Member To Class: ClassName=U_eps_pv Member=Component *26 BSC026NE2LS5
Added Member To Class: ClassName=U_eps_bt1 Member=Component *27 INA214
Added Member To Class: ClassName=U_eps_bt2 Member=Component *28 INA214
Added Member To Class: ClassName=U_obc_32m1 Member=Component *? ABM3B-8.000MHz
Added Member To Class: ClassName=U_eps_32m1 Member=Component * ABM3B-8.000MHz
Added Member To Class: ClassName=U_eps_bt1 Member=Component 1 R17
Added Member To Class: ClassName=U_eps_bt1 Member=Component 2 RtA1
Added Member To Class: ClassName=U_eps_bt1 Member=Component 3 CbstA1
Added Member To Class: ClassName=U_eps_bt1 Member=Component 4 RfbtA1
Added Member To Class: ClassName=U_eps_bt1 Member=Component 5 R19
Added Member To Class: ClassName=U_eps_bt1 Member=Component 6 CssA1
Added Member To Class: ClassName=U_eps_bt1 Member=Component 7 CoutA1
Added Member To Class: ClassName=U_eps_bt1 Member=Component 8 RfbbA1
Added Member To Class: ClassName=U_eps_bt1 Member=Component 9 
Added Member To Class: ClassName=U_eps_bt1 Member=Component 10 R20
Added Member To Class: ClassName=U_eps_bt2 Member=Component 11 R17
Added Member To Class: ClassName=U_eps_bt2 Member=Component 12 RtA1
Added Member To Class: ClassName=U_eps_bt2 Member=Component 13 CbstA1
Added Member To Class: ClassName=U_eps_bt2 Member=Component 14 RfbtA1
Added Member To Class: ClassName=U_eps_bt2 Member=Component 15 R19
Added Member To Class: ClassName=U_eps_bt2 Member=Component 16 CssA1
Added Member To Class: ClassName=U_eps_bt2 Member=Component 17 CoutA1
Added Member To Class: ClassName=U_eps_bt2 Member=Component 18 RfbbA1
Added Member To Class: ClassName=U_eps_bt2 Member=Component 19 
Added Member To Class: ClassName=U_eps_bt2 Member=Component 20 R20
Added Member To Class: ClassName=U_eps_bb1 Member=Component BB1 TPS630250
Added Member To Class: ClassName=U_eps_bb2 Member=Component BB2 TPS630250
Added Member To Class: ClassName=U_eps_bt1 Member=Component BT1 TPS61088
Added Member To Class: ClassName=U_eps_bt2 Member=Component BT2 TPS61088
Added Member To Class: ClassName=U_eps_adc Member=Component C1 Cap Semi
Added Member To Class: ClassName=U_eps_adc Member=Component C2 Cap Semi
Added Member To Class: ClassName=U_eps_adc Member=Component C3 Cap Semi
Added Member To Class: ClassName=U_eps_adc Member=Component C4 Cap Semi
Added Member To Class: ClassName=U_eps_adc Member=Component C5 Cap Semi
Added Member To Class: ClassName=U_eps_adc Member=Component C6 Cap Semi
Added Member To Class: ClassName=U_eps_adc Member=Component C7 Cap Semi
Added Member To Class: ClassName=U_eps_adc Member=Component C8 Cap Semi
Added Member To Class: ClassName=U_eps_adc Member=Component C9 Cap Semi
Added Member To Class: ClassName=U_eps_adc Member=Component C10 Cap Semi
Added Member To Class: ClassName=U_eps_adc Member=Component C11 Cap Semi
Added Member To Class: ClassName=U_eps_adc Member=Component C12 Cap Semi
Added Member To Class: ClassName=U_eps_adc Member=Component C13 Cap Semi
Added Member To Class: ClassName=U_eps_adc Member=Component C14 Cap Semi
Added Member To Class: ClassName=U_eps_adc Member=Component C15 Cap Semi
Added Member To Class: ClassName=U_obc_32m1 Member=Component C16 Cap Semi
Added Member To Class: ClassName=U_obc_32m1 Member=Component C17 Cap Semi
Added Member To Class: ClassName=U_obc_32m1 Member=Component C18 Cap Semi
Added Member To Class: ClassName=U_eps_pex Member=Component C21 Cap Semi
Added Member To Class: ClassName=U_eps_32m1 Member=Component C22 Cap Semi
Added Member To Class: ClassName=U_eps_32m1 Member=Component C23 Cap Semi
Added Member To Class: ClassName=U_eps_32m1 Member=Component C24 Cap Semi
Added Member To Class: ClassName=U_eps_32m1 Member=Component C25 1%
Added Member To Class: ClassName=U_eps_32m1 Member=Component C26 1%
Added Member To Class: ClassName=U_eps_bb1 Member=Component C27 Cap
Added Member To Class: ClassName=U_eps_bb1 Member=Component C28 Cap Semi
Added Member To Class: ClassName=U_eps_bb2 Member=Component C29 Cap
Added Member To Class: ClassName=U_eps_bb2 Member=Component C30 Cap Semi
Added Member To Class: ClassName=U_obc_can_transceiver Member=Component C31 Cap Semi
Added Member To Class: ClassName=U_obc_can_transceiver Member=Component C32 Cap Semi
Added Member To Class: ClassName=U_obc_can_transceiver Member=Component C33 Ceramic
Added Member To Class: ClassName=U_obc_can_transceiver Member=Component C34 0.1uF
Added Member To Class: ClassName=U_eps_can_transceiver Member=Component C36 Cap Semi
Added Member To Class: ClassName=U_eps_can_transceiver Member=Component C37 Cap Semi
Added Member To Class: ClassName=U_eps_can_transceiver Member=Component C38 Ceramic
Added Member To Class: ClassName=U_eps_can_transceiver Member=Component C39 0.1uF
Added Member To Class: ClassName=U_eps_flash Member=Component C40 Cap Semi
Added Member To Class: ClassName=U_eps_bt1 Member=Component C41 Cap Semi
Added Member To Class: ClassName=U_eps_bt1 Member=Component C42 
Added Member To Class: ClassName=U_eps_bt2 Member=Component C43 Cap Semi
Added Member To Class: ClassName=U_eps_bt2 Member=Component C44 
Added Member To Class: ClassName=U_obc_32m1 Member=Component C? 1%
Added Member To Class: ClassName=U_eps_bt1 Member=Component Ccomp1 
Added Member To Class: ClassName=U_eps_bt2 Member=Component Ccomp2 
Added Member To Class: ClassName=U_eps_bb1 Member=Component Cin1 Cap
Added Member To Class: ClassName=U_eps_bb2 Member=Component Cin2 Cap
Added Member To Class: ClassName=U_eps_bt1 Member=Component Cin3 
Added Member To Class: ClassName=U_eps_bt2 Member=Component Cin4 
Added Member To Class: ClassName=U_eps_bt1 Member=Component CinA1 
Added Member To Class: ClassName=U_eps_bt2 Member=Component CinA2 
Added Member To Class: ClassName=U_eps_bb1 Member=Component Cout1 Cap
Added Member To Class: ClassName=U_eps_bb2 Member=Component Cout2 Cap
Added Member To Class: ClassName=U_eps_bb1 Member=Component Coutx1 Cap
Added Member To Class: ClassName=U_eps_bb2 Member=Component Coutx2 Cap
Added Member To Class: ClassName=U_eps_bt1 Member=Component CvccA1 
Added Member To Class: ClassName=U_eps_bt2 Member=Component CvccA2 
Added Member To Class: ClassName=U_obc_32m1 Member=Component D1 RST
Added Member To Class: ClassName=U_obc_32m1 Member=Component D2 RXCAN
Added Member To Class: ClassName=U_obc_32m1 Member=Component D3 TXCAN
Added Member To Class: ClassName=U_obc_32m1 Member=Component D4 RXLIN
Added Member To Class: ClassName=U_obc_32m1 Member=Component D5 TXLIN
Added Member To Class: ClassName=U_obc_32m1 Member=Component D6 LED2
Added Member To Class: ClassName=U_eps_32m1 Member=Component D7 RST
Added Member To Class: ClassName=U_eps_32m1 Member=Component D8 RXCAN
Added Member To Class: ClassName=U_eps_32m1 Member=Component D9 TXCAN
Added Member To Class: ClassName=U_eps_32m1 Member=Component D10 RXLIN
Added Member To Class: ClassName=U_eps_32m1 Member=Component D11 TXLIN
Added Member To Class: ClassName=U_eps_32m1 Member=Component D12 LED2
Added Member To Class: ClassName=bus-main Member=Component J1 D Connector 25
Added Member To Class: ClassName=U_eps_bb1 Member=Component L1 Inductor
Added Member To Class: ClassName=U_eps_bb2 Member=Component L2 Inductor
Added Member To Class: ClassName=U_eps_bt1 Member=Component LA1 
Added Member To Class: ClassName=U_eps_bt2 Member=Component LA2 
Added Member To Class: ClassName=U_obc_32m1 Member=Component P1 3x2 Male/IDC
Added Member To Class: ClassName=U_obc_32m1 Member=Component P2 2x2 Female
Added Member To Class: ClassName=U_eps_32m1 Member=Component P3 3x2 Male/IDC
Added Member To Class: ClassName=U_eps_32m1 Member=Component P4 2x2 Female
Added Member To Class: ClassName=U_eps_pv Member=Component P5 Header 5
Added Member To Class: ClassName=U_eps_pv Member=Component P6 Header 5
Added Member To Class: ClassName=U_eps_pv Member=Component P7 Header 5
Added Member To Class: ClassName=U_eps_pv Member=Component P8 Header 5
Added Member To Class: ClassName=bus-main Member=Component P? UHF UART
Added Member To Class: ClassName=U_obc_32m1 Member=Component R1 
Added Member To Class: ClassName=U_obc_32m1 Member=Component R2 Res3
Added Member To Class: ClassName=U_obc_32m1 Member=Component R3 Res3
Added Member To Class: ClassName=U_obc_32m1 Member=Component R4 Res3
Added Member To Class: ClassName=U_obc_32m1 Member=Component R5 Res3
Added Member To Class: ClassName=U_obc_32m1 Member=Component R6 Res3
Added Member To Class: ClassName=U_obc_32m1 Member=Component R7 Res3
Added Member To Class: ClassName=U_obc_main_3 Member=Component R8 Res3
Added Member To Class: ClassName=U_obc_main_3 Member=Component R9 Res3
Added Member To Class: ClassName=U_eps_pex Member=Component R10 Res3
Added Member To Class: ClassName=U_eps_pex Member=Component R11 Res3
Added Member To Class: ClassName=U_eps_pex Member=Component R12 Res3
Added Member To Class: ClassName=U_eps_pex Member=Component R13 Res3
Added Member To Class: ClassName=U_eps_32m1 Member=Component R14 
Added Member To Class: ClassName=U_eps_32m1 Member=Component R15 Res3
Added Member To Class: ClassName=U_eps_32m1 Member=Component R16 Res3
Added Member To Class: ClassName=U_eps_32m1 Member=Component R17 Res3
Added Member To Class: ClassName=U_eps_32m1 Member=Component R18 Res3
Added Member To Class: ClassName=U_eps_32m1 Member=Component R19 Res3
Added Member To Class: ClassName=U_eps_32m1 Member=Component R20 Res3
Added Member To Class: ClassName=U_eps_bb1 Member=Component R21 Res1
Added Member To Class: ClassName=U_eps_bb1 Member=Component R22 Res1
Added Member To Class: ClassName=U_eps_bb1 Member=Component R23 Res1
Added Member To Class: ClassName=U_eps_bb2 Member=Component R24 Res1
Added Member To Class: ClassName=U_eps_bb2 Member=Component R25 Res1
Added Member To Class: ClassName=U_eps_bb2 Member=Component R26 Res1
Added Member To Class: ClassName=U_eps_digital Member=Component R27 Res3
Added Member To Class: ClassName=U_eps_digital Member=Component R28 Res3
Added Member To Class: ClassName=U_eps_digital Member=Component R29 Res3
Added Member To Class: ClassName=U_eps_digital Member=Component R30 Res3
Added Member To Class: ClassName=U_eps_digital Member=Component R31 Res3
Added Member To Class: ClassName=U_eps_digital Member=Component R32 Res3
Added Member To Class: ClassName=U_obc_can_transceiver Member=Component R33 
Added Member To Class: ClassName=U_obc_can_transceiver Member=Component R34 0603
Added Member To Class: ClassName=U_obc_can_transceiver Member=Component R35 
Added Member To Class: ClassName=U_obc_can_transceiver Member=Component R36 100
Added Member To Class: ClassName=U_obc_can_transceiver Member=Component R37 0603
Added Member To Class: ClassName=U_obc_can_transceiver Member=Component R38 
Added Member To Class: ClassName=U_eps_can_transceiver Member=Component R39 
Added Member To Class: ClassName=U_eps_can_transceiver Member=Component R40 0603
Added Member To Class: ClassName=U_eps_can_transceiver Member=Component R41 
Added Member To Class: ClassName=U_eps_can_transceiver Member=Component R42 100
Added Member To Class: ClassName=U_eps_can_transceiver Member=Component R43 0603
Added Member To Class: ClassName=U_eps_can_transceiver Member=Component R44 
Added Member To Class: ClassName=U_eps_pv Member=Component R45 Res1
Added Member To Class: ClassName=U_eps_pv Member=Component R46 Res1
Added Member To Class: ClassName=U_eps_pv Member=Component R47 Res1
Added Member To Class: ClassName=U_eps_pv Member=Component R48 Res1
Added Member To Class: ClassName=U_eps_bt1 Member=Component RcompA1 
Added Member To Class: ClassName=U_eps_bt2 Member=Component RcompA2 
Added Member To Class: ClassName=U_eps_bb1 Member=Component Rfbb1 Res1
Added Member To Class: ClassName=U_eps_bb2 Member=Component Rfbb2 Res1
Added Member To Class: ClassName=U_eps_bb1 Member=Component Rfbt1
Added Member To Class: ClassName=U_eps_bb2 Member=Component Rfbt2 Rfbt1
Added Member To Class: ClassName=U_eps_bt1 Member=Component RlimA1 
Added Member To Class: ClassName=U_eps_bt2 Member=Component RlimA2 
Added Member To Class: ClassName=U_obc_32m1 Member=Component S1 SW-DPDT
Added Member To Class: ClassName=U_obc_32m1 Member=Component S2 SW-PB
Added Member To Class: ClassName=U_eps_32m1 Member=Component S3 SW-DPDT
Added Member To Class: ClassName=U_eps_32m1 Member=Component S4 SW-PB
Added Member To Class: ClassName=U_obc_32m1 Member=Component U1 ATMega32M1
Added Member To Class: ClassName=U_eps_pex Member=Component U3 MCP23S17
Added Member To Class: ClassName=U_eps_32m1 Member=Component U4 ATMega32M1
Added Member To Class: ClassName=U_obc_rtc Member=Component U10 DS3234
Change Room Name: Old Name=U_obc_flash1 New Name=bus-main
Change Room Scope: Old Scope=InComponentClass('U_obc_flash1') New Scope=InComponentClass('bus-main')
