Removed Pin From Net: NetName=+5V Pin=*2-15
Removed Pin From Net: NetName=GND Pin=*2-33
Removed Pin From Net: NetName=GND Pin=*3-2
Removed Pin From Net: NetName=GND Pin=*4-2
Removed Pin From Net: NetName=+3V3 Pin=20-1
Removed Pin From Net: NetName=NetR33_U_obc_flash3_1 Pin=20-2
Removed Pin From Net: NetName=NetR33_U_obc_flash1_1 Pin=22-1
Removed Pin From Net: NetName=+3V3 Pin=22-2
Removed Pin From Net: NetName=+5V Pin=C12-1
Removed Pin From Net: NetName=NetR29_1 Pin=C34-2
Removed Pin From Net: NetName=GND Pin=DEP. SWITCH / RBF PIN1-1
Removed Pin From Net: NetName=Net-BATT1_1 Pin=DEP. SWITCH / RBF PIN1-4
Removed Pin From Net: NetName=RST Pin=R1-1
Removed Pin From Net: NetName=RST_EPS Pin=R14-1
Removed Pin From Net: NetName=+3V3 Pin=R33-2
Removed Pin From Net: NetName=EPS_MISO_A Pin=U5-3
Change Component Footprint: Designator=L1 Old Footprint=541-1082-1-ND New Footprint=1608[0603]
Change Component Footprint: Designator=L2 Old Footprint=541-1082-1-ND New Footprint=1608[0603]
Change Component Footprint: Designator=LA1 Old Footprint=541-1082-1-ND New Footprint=1608[0603]
Change Component Footprint: Designator=LA2 Old Footprint=541-1082-1-ND New Footprint=1608[0603]
Change Component Designator: OldDesignator= NewDesignator=D12
Change Component Designator: OldDesignator= NewDesignator=R2
Change Component Designator: OldDesignator= NewDesignator=R3
Change Component Designator: OldDesignator= NewDesignator=R4
Change Component Designator: OldDesignator= NewDesignator=R5
Change Component Designator: OldDesignator= NewDesignator=R6
Change Component Designator: OldDesignator= NewDesignator=R7
Change Component Designator: OldDesignator= NewDesignator=R15
Change Component Designator: OldDesignator= NewDesignator=R16
Change Component Designator: OldDesignator= NewDesignator=R17
Change Component Designator: OldDesignator= NewDesignator=R18
Change Component Designator: OldDesignator= NewDesignator=R19
Change Component Designator: OldDesignator=3V3 NewDesignator=D6
Change Component Designator: OldDesignator=5V NewDesignator=R20
Change Component Designator: OldDesignator=C35 NewDesignator=C35_U_obc_flash1
Change Component Designator: OldDesignator=C35 NewDesignator=C35_U_obc_flash2
Change Component Designator: OldDesignator=C35 NewDesignator=C35_U_obc_flash3
Change Component Designator: OldDesignator=EPS NewDesignator=P6
Change Component Designator: OldDesignator=EPS NewDesignator=S3
Change Component Designator: OldDesignator=EPS NewDesignator=S4
Change Component Designator: OldDesignator=EPS NewDesignator=U4
Change Component Designator: OldDesignator=EPS CAN NewDesignator=U8
Change Component Designator: OldDesignator=EPS MEM NewDesignator=U9
Change Component Designator: OldDesignator=EPS PEX NewDesignator=U3
Change Component Designator: OldDesignator=EPS RST NewDesignator=D7
Change Component Designator: OldDesignator=EPS RX NewDesignator=D10
Change Component Designator: OldDesignator=EPS RXCAN NewDesignator=D8
Change Component Designator: OldDesignator=EPS TX NewDesignator=D11
Change Component Designator: OldDesignator=EPS TXCAN NewDesignator=D9
Change Component Designator: OldDesignator=OBC 32M1 NewDesignator=U1
Change Component Designator: OldDesignator=OBC NewDesignator=P1
Change Component Designator: OldDesignator=OBC NewDesignator=S1
Change Component Designator: OldDesignator=OBC-MEM1 NewDesignator=U7_U_obc_flash1
Change Component Designator: OldDesignator=OBC-MEM2 NewDesignator=U7_U_obc_flash2
Change Component Designator: OldDesignator=OBC-MEM3 NewDesignator=U7_U_obc_flash3
Change Component Designator: OldDesignator=OBC CAN NewDesignator=U6
Change Component Designator: OldDesignator=OBC RST NewDesignator=D1
Change Component Designator: OldDesignator=OBC RX NewDesignator=D4
Change Component Designator: OldDesignator=OBC RXCAN NewDesignator=D2
Change Component Designator: OldDesignator=OBC TX NewDesignator=D5
Change Component Designator: OldDesignator=OBC TX NewDesignator=P4
Change Component Designator: OldDesignator=OBC TXCAN NewDesignator=D3
Change Component Designator: OldDesignator=R33 NewDesignator=R33_U_obc_flash2
Change Component Designator: OldDesignator=Real Time Clock NewDesignator=U10
Change Component Designator: OldDesignator=RESET OBC NewDesignator=S2
Added Component: Designator=C16(1608[0603])
Add component. Clean all parameters for all variants
Add component (AddParameter): Name = "LatestRevisionDate"; Value = "29-May-2009"; VariantName = "[No Variations]"
Add component (AddParameter): Name = "LatestRevisionNote"; Value = "IPC-7351 Footprint Added."; VariantName = "[No Variations]"
Add component (AddParameter): Name = "PackageDescription"; Value = "Chip Capacitor"; VariantName = "[No Variations]"
Add component (AddParameter): Name = "PackageReference"; Value = "C1206"; VariantName = "[No Variations]"
Add component (AddParameter): Name = "Published"; Value = "8-Jun-2000"; VariantName = "[No Variations]"
Add component (AddParameter): Name = "Publisher"; Value = "Altium Limited"; VariantName = "[No Variations]"
Add component (AddParameter): Name = "Value"; Value = "150pF"; VariantName = "[No Variations]"
Added Component: Designator=C45(1608[0603])
Add component. Clean all parameters for all variants
Add component (AddParameter): Name = "LatestRevisionDate"; Value = "29-May-2009"; VariantName = "[No Variations]"
Add component (AddParameter): Name = "LatestRevisionNote"; Value = "IPC-7351 Footprint Added."; VariantName = "[No Variations]"
Add component (AddParameter): Name = "PackageDescription"; Value = "Chip Capacitor"; VariantName = "[No Variations]"
Add component (AddParameter): Name = "PackageReference"; Value = "C1206"; VariantName = "[No Variations]"
Add component (AddParameter): Name = "Published"; Value = "8-Jun-2000"; VariantName = "[No Variations]"
Add component (AddParameter): Name = "Publisher"; Value = "Altium Limited"; VariantName = "[No Variations]"
Add component (AddParameter): Name = "Value"; Value = "C_small"; VariantName = "[No Variations]"
Added Component: Designator=R33_U_obc_flash1(J1-0603)
Add component. Clean all parameters for all variants
Add component (AddParameter): Name = "LatestRevisionDate"; Value = "29-May-2009"; VariantName = "[No Variations]"
Add component (AddParameter): Name = "LatestRevisionNote"; Value = "IPC-7351 Footprint Added."; VariantName = "[No Variations]"
Add component (AddParameter): Name = "PackageDescription"; Value = "Chip Resistor"; VariantName = "[No Variations]"
Add component (AddParameter): Name = "PackageReference"; Value = "J1-0603"; VariantName = "[No Variations]"
Add component (AddParameter): Name = "Published"; Value = "8-Jun-2000"; VariantName = "[No Variations]"
Add component (AddParameter): Name = "Publisher"; Value = "Altium Limited"; VariantName = "[No Variations]"
Add component (AddParameter): Name = "Value"; Value = "30K"; VariantName = "[No Variations]"
Added Component: Designator=R33_U_obc_flash3(J1-0603)
Add component. Clean all parameters for all variants
Add component (AddParameter): Name = "LatestRevisionDate"; Value = "29-May-2009"; VariantName = "[No Variations]"
Add component (AddParameter): Name = "LatestRevisionNote"; Value = "IPC-7351 Footprint Added."; VariantName = "[No Variations]"
Add component (AddParameter): Name = "PackageDescription"; Value = "Chip Resistor"; VariantName = "[No Variations]"
Add component (AddParameter): Name = "PackageReference"; Value = "J1-0603"; VariantName = "[No Variations]"
Add component (AddParameter): Name = "Published"; Value = "8-Jun-2000"; VariantName = "[No Variations]"
Add component (AddParameter): Name = "Publisher"; Value = "Altium Limited"; VariantName = "[No Variations]"
Add component (AddParameter): Name = "Value"; Value = "30K"; VariantName = "[No Variations]"
Added Component: Designator=RBF PIN/DEP SWITCH(CUI_SJ1-3544)
Add component. Clean all parameters for all variants
Add component (AddParameter): Name = "Value"; Value = ""; VariantName = "[No Variations]"
Added Pin To Net: NetName=Net*2_15 Pin=*2-15
Added Pin To Net: NetName=Net*2_15 Pin=C12-1
Added Pin To Net: NetName=-PACK Pin=C16-1
Added Pin To Net: NetName=GND Pin=C16-2
Added Pin To Net: NetName=GND Pin=C45-1
Added Pin To Net: NetName=Net*2_8 Pin=C45-2
Added Pin To Net: NetName=NetR33_U_obc_flash1_1 Pin=R33_U_obc_flash1-1
Added Pin To Net: NetName=GND Pin=R33_U_obc_flash1-2
Added Pin To Net: NetName=GND Pin=R33_U_obc_flash2-2
Added Pin To Net: NetName=NetR33_U_obc_flash3_1 Pin=R33_U_obc_flash3-1
Added Pin To Net: NetName=GND Pin=R33_U_obc_flash3-2
Added Pin To Net: NetName=Net-BATT1_1 Pin=RBF PIN/DEP SWITCH-2
Added Pin To Net: NetName=GND Pin=RBF PIN/DEP SWITCH-4
Added Pin To Net: NetName=EPS_RX Pin=U5-3
Added Member To Class: ClassName=U_eps_adc Member=Component C16 Cap Semi
Added Member To Class: ClassName=U_obc_flash1 Member=Component C35_U_obc_flash1 (C35) Cap Semi
Added Member To Class: ClassName=U_obc_flash2 Member=Component C35_U_obc_flash2 (C35) Cap Semi
Added Member To Class: ClassName=U_obc_flash3 Member=Component C35_U_obc_flash3 (C35) Cap Semi
Added Member To Class: ClassName=U_eps_batt Member=Component C45 Cap Semi
Added Member To Class: ClassName=U_obc_32m1 Member=Component D1 RST
Added Member To Class: ClassName=U_obc_32m1 Member=Component D2 RXCAN
Added Member To Class: ClassName=U_obc_32m1 Member=Component D3 TXCAN
Added Member To Class: ClassName=U_obc_32m1 Member=Component D4 RXLIN
Added Member To Class: ClassName=U_obc_32m1 Member=Component D5 TXLIN
Added Member To Class: ClassName=U_obc_32m1 Member=Component D6 LED2
Added Member To Class: ClassName=U_eps_32m1 Member=Component D7 RST
Added Member To Class: ClassName=U_eps_32m1 Member=Component D8 RXCAN
Added Member To Class: ClassName=U_eps_32m1 Member=Component D9 TXCAN
Added Member To Class: ClassName=U_eps_32m1 Member=Component D10 RXLIN
Added Member To Class: ClassName=U_eps_32m1 Member=Component D11 TXLIN
Added Member To Class: ClassName=U_eps_32m1 Member=Component D12 LED2
Added Member To Class: ClassName=U_obc_32m1 Member=Component P1 3x2 Male/IDC
Added Member To Class: ClassName=bus-main Member=Component P4 UHF PWR
Added Member To Class: ClassName=U_eps_32m1 Member=Component P6 3x2 Male/IDC
Added Member To Class: ClassName=U_obc_32m1 Member=Component R2 Res3
Added Member To Class: ClassName=U_obc_32m1 Member=Component R3 Res3
Added Member To Class: ClassName=U_obc_32m1 Member=Component R4 Res3
Added Member To Class: ClassName=U_obc_32m1 Member=Component R5 Res3
Added Member To Class: ClassName=U_obc_32m1 Member=Component R6 Res3
Added Member To Class: ClassName=U_obc_32m1 Member=Component R7 Res3
Added Member To Class: ClassName=U_eps_32m1 Member=Component R15 Res3
Added Member To Class: ClassName=U_eps_32m1 Member=Component R16 Res3
Added Member To Class: ClassName=U_eps_32m1 Member=Component R17 Res3
Added Member To Class: ClassName=U_eps_32m1 Member=Component R18 Res3
Added Member To Class: ClassName=U_eps_32m1 Member=Component R19 Res3
Added Member To Class: ClassName=U_eps_32m1 Member=Component R20 Res3
Added Member To Class: ClassName=U_obc_flash1 Member=Component R33_U_obc_flash1 (R33) 
Added Member To Class: ClassName=U_obc_flash2 Member=Component R33_U_obc_flash2 (R33) 
Added Member To Class: ClassName=U_obc_flash3 Member=Component R33_U_obc_flash3 (R33) 
Added Member To Class: ClassName=U_eps_batt Member=Component RBF PIN/DEP SWITCH SJ1-3544
Added Member To Class: ClassName=U_obc_32m1 Member=Component S1 SW-DPDT
Added Member To Class: ClassName=U_obc_32m1 Member=Component S2 SW-PB
Added Member To Class: ClassName=U_eps_32m1 Member=Component S3 SW-DPDT
Added Member To Class: ClassName=U_eps_32m1 Member=Component S4 SW-PB
Added Member To Class: ClassName=U_obc_32m1 Member=Component U1 ATMega32M1
Added Member To Class: ClassName=U_eps_pex Member=Component U3 MCP23S17
Added Member To Class: ClassName=U_eps_32m1 Member=Component U4 ATMega32M1
Added Member To Class: ClassName=U_obc_can_transceiver Member=Component U6 SN65HVD233D
Added Member To Class: ClassName=U_obc_flash1 Member=Component U7_U_obc_flash1 (U7) SST26VF016B
Added Member To Class: ClassName=U_obc_flash2 Member=Component U7_U_obc_flash2 (U7) SST26VF016B
Added Member To Class: ClassName=U_obc_flash3 Member=Component U7_U_obc_flash3 (U7) SST26VF016B
Added Member To Class: ClassName=U_eps_can_transceiver Member=Component U8 SN65HVD233D
Added Member To Class: ClassName=U_eps_flash Member=Component U9 SST26VF016B
Added Member To Class: ClassName=U_obc_rtc Member=Component U10 DS3234
Added Room: Name=bus-main
Added Room: Name=U_eps_32m1
Added Room: Name=U_eps_adc
Added Room: Name=U_eps_batt
Added Room: Name=U_eps_bb1
Added Room: Name=U_eps_bb2
Added Room: Name=U_eps_bt1
Added Room: Name=U_eps_bt2
Added Room: Name=U_eps_can_transceiver
Added Room: Name=U_eps_digital
Added Room: Name=U_eps_flash
Added Room: Name=U_eps_pex
Added Room: Name=U_eps_pv
Added Room: Name=U_obc_32m1
Added Room: Name=U_obc_can_transceiver
Added Room: Name=U_obc_flash1
Added Room: Name=U_obc_flash2
Added Room: Name=U_obc_flash3
Added Room: Name=U_obc_main_3
Added Room: Name=U_obc_rtc
