Added Component: Designator=U7_U_obc_flash1(SOIC127P500X600-8N)
Add component. Clean all parameters for all variants
Add component (AddParameter): Name = "ComponentLink1Description"; Value = "SST25VF016B"; VariantName = "[No Variations]"
Add component (AddParameter): Name = "ComponentLink1URL"; Value = "https://www.digikey.ca/product-detail/en/microchip-technology/SST26VF016B-104I-SN/SST26VF016B-104I-SN-ND/5033651"; VariantName = "[No Variations]"
Add component (AddParameter): Name = "Supplier 1"; Value = "Digi-Key"; VariantName = "[No Variations]"
Add component (AddParameter): Name = "Supplier Part Number 1"; Value = "SST26VF016B-104I/SN-ND"; VariantName = "[No Variations]"
Added Component: Designator=U7_U_obc_flash2(SOIC127P500X600-8N)
Add component. Clean all parameters for all variants
Add component (AddParameter): Name = "ComponentLink1Description"; Value = "SST25VF016B"; VariantName = "[No Variations]"
Add component (AddParameter): Name = "ComponentLink1URL"; Value = "https://www.digikey.ca/product-detail/en/microchip-technology/SST26VF016B-104I-SN/SST26VF016B-104I-SN-ND/5033651"; VariantName = "[No Variations]"
Add component (AddParameter): Name = "Supplier 1"; Value = "Digi-Key"; VariantName = "[No Variations]"
Add component (AddParameter): Name = "Supplier Part Number 1"; Value = "SST26VF016B-104I/SN-ND"; VariantName = "[No Variations]"
Added Component: Designator=U7_U_obc_flash3(SOIC127P500X600-8N)
Add component. Clean all parameters for all variants
Add component (AddParameter): Name = "ComponentLink1Description"; Value = "SST25VF016B"; VariantName = "[No Variations]"
Add component (AddParameter): Name = "ComponentLink1URL"; Value = "https://www.digikey.ca/product-detail/en/microchip-technology/SST26VF016B-104I-SN/SST26VF016B-104I-SN-ND/5033651"; VariantName = "[No Variations]"
Add component (AddParameter): Name = "Supplier 1"; Value = "Digi-Key"; VariantName = "[No Variations]"
Add component (AddParameter): Name = "Supplier Part Number 1"; Value = "SST26VF016B-104I/SN-ND"; VariantName = "[No Variations]"
Added Component: Designator=U9(SOIC127P500X600-8N)
Add component. Clean all parameters for all variants
Add component (AddParameter): Name = "ComponentLink1Description"; Value = "SST25VF016B"; VariantName = "[No Variations]"
Add component (AddParameter): Name = "ComponentLink1URL"; Value = "https://www.digikey.ca/product-detail/en/microchip-technology/SST26VF016B-104I-SN/SST26VF016B-104I-SN-ND/5033651"; VariantName = "[No Variations]"
Add component (AddParameter): Name = "Supplier 1"; Value = "Digi-Key"; VariantName = "[No Variations]"
Add component (AddParameter): Name = "Supplier Part Number 1"; Value = "SST26VF016B-104I/SN-ND"; VariantName = "[No Variations]"
Added Pin To Net: NetName=NetU1_24 Pin=U7_U_obc_flash1-1
Added Pin To Net: NetName=NetU1_8 Pin=U7_U_obc_flash1-2
Added Pin To Net: NetName=+3V3 Pin=U7_U_obc_flash1-3
Added Pin To Net: NetName=GND Pin=U7_U_obc_flash1-4
Added Pin To Net: NetName=NetU1_9 Pin=U7_U_obc_flash1-5
Added Pin To Net: NetName=NetU1_28 Pin=U7_U_obc_flash1-6
Added Pin To Net: NetName=+3V3 Pin=U7_U_obc_flash1-7
Added Pin To Net: NetName=+3V3 Pin=U7_U_obc_flash1-8
Added Pin To Net: NetName=NetU1_23 Pin=U7_U_obc_flash2-1
Added Pin To Net: NetName=NetU1_8 Pin=U7_U_obc_flash2-2
Added Pin To Net: NetName=+3V3 Pin=U7_U_obc_flash2-3
Added Pin To Net: NetName=GND Pin=U7_U_obc_flash2-4
Added Pin To Net: NetName=NetU1_9 Pin=U7_U_obc_flash2-5
Added Pin To Net: NetName=NetU1_28 Pin=U7_U_obc_flash2-6
Added Pin To Net: NetName=+3V3 Pin=U7_U_obc_flash2-7
Added Pin To Net: NetName=+3V3 Pin=U7_U_obc_flash2-8
Added Pin To Net: NetName=NetU1_16 Pin=U7_U_obc_flash3-1
Added Pin To Net: NetName=NetU1_8 Pin=U7_U_obc_flash3-2
Added Pin To Net: NetName=+3V3 Pin=U7_U_obc_flash3-3
Added Pin To Net: NetName=GND Pin=U7_U_obc_flash3-4
Added Pin To Net: NetName=NetU1_9 Pin=U7_U_obc_flash3-5
Added Pin To Net: NetName=NetU1_28 Pin=U7_U_obc_flash3-6
Added Pin To Net: NetName=+3V3 Pin=U7_U_obc_flash3-7
Added Pin To Net: NetName=+3V3 Pin=U7_U_obc_flash3-8
Added Pin To Net: NetName=NetU4_16 Pin=U9-1
Added Pin To Net: NetName=Net*2_26 Pin=U9-2
Added Pin To Net: NetName=+3V3 Pin=U9-3
Added Pin To Net: NetName=GND Pin=U9-4
Added Pin To Net: NetName=Net*2_25 Pin=U9-5
Added Pin To Net: NetName=Net*2_24 Pin=U9-6
Added Pin To Net: NetName=+3V3 Pin=U9-7
Added Pin To Net: NetName=+3V3 Pin=U9-8
Added Member To Class: ClassName=U_obc_32m1 Member=Component C? 1%
Added Member To Class: ClassName=bus-main Member=Component P? UHF UART
Added Member To Class: ClassName=U_obc_flash1 Member=Component U7_U_obc_flash1 (U7) SST26VF016B
Added Member To Class: ClassName=U_obc_flash2 Member=Component U7_U_obc_flash2 (U7) SST26VF016B
Added Member To Class: ClassName=U_obc_flash3 Member=Component U7_U_obc_flash3 (U7) SST26VF016B
Added Member To Class: ClassName=U_eps_flash Member=Component U9 SST26VF016B
