Removed Member From Class: ClassName=U_eps_adc Member=*9
Removed Member From Class: ClassName=U_eps_adc Member=*13
Removed Member From Class: ClassName=U_eps_pv Member=*18
Removed Member From Class: ClassName=U_eps_pv Member=*26
Removed Member From Class: ClassName=U_obc_32m1 Member=*?1
Removed Member From Class: ClassName=U_eps_bt2 Member=9
Removed Member From Class: ClassName=U_eps_bt1 Member=12
Removed Member From Class: ClassName=U_eps_bt2 Member=12
Removed Member From Class: ClassName=U_eps_bt1 Member=15
Removed Member From Class: ClassName=U_eps_bt2 Member=18
Removed Member From Class: ClassName=U_eps_batt Member=C4
Removed Member From Class: ClassName=U_eps_adc Member=C17
Removed Member From Class: ClassName=U_eps_32m1 Member=C21
Removed Member From Class: ClassName=U_obc_can_transceiver Member=C21
Removed Member From Class: ClassName=U_eps_pex Member=C27
Removed Member From Class: ClassName=U_eps_adc Member=C28
Removed Member From Class: ClassName=U_eps_32m1 Member=C29
Removed Member From Class: ClassName=U_eps_bb1 Member=C29
Removed Member From Class: ClassName=U_obc_can_transceiver Member=C29
Removed Member From Class: ClassName=U_eps_bt2 Member=C30
Removed Member From Class: ClassName=U_obc_32m1 Member=C35
Removed Member From Class: ClassName=U_eps_adc Member=C37
Removed Member From Class: ClassName=U_eps_batt Member=C37
Removed Member From Class: ClassName=U_obc_32m1 Member=C37
Removed Member From Class: ClassName=U_obc_flash3 Member=C_F3
Removed Member From Class: ClassName=U_eps_bt2 Member=Cin3
Removed Member From Class: ClassName=U_obc_32m1 Member=P3
Removed Member From Class: ClassName=U_eps_32m1 Member=P4
Removed Member From Class: ClassName=U_obc_can_transceiver Member=R5
Removed Member From Class: ClassName=U_eps_batt Member=R15
Removed Member From Class: ClassName=U_eps_pex Member=R15
Removed Member From Class: ClassName=U_eps_digital Member=R18
Removed Member From Class: ClassName=U_eps_pex Member=R23
Removed Member From Class: ClassName=U_eps_32m1 Member=R25
Removed Member From Class: ClassName=U_eps_32m1 Member=R27
Removed Member From Class: ClassName=U_eps_pv Member=R29
Removed Member From Class: ClassName=U_obc_32m1 Member=R29
Removed Member From Class: ClassName=U_eps_bb1 Member=R30
Removed Member From Class: ClassName=U_eps_32m1 Member=R32
Removed Member From Class: ClassName=U_eps_batt Member=R35
Removed Member From Class: ClassName=U_eps_bb1 Member=R35
Removed Member From Class: ClassName=U_eps_bb2 Member=R36
Removed Member From Class: ClassName=U_eps_pv Member=R39
Removed Member From Class: ClassName=U_eps_batt Member=R43
Removed Member From Class: ClassName=U_eps_pex Member=R43
Removed Member From Class: ClassName=U_eps_can_transceiver Member=R45
Removed Member From Class: ClassName=U_obc_32m1 Member=R45
Removed Member From Class: ClassName=U_obc_can_transceiver Member=R46
Removed Member From Class: ClassName=U_obc_32m1 Member=R48
Removed Member From Class: ClassName=U_eps_32m1 Member=S?1
Change Component Designator: OldDesignator=*1 NewDesignator=*20
Change Component Designator: OldDesignator=*2 NewDesignator=*17
Change Component Designator: OldDesignator=*3 NewDesignator=*27
Change Component Designator: OldDesignator=*4 NewDesignator=*21
Change Component Designator: OldDesignator=*5 NewDesignator=*18
Change Component Designator: OldDesignator=*6 NewDesignator=*26
Change Component Designator: OldDesignator=*7 NewDesignator=*22
Change Component Designator: OldDesignator=*8 NewDesignator=*2
Change Component Designator: OldDesignator=*9 NewDesignator=*23
Change Component Designator: OldDesignator=*10 NewDesignator=*25
Change Component Designator: OldDesignator=*11 NewDesignator=*16
Change Component Designator: OldDesignator=*12 NewDesignator=*1
Change Component Designator: OldDesignator=*13 NewDesignator=*14
Change Component Designator: OldDesignator=*14 NewDesignator=*24
Change Component Designator: OldDesignator=*15 NewDesignator=*9
Change Component Designator: OldDesignator=*16 NewDesignator=*28
Change Component Designator: OldDesignator=*17 NewDesignator=*19
Change Component Designator: OldDesignator=*18 NewDesignator=*7
Change Component Designator: OldDesignator=*19 NewDesignator=*11
Change Component Designator: OldDesignator=*20 NewDesignator=*8
Change Component Designator: OldDesignator=*21 NewDesignator=*10
Change Component Designator: OldDesignator=*22 NewDesignator=*15
Change Component Designator: OldDesignator=*23 NewDesignator=*12
Change Component Designator: OldDesignator=*24 NewDesignator=*13
Change Component Designator: OldDesignator=*25 NewDesignator=*5
Change Component Designator: OldDesignator=*26 NewDesignator=*6
Change Component Designator: OldDesignator=*27 NewDesignator=*30
Change Component Designator: OldDesignator=*28 NewDesignator=*4
Change Component Designator: OldDesignator=*?1 NewDesignator=*29
Change Component Designator: OldDesignator=*?2 NewDesignator=*3
Change Component Designator: OldDesignator=1 NewDesignator=18
Change Component Designator: OldDesignator=2 NewDesignator=11
Change Component Designator: OldDesignator=3 NewDesignator=12
Change Component Designator: OldDesignator=4 NewDesignator=17
Change Component Designator: OldDesignator=5 NewDesignator=13
Change Component Designator: OldDesignator=6 NewDesignator=16
Change Component Designator: OldDesignator=7 NewDesignator=15
Change Component Designator: OldDesignator=8 NewDesignator=3
Change Component Designator: OldDesignator=9 NewDesignator=2
Change Component Designator: OldDesignator=10 NewDesignator=6
Change Component Designator: OldDesignator=11 NewDesignator=1
Change Component Designator: OldDesignator=12 NewDesignator=7
Change Component Designator: OldDesignator=13 NewDesignator=4
Change Component Designator: OldDesignator=14 NewDesignator=10
Change Component Designator: OldDesignator=15 NewDesignator=5
Change Component Designator: OldDesignator=16 NewDesignator=8
Change Component Designator: OldDesignator=17 NewDesignator=9
Change Component Designator: OldDesignator=18 NewDesignator=14
Change Component Designator: OldDesignator=21 NewDesignator=R33_U_obc_flash2
Change Component Designator: OldDesignator=23 NewDesignator=D6
Change Component Designator: OldDesignator=24 NewDesignator=D12
Change Component Designator: OldDesignator=BT1 NewDesignator=BT2
Change Component Designator: OldDesignator=BT2 NewDesignator=BT1
Change Component Designator: OldDesignator=C1 NewDesignator=C15
Change Component Designator: OldDesignator=C2 NewDesignator=C16
Change Component Designator: OldDesignator=C3 NewDesignator=C13
Change Component Designator: OldDesignator=C4 NewDesignator=C14
Change Component Designator: OldDesignator=C5 NewDesignator=C11
Change Component Designator: OldDesignator=C6 NewDesignator=C12
Change Component Designator: OldDesignator=C7 NewDesignator=C9
Change Component Designator: OldDesignator=C8 NewDesignator=C10
Change Component Designator: OldDesignator=C9 NewDesignator=C7
Change Component Designator: OldDesignator=C10 NewDesignator=C4
Change Component Designator: OldDesignator=C11 NewDesignator=C8
Change Component Designator: OldDesignator=C12 NewDesignator=C5
Change Component Designator: OldDesignator=C13 NewDesignator=C3
Change Component Designator: OldDesignator=C14 NewDesignator=C1
Change Component Designator: OldDesignator=C15 NewDesignator=C6
Change Component Designator: OldDesignator=C16 NewDesignator=C2
Change Component Designator: OldDesignator=C17 NewDesignator=C45
Change Component Designator: OldDesignator=C18 NewDesignator=C44
Change Component Designator: OldDesignator=C19 NewDesignator=C29
Change Component Designator: OldDesignator=C20 NewDesignator=C30
Change Component Designator: OldDesignator=C21 NewDesignator=C42
Change Component Designator: OldDesignator=C22 NewDesignator=C28
Change Component Designator: OldDesignator=C23 NewDesignator=C43
Change Component Designator: OldDesignator=C24 NewDesignator=C41
Change Component Designator: OldDesignator=C25 NewDesignator=C22
Change Component Designator: OldDesignator=C26 NewDesignator=C27
Change Component Designator: OldDesignator=C27 NewDesignator=C26
Change Component Designator: OldDesignator=C28 NewDesignator=C17
Change Component Designator: OldDesignator=C29 NewDesignator=C40
Change Component Designator: OldDesignator=C30 NewDesignator=C24
Change Component Designator: OldDesignator=C31 NewDesignator=C23
Change Component Designator: OldDesignator=C32 NewDesignator=C25
Change Component Designator: OldDesignator=C33 NewDesignator=C18
Change Component Designator: OldDesignator=C34 NewDesignator=C19
Change Component Designator: OldDesignator=C35 NewDesignator=C33
Change Component Designator: OldDesignator=C36 NewDesignator=C39
Change Component Designator: OldDesignator=C37 NewDesignator=C34
Change Component Designator: OldDesignator=C39 NewDesignator=C36
Change Component Designator: OldDesignator=C40 NewDesignator=C31
Change Component Designator: OldDesignator=C41 NewDesignator=C37
Change Component Designator: OldDesignator=C42 NewDesignator=C32
Change Component Designator: OldDesignator=C?1 NewDesignator=C21
Change Component Designator: OldDesignator=C?2 NewDesignator=C20
Change Component Designator: OldDesignator=C_F1 NewDesignator=C35_U_obc_flash3
Change Component Designator: OldDesignator=C_F2 NewDesignator=C35_U_obc_flash2
Change Component Designator: OldDesignator=C_F3 NewDesignator=C35_U_obc_flash1
Change Component Designator: OldDesignator=Ccomp1 NewDesignator=Ccomp2
Change Component Designator: OldDesignator=Ccomp2 NewDesignator=Ccomp1
Change Component Designator: OldDesignator=Cin1 NewDesignator=Cin4
Change Component Designator: OldDesignator=Cin3 NewDesignator=Cin1
Change Component Designator: OldDesignator=Cin4 NewDesignator=Cin3
Change Component Designator: OldDesignator=CinA1 NewDesignator=CinA2
Change Component Designator: OldDesignator=CinA2 NewDesignator=CinA1
Change Component Designator: OldDesignator=CvccA1 NewDesignator=CvccA2
Change Component Designator: OldDesignator=CvccA2 NewDesignator=CvccA1
Change Component Designator: OldDesignator=EPS 1 NewDesignator=U4
Change Component Designator: OldDesignator=EPS_PEX1 NewDesignator=U3
Change Component Designator: OldDesignator=EPS_RST1 NewDesignator=D7
Change Component Designator: OldDesignator=EPS_RX1 NewDesignator=D10
Change Component Designator: OldDesignator=EPS_RXCAN1 NewDesignator=D8
Change Component Designator: OldDesignator=EPS_TX1 NewDesignator=D11
Change Component Designator: OldDesignator=EPS_TXCAN1 NewDesignator=D9
Change Component Designator: OldDesignator=EPS BUFFER1 NewDesignator=U5
Change Component Designator: OldDesignator=EPS CAN1 NewDesignator=U8
Change Component Designator: OldDesignator=EPS FLASH1 NewDesignator=U9
Change Component Designator: OldDesignator=LA1 NewDesignator=LA2
Change Component Designator: OldDesignator=LA2 NewDesignator=LA1
Change Component Designator: OldDesignator=OBC_1 NewDesignator=U1
Change Component Designator: OldDesignator=OBC_FLASH1 NewDesignator=U7_U_obc_flash3
Change Component Designator: OldDesignator=OBC_FLASH2 NewDesignator=U7_U_obc_flash2
Change Component Designator: OldDesignator=OBC_FLASH3 NewDesignator=U7_U_obc_flash1
Change Component Designator: OldDesignator=OBC_RST1 NewDesignator=D1
Change Component Designator: OldDesignator=OBC_RX1 NewDesignator=D4
Change Component Designator: OldDesignator=OBC_RXCAN1 NewDesignator=D2
Change Component Designator: OldDesignator=OBC_TX1 NewDesignator=D5
Change Component Designator: OldDesignator=OBC_TXCAN1 NewDesignator=D3
Change Component Designator: OldDesignator=OBC BUFFER1 NewDesignator=U2
Change Component Designator: OldDesignator=OBC CAN1 NewDesignator=U6
Change Component Designator: OldDesignator=OBC RTC1 NewDesignator=U10
Change Component Designator: OldDesignator=P1 NewDesignator=P10
Change Component Designator: OldDesignator=P2 NewDesignator=P11
Change Component Designator: OldDesignator=P3 NewDesignator=P9
Change Component Designator: OldDesignator=P4 NewDesignator=P8
Change Component Designator: OldDesignator=P5 NewDesignator=P7
Change Component Designator: OldDesignator=P6 NewDesignator=P2
Change Component Designator: OldDesignator=P7 NewDesignator=P1
Change Component Designator: OldDesignator=P8 NewDesignator=P6
Change Component Designator: OldDesignator=P?1 NewDesignator=P5
Change Component Designator: OldDesignator=P?2 NewDesignator=P3
Change Component Designator: OldDesignator=P?3 NewDesignator=P4
Change Component Designator: OldDesignator=Q1 NewDesignator=Q2
Change Component Designator: OldDesignator=Q2 NewDesignator=Q1
Change Component Designator: OldDesignator=R1 NewDesignator=R48
Change Component Designator: OldDesignator=R2 NewDesignator=R12
Change Component Designator: OldDesignator=R3 NewDesignator=R40
Change Component Designator: OldDesignator=R4 NewDesignator=R41
Change Component Designator: OldDesignator=R5 NewDesignator=R42
Change Component Designator: OldDesignator=R6 NewDesignator=R43
Change Component Designator: OldDesignator=R7 NewDesignator=R49
Change Component Designator: OldDesignator=R8 NewDesignator=R47
Change Component Designator: OldDesignator=R9 NewDesignator=R46
Change Component Designator: OldDesignator=R10 NewDesignator=R45
Change Component Designator: OldDesignator=R11 NewDesignator=R44
Change Component Designator: OldDesignator=R12 NewDesignator=R11
Change Component Designator: OldDesignator=R13 NewDesignator=R9
Change Component Designator: OldDesignator=R14 NewDesignator=R10
Change Component Designator: OldDesignator=R15 NewDesignator=R8
Change Component Designator: OldDesignator=R16 NewDesignator=R23
Change Component Designator: OldDesignator=R17 NewDesignator=R24
Change Component Designator: OldDesignator=R18 NewDesignator=R22
Change Component Designator: OldDesignator=R19 NewDesignator=R21
Change Component Designator: OldDesignator=R20 NewDesignator=R1
Change Component Designator: OldDesignator=R21 NewDesignator=R25
Change Component Designator: OldDesignator=R22 NewDesignator=R26
Change Component Designator: OldDesignator=R23 NewDesignator=R14
Change Component Designator: OldDesignator=R24 NewDesignator=R13
Change Component Designator: OldDesignator=R25 NewDesignator=R31
Change Component Designator: OldDesignator=R26 NewDesignator=R35
Change Component Designator: OldDesignator=R27 NewDesignator=R28
Change Component Designator: OldDesignator=R28 NewDesignator=R38
Change Component Designator: OldDesignator=R29 NewDesignator=R37
Change Component Designator: OldDesignator=R30 NewDesignator=R19
Change Component Designator: OldDesignator=R31 NewDesignator=R29
Change Component Designator: OldDesignator=R33 NewDesignator=R34
Change Component Designator: OldDesignator=R34 NewDesignator=R15
Change Component Designator: OldDesignator=R35 NewDesignator=R16
Change Component Designator: OldDesignator=R36 NewDesignator=R17
Change Component Designator: OldDesignator=R37 NewDesignator=R18
Change Component Designator: OldDesignator=R38 NewDesignator=R20
Change Component Designator: OldDesignator=R39 NewDesignator=R6
Change Component Designator: OldDesignator=R40 NewDesignator=R5
Change Component Designator: OldDesignator=R41 NewDesignator=R4
Change Component Designator: OldDesignator=R42 NewDesignator=R3
Change Component Designator: OldDesignator=R43 NewDesignator=R2
Change Component Designator: OldDesignator=R44 NewDesignator=R7
Change Component Designator: OldDesignator=R45 NewDesignator=R36
Change Component Designator: OldDesignator=R46 NewDesignator=R27
Change Component Designator: OldDesignator=R47 NewDesignator=R30
Change Component Designator: OldDesignator=R48 NewDesignator=R39
Change Component Designator: OldDesignator=RcompA1 NewDesignator=RcompA2
Change Component Designator: OldDesignator=RcompA2 NewDesignator=RcompA1
Change Component Designator: OldDesignator=RlimA1 NewDesignator=RlimA2
Change Component Designator: OldDesignator=RlimA2 NewDesignator=RlimA1
Change Component Designator: OldDesignator=S1 NewDesignator=S2
Change Component Designator: OldDesignator=S2 NewDesignator=S1
Change Component Designator: OldDesignator=S3 NewDesignator=S4
Change Component Designator: OldDesignator=S?1 NewDesignator=S3
Change Component Designator: OldDesignator=U1 NewDesignator=U12
Change Component Designator: OldDesignator=U2 NewDesignator=U11
Change component parameters: Designator = "L1"; Footprint = "1608[0603]"; UniqueID = "\DSWLEJFJ\VGTQAUIA\FUTXESGD"
Change component parameters. Clean all parameters for all variants
Change component parameters (AddParameter): Name = "Code_IEC"; Value = "1005"; VariantName = "[No Variations]"
Change component parameters (AddParameter): Name = "Code_JEITA"; Value = "0402"; VariantName = "[No Variations]"
Change component parameters (AddParameter): Name = "LatestRevisionDate"; Value = "29-May-2009"; VariantName = "[No Variations]"
Change component parameters (AddParameter): Name = "LatestRevisionNote"; Value = "IPC-7351 Footprint Added."; VariantName = "[No Variations]"
Change component parameters (AddParameter): Name = "PackageDescription"; Value = "Chip Inductor"; VariantName = "[No Variations]"
Change component parameters (AddParameter): Name = "PackageReference"; Value = "0402-A"; VariantName = "[No Variations]"
Change component parameters (AddParameter): Name = "Published"; Value = "8-Jun-2000"; VariantName = "[No Variations]"
Change component parameters (AddParameter): Name = "Publisher"; Value = "Altium Limited"; VariantName = "[No Variations]"
Change component parameters (AddParameter): Name = "Value"; Value = "1.0µH"; VariantName = "[No Variations]"
Change component parameters: Designator = "L2"; Footprint = "1608[0603]"; UniqueID = "\DSWLEJFJ\YELPORYY\WKAYUYNG"
Change component parameters. Clean all parameters for all variants
Change component parameters (AddParameter): Name = "Code_IEC"; Value = "1005"; VariantName = "[No Variations]"
Change component parameters (AddParameter): Name = "Code_JEITA"; Value = "0402"; VariantName = "[No Variations]"
Change component parameters (AddParameter): Name = "LatestRevisionDate"; Value = "29-May-2009"; VariantName = "[No Variations]"
Change component parameters (AddParameter): Name = "LatestRevisionNote"; Value = "IPC-7351 Footprint Added."; VariantName = "[No Variations]"
Change component parameters (AddParameter): Name = "PackageDescription"; Value = "Chip Inductor"; VariantName = "[No Variations]"
Change component parameters (AddParameter): Name = "PackageReference"; Value = "0402-A"; VariantName = "[No Variations]"
Change component parameters (AddParameter): Name = "Published"; Value = "8-Jun-2000"; VariantName = "[No Variations]"
Change component parameters (AddParameter): Name = "Publisher"; Value = "Altium Limited"; VariantName = "[No Variations]"
Change component parameters (AddParameter): Name = "Value"; Value = "1.0µH"; VariantName = "[No Variations]"
Change component parameters: Designator = "R40"; Footprint = "1608[0603]"; UniqueID = "\DSWLEJFJ\XKCAFRLQ\BXGRJPJK"
Change component parameters. Clean all parameters for all variants
Change component parameters (AddParameter): Name = "LatestRevisionDate"; Value = "17-Jul-2002"; VariantName = "[No Variations]"
Change component parameters (AddParameter): Name = "LatestRevisionNote"; Value = "Re-released for DXP Platform."; VariantName = "[No Variations]"
Change component parameters (AddParameter): Name = "PackageDescription"; Value = "Axial Device, Thru-Hole; 2 Leads; 0.3 in Pin Spacing"; VariantName = "[No Variations]"
Change component parameters (AddParameter): Name = "PackageReference"; Value = "AXIAL-0.3"; VariantName = "[No Variations]"
Change component parameters (AddParameter): Name = "Published"; Value = "8-Jun-2000"; VariantName = "[No Variations]"
Change component parameters (AddParameter): Name = "Publisher"; Value = "Altium Limited"; VariantName = "[No Variations]"
Change component parameters (AddParameter): Name = "Value"; Value = "10mO"; VariantName = "[No Variations]"
Change component parameters: Designator = "R41"; Footprint = "1608[0603]"; UniqueID = "\DSWLEJFJ\XKCAFRLQ\LNMFWASW"
Change component parameters. Clean all parameters for all variants
Change component parameters (AddParameter): Name = "LatestRevisionDate"; Value = "17-Jul-2002"; VariantName = "[No Variations]"
Change component parameters (AddParameter): Name = "LatestRevisionNote"; Value = "Re-released for DXP Platform."; VariantName = "[No Variations]"
Change component parameters (AddParameter): Name = "PackageDescription"; Value = "Axial Device, Thru-Hole; 2 Leads; 0.3 in Pin Spacing"; VariantName = "[No Variations]"
Change component parameters (AddParameter): Name = "PackageReference"; Value = "AXIAL-0.3"; VariantName = "[No Variations]"
Change component parameters (AddParameter): Name = "Published"; Value = "8-Jun-2000"; VariantName = "[No Variations]"
Change component parameters (AddParameter): Name = "Publisher"; Value = "Altium Limited"; VariantName = "[No Variations]"
Change component parameters (AddParameter): Name = "Value"; Value = "10mO"; VariantName = "[No Variations]"
Change component parameters: Designator = "R42"; Footprint = "1608[0603]"; UniqueID = "\DSWLEJFJ\XKCAFRLQ\URFUUFCB"
Change component parameters. Clean all parameters for all variants
Change component parameters (AddParameter): Name = "LatestRevisionDate"; Value = "17-Jul-2002"; VariantName = "[No Variations]"
Change component parameters (AddParameter): Name = "LatestRevisionNote"; Value = "Re-released for DXP Platform."; VariantName = "[No Variations]"
Change component parameters (AddParameter): Name = "PackageDescription"; Value = "Axial Device, Thru-Hole; 2 Leads; 0.3 in Pin Spacing"; VariantName = "[No Variations]"
Change component parameters (AddParameter): Name = "PackageReference"; Value = "AXIAL-0.3"; VariantName = "[No Variations]"
Change component parameters (AddParameter): Name = "Published"; Value = "8-Jun-2000"; VariantName = "[No Variations]"
Change component parameters (AddParameter): Name = "Publisher"; Value = "Altium Limited"; VariantName = "[No Variations]"
Change component parameters (AddParameter): Name = "Value"; Value = "10mO"; VariantName = "[No Variations]"
Change component parameters: Designator = "R43"; Footprint = "1608[0603]"; UniqueID = "\DSWLEJFJ\XKCAFRLQ\WEXKSDJY"
Change component parameters. Clean all parameters for all variants
Change component parameters (AddParameter): Name = "LatestRevisionDate"; Value = "17-Jul-2002"; VariantName = "[No Variations]"
Change component parameters (AddParameter): Name = "LatestRevisionNote"; Value = "Re-released for DXP Platform."; VariantName = "[No Variations]"
Change component parameters (AddParameter): Name = "PackageDescription"; Value = "Axial Device, Thru-Hole; 2 Leads; 0.3 in Pin Spacing"; VariantName = "[No Variations]"
Change component parameters (AddParameter): Name = "PackageReference"; Value = "AXIAL-0.3"; VariantName = "[No Variations]"
Change component parameters (AddParameter): Name = "Published"; Value = "8-Jun-2000"; VariantName = "[No Variations]"
Change component parameters (AddParameter): Name = "Publisher"; Value = "Altium Limited"; VariantName = "[No Variations]"
Change component parameters (AddParameter): Name = "Value"; Value = "10mO"; VariantName = "[No Variations]"
Change component parameters: Designator = "R23"; Footprint = "1608[0603]"; UniqueID = "\DSWLEJFJ\VGTQAUIA\CWCVHOJR"
Change component parameters. Clean all parameters for all variants
Change component parameters (AddParameter): Name = "LatestRevisionDate"; Value = "17-Jul-2002"; VariantName = "[No Variations]"
Change component parameters (AddParameter): Name = "LatestRevisionNote"; Value = "Re-released for DXP Platform."; VariantName = "[No Variations]"
Change component parameters (AddParameter): Name = "PackageDescription"; Value = "Axial Device, Thru-Hole; 2 Leads; 0.3 in Pin Spacing"; VariantName = "[No Variations]"
Change component parameters (AddParameter): Name = "PackageReference"; Value = "AXIAL-0.3"; VariantName = "[No Variations]"
Change component parameters (AddParameter): Name = "Published"; Value = "8-Jun-2000"; VariantName = "[No Variations]"
Change component parameters (AddParameter): Name = "Publisher"; Value = "Altium Limited"; VariantName = "[No Variations]"
Change component parameters (AddParameter): Name = "Value"; Value = "10mO"; VariantName = "[No Variations]"
Change component parameters: Designator = "R24"; Footprint = "1608[0603]"; UniqueID = "\DSWLEJFJ\YELPORYY\PUQXMHVG"
Change component parameters. Clean all parameters for all variants
Change component parameters (AddParameter): Name = "LatestRevisionDate"; Value = "17-Jul-2002"; VariantName = "[No Variations]"
Change component parameters (AddParameter): Name = "LatestRevisionNote"; Value = "Re-released for DXP Platform."; VariantName = "[No Variations]"
Change component parameters (AddParameter): Name = "PackageDescription"; Value = "Axial Device, Thru-Hole; 2 Leads; 0.3 in Pin Spacing"; VariantName = "[No Variations]"
Change component parameters (AddParameter): Name = "PackageReference"; Value = "AXIAL-0.3"; VariantName = "[No Variations]"
Change component parameters (AddParameter): Name = "Published"; Value = "8-Jun-2000"; VariantName = "[No Variations]"
Change component parameters (AddParameter): Name = "Publisher"; Value = "Altium Limited"; VariantName = "[No Variations]"
Change component parameters (AddParameter): Name = "Value"; Value = "10mO"; VariantName = "[No Variations]"
Change component parameters: Designator = "Rfbb1"; Footprint = "1608[0603]"; UniqueID = "\DSWLEJFJ\VGTQAUIA\IWNLGELJ"
Change component parameters. Clean all parameters for all variants
Change component parameters (AddParameter): Name = "LatestRevisionDate"; Value = "17-Jul-2002"; VariantName = "[No Variations]"
Change component parameters (AddParameter): Name = "LatestRevisionNote"; Value = "Re-released for DXP Platform."; VariantName = "[No Variations]"
Change component parameters (AddParameter): Name = "PackageDescription"; Value = "Axial Device, Thru-Hole; 2 Leads; 0.3 in Pin Spacing"; VariantName = "[No Variations]"
Change component parameters (AddParameter): Name = "PackageReference"; Value = "AXIAL-0.3"; VariantName = "[No Variations]"
Change component parameters (AddParameter): Name = "Published"; Value = "8-Jun-2000"; VariantName = "[No Variations]"
Change component parameters (AddParameter): Name = "Publisher"; Value = "Altium Limited"; VariantName = "[No Variations]"
Change component parameters (AddParameter): Name = "Value"; Value = "180kO"; VariantName = "[No Variations]"
Change component parameters: Designator = "Rfbb2"; Footprint = "1608[0603]"; UniqueID = "\DSWLEJFJ\YELPORYY\QPFOBURV"
Change component parameters. Clean all parameters for all variants
Change component parameters (AddParameter): Name = "LatestRevisionDate"; Value = "17-Jul-2002"; VariantName = "[No Variations]"
Change component parameters (AddParameter): Name = "LatestRevisionNote"; Value = "Re-released for DXP Platform."; VariantName = "[No Variations]"
Change component parameters (AddParameter): Name = "PackageDescription"; Value = "Axial Device, Thru-Hole; 2 Leads; 0.3 in Pin Spacing"; VariantName = "[No Variations]"
Change component parameters (AddParameter): Name = "PackageReference"; Value = "AXIAL-0.3"; VariantName = "[No Variations]"
Change component parameters (AddParameter): Name = "Published"; Value = "8-Jun-2000"; VariantName = "[No Variations]"
Change component parameters (AddParameter): Name = "Publisher"; Value = "Altium Limited"; VariantName = "[No Variations]"
Change component parameters (AddParameter): Name = "Value"; Value = "180kO"; VariantName = "[No Variations]"
Change component parameters: Designator = "Rfbt1"; Footprint = "1608[0603]"; UniqueID = "\DSWLEJFJ\VGTQAUIA\YFNHUGJT"
Change component parameters. Clean all parameters for all variants
Change component parameters (AddParameter): Name = "LatestRevisionDate"; Value = "17-Jul-2002"; VariantName = "[No Variations]"
Change component parameters (AddParameter): Name = "LatestRevisionNote"; Value = "Re-released for DXP Platform."; VariantName = "[No Variations]"
Change component parameters (AddParameter): Name = "PackageDescription"; Value = "Axial Device, Thru-Hole; 2 Leads; 0.3 in Pin Spacing"; VariantName = "[No Variations]"
Change component parameters (AddParameter): Name = "PackageReference"; Value = "AXIAL-0.3"; VariantName = "[No Variations]"
Change component parameters (AddParameter): Name = "Published"; Value = "8-Jun-2000"; VariantName = "[No Variations]"
Change component parameters (AddParameter): Name = "Publisher"; Value = "Altium Limited"; VariantName = "[No Variations]"
Change component parameters (AddParameter): Name = "Value"; Value = "562kO"; VariantName = "[No Variations]"
Change component parameters: Designator = "Rfbt2"; Footprint = "1608[0603]"; UniqueID = "\DSWLEJFJ\YELPORYY\QATSMRER"
Change component parameters. Clean all parameters for all variants
Change component parameters (AddParameter): Name = "LatestRevisionDate"; Value = "17-Jul-2002"; VariantName = "[No Variations]"
Change component parameters (AddParameter): Name = "LatestRevisionNote"; Value = "Re-released for DXP Platform."; VariantName = "[No Variations]"
Change component parameters (AddParameter): Name = "PackageDescription"; Value = "Axial Device, Thru-Hole; 2 Leads; 0.3 in Pin Spacing"; VariantName = "[No Variations]"
Change component parameters (AddParameter): Name = "PackageReference"; Value = "AXIAL-0.3"; VariantName = "[No Variations]"
Change component parameters (AddParameter): Name = "Published"; Value = "8-Jun-2000"; VariantName = "[No Variations]"
Change component parameters (AddParameter): Name = "Publisher"; Value = "Altium Limited"; VariantName = "[No Variations]"
Change component parameters (AddParameter): Name = "Value"; Value = "562kO"; VariantName = "[No Variations]"
Added Pin To Net: NetName=+3V3 Pin=R20-1
Added Pin To Net: NetName=NetR29_1 Pin=R29-1
Added Pin To Net: NetName=GND Pin=R33_U_obc_flash2-2
Added Pin To Net: NetName=EPS_RX Pin=U5-3
Added Pin To Net: NetName=NetR29_1 Pin=U6-1
Change Net Name : Old Net Name=Net12_1 New Net Name=Net11_1
Change Net Name : Old Net Name=Net12_2 New Net Name=Net11_2
Change Net Name : Old Net Name=Net13_2 New Net Name=Net12_2
Change Net Name : Old Net Name=Net14_1 New Net Name=Net13_1
Change Net Name : Old Net Name=Net16_2 New Net Name=Net15_2
Change Net Name : Old Net Name=Net19_2 New Net Name=Net18_2
Change Net Name : Old Net Name=Net*3_4 New Net Name=Net*5_4
Change Net Name : Old Net Name=Net*4_4 New Net Name=Net*6_4
Change Net Name : Old Net Name=Net*5_4 New Net Name=Net*7_4
Change Net Name : Old Net Name=Net*5_5 New Net Name=Net*7_5
Change Net Name : Old Net Name=Net*6_5 New Net Name=Net*8_5
Change Net Name : Old Net Name=Net*7_5 New Net Name=Net*9_5
Change Net Name : Old Net Name=Net*8_5 New Net Name=Net*10_5
Change Net Name : Old Net Name=Net*9_1 New Net Name=Net*11_1
Change Net Name : Old Net Name=Net*10_1 New Net Name=Net*12_1
Change Net Name : Old Net Name=Net*11_1 New Net Name=Net*13_1
Change Net Name : Old Net Name=Net*12_3 New Net Name=Net*14_3
Change Net Name : Old Net Name=Net*12_5 New Net Name=Net*14_5
Change Net Name : Old Net Name=Net*12_10 New Net Name=Net*14_10
Change Net Name : Old Net Name=Net*12_12 New Net Name=Net*14_12
Change Net Name : Old Net Name=Net*14_1 New Net Name=Net*16_1
Change Net Name : Old Net Name=Net*15_1 New Net Name=Net*17_1
Change Net Name : Old Net Name=Net*16_1 New Net Name=Net*18_1
Change Net Name : Old Net Name=Net*18_1 New Net Name=Net*20_1
Change Net Name : Old Net Name=Net*19_1 New Net Name=Net*21_1
Change Net Name : Old Net Name=Net*21_1 New Net Name=Net*23_1
Change Net Name : Old Net Name=Net*23_1 New Net Name=Net*25_1
Change Net Name : Old Net Name=Net*24_1 New Net Name=Net*26_1
Change Net Name : Old Net Name=Net*25_1 New Net Name=Net*27_1
Change Net Name : Old Net Name=Net*27_4 New Net Name=Net*30_4
Change Net Name : Old Net Name=Net*?_1 New Net Name=Net*3_1
Change Net Name : Old Net Name=Net*?_3 New Net Name=Net*3_3
Change Net Name : Old Net Name=Net*_1 New Net Name=Net*4_1
Change Net Name : Old Net Name=Net*_3 New Net Name=Net*4_3
Change Net Name : Old Net Name=Net+BATT_1 New Net Name=Net+BATT1_1
Change Net Name : Old Net Name=Net-BATT_1 New Net Name=Net-BATT1_1
Change Net Name : Old Net Name=NetC8_2 New Net Name=NetC44_2
Change Net Name : Old Net Name=NetC18_1 New Net Name=NetC19_1
Change Net Name : Old Net Name=NetC24_1 New Net Name=NetC25_1
Change Net Name : Old Net Name=NetD?_2 New Net Name=NetD7_2
Change Net Name : Old Net Name=NetDEP. SWITCH / RBF PIN_2 New Net Name=NetDEP. SWITCH / RBF PIN1_2
Change Net Name : Old Net Name=NetDEP. SWITCH_2 New Net Name=NetDEP. SWITCH1_2
Change Net Name : Old Net Name=NetQ5_2 New Net Name=NetQ1_2
Change Net Name : Old Net Name=NetQ5_3 New Net Name=NetQ1_3
Change Net Name : Old Net Name=NetQ6_2 New Net Name=NetQ2_2
Change Net Name : Old Net Name=NetR27_2 New Net Name=NetR25_2
Change Net Name : Old Net Name=NetR28_2 New Net Name=NetR26_2
Change Net Name : Old Net Name=NetR29_2 New Net Name=NetU3_4
Change Net Name : Old Net Name=NetR30_2 New Net Name=NetU3_3
Change Net Name : Old Net Name=NetR31_2 New Net Name=NetU3_2
Change Net Name : Old Net Name=NetR32_2 New Net Name=NetU3_1
Change Net Name : Old Net Name=NetR33_1 New Net Name=NetR27_1
Change Net Name : Old Net Name=NetR36_1 New Net Name=NetR30_1
Change Net Name : Old Net Name=NetR36_2 New Net Name=NetR30_2
Change Net Name : Old Net Name=NetR38_2 New Net Name=NetR32_2
Change Net Name : Old Net Name=NetR39_1 New Net Name=NetR34_1
Change Net Name : Old Net Name=NetR39_2 New Net Name=NetR34_2
Change Net Name : Old Net Name=NetR41_1 New Net Name=NetR36_1
Change Net Name : Old Net Name=NetR41_2 New Net Name=NetR36_2
Change Net Name : Old Net Name=NetR42_1 New Net Name=NetR37_1
Change Net Name : Old Net Name=NetR44_2 New Net Name=NetR39_2
Change Net Name : Old Net Name=NetR?_U_obc_flash2_1 New Net Name=NetR33_U_obc_flash2_1
Change Net Name : Old Net Name=NetS4_1 New Net Name=NetS3_6
Change Net Name : Old Net Name=NetS?_2 New Net Name=NetS3_2
Added Pin To Net: NetName=NetD8_2 Pin=D8-2
Added Pin To Net: NetName=NetD8_2 Pin=R16-2
Added Net: Name=NetD8_2
Added Pin To Net: NetName=NetD9_2 Pin=D9-2
Added Pin To Net: NetName=NetD9_2 Pin=R17-2
Added Net: Name=NetD9_2
Added Pin To Net: NetName=NetD10_2 Pin=D10-2
Added Pin To Net: NetName=NetD10_2 Pin=R18-2
Added Net: Name=NetD10_2
Added Pin To Net: NetName=NetD11_2 Pin=D11-2
Added Pin To Net: NetName=NetD11_2 Pin=R19-2
Added Net: Name=NetD11_2
Added Pin To Net: NetName=NetR33_U_obc_flash1_1 Pin=U1-24
Added Pin To Net: NetName=NetR33_U_obc_flash1_1 Pin=U7_U_obc_flash1-1
Added Net: Name=NetR33_U_obc_flash1_1
Added Pin To Net: NetName=NetR33_U_obc_flash3_1 Pin=U1-16
Added Pin To Net: NetName=NetR33_U_obc_flash3_1 Pin=U7_U_obc_flash3-1
Added Net: Name=NetR33_U_obc_flash3_1
Added Pin To Net: NetName=NetR37_2 Pin=R37-2
Added Pin To Net: NetName=NetR37_2 Pin=U4-30
Added Net: Name=NetR37_2
Added Pin To Net: NetName=NetR47_2 Pin=R47-2
Added Pin To Net: NetName=NetR47_2 Pin=U12-6
Added Net: Name=NetR47_2
Added Member To Class: ClassName=U_eps_adc Member=Component *1 REF5025
Added Member To Class: ClassName=U_eps_adc Member=Component *2 ADS7952
Added Member To Class: ClassName=U_obc_32m1 Member=Component *3 ABM3B-8.000MHz
Added Member To Class: ClassName=U_eps_pv Member=Component *27 SM74611
Added Member To Class: ClassName=U_eps_pv Member=Component *28 BSC026NE2LS5
Added Member To Class: ClassName=U_eps_bt1 Member=Component 8 RfbbA1
Added Member To Class: ClassName=U_eps_bt1 Member=Component 10 R20
Added Member To Class: ClassName=U_eps_bt2 Member=Component 11 RtA1
Added Member To Class: ClassName=U_eps_bt2 Member=Component 16 CoutA1
Added Member To Class: ClassName=U_eps_bt2 Member=Component 17 RfbbA1
Added Member To Class: ClassName=U_eps_adc Member=Component C11 Cap Semi
Added Member To Class: ClassName=U_eps_adc Member=Component C13 Cap Semi
Added Member To Class: ClassName=U_eps_adc Member=Component C16 Cap Semi
Added Member To Class: ClassName=U_obc_32m1 Member=Component C18 Cap Semi
Added Member To Class: ClassName=U_obc_32m1 Member=Component C19 Cap Semi
Added Member To Class: ClassName=U_eps_pex Member=Component C22 Cap Semi
Added Member To Class: ClassName=U_eps_32m1 Member=Component C23 Cap Semi
Added Member To Class: ClassName=U_eps_32m1 Member=Component C25 Cap Semi
Added Member To Class: ClassName=U_eps_bb1 Member=Component C28 Cap
Added Member To Class: ClassName=U_obc_can_transceiver Member=Component C31 Cap Semi
Added Member To Class: ClassName=U_obc_can_transceiver Member=Component C32 Cap Semi
Added Member To Class: ClassName=U_obc_flash3 Member=Component C35_U_obc_flash3 (C35) Cap Semi
Added Member To Class: ClassName=U_eps_bt2 Member=Component C43 
Added Member To Class: ClassName=U_eps_batt Member=Component C44 Cap Semi
Added Member To Class: ClassName=U_eps_batt Member=Component C45 Cap Semi
Added Member To Class: ClassName=U_eps_bt2 Member=Component Cin4 
Added Member To Class: ClassName=U_eps_32m1 Member=Component D7 RST
Added Member To Class: ClassName=U_obc_32m1 Member=Component P2 2x2 Female
Added Member To Class: ClassName=U_eps_32m1 Member=Component P7 2x2 Female
Added Member To Class: ClassName=U_obc_32m1 Member=Component R3 Res3
Added Member To Class: ClassName=U_obc_32m1 Member=Component R4 Res3
Added Member To Class: ClassName=U_obc_32m1 Member=Component R7 Res3
Added Member To Class: ClassName=U_eps_pex Member=Component R11 Res3
Added Member To Class: ClassName=U_eps_pex Member=Component R12 Res3
Added Member To Class: ClassName=U_eps_pex Member=Component R13 Res3
Added Member To Class: ClassName=U_eps_32m1 Member=Component R15 Res3
Added Member To Class: ClassName=U_eps_32m1 Member=Component R18 Res3
Added Member To Class: ClassName=U_eps_32m1 Member=Component R20 Res3
Added Member To Class: ClassName=U_eps_bb1 Member=Component R21 Res1
Added Member To Class: ClassName=U_eps_bb1 Member=Component R23 Res1
Added Member To Class: ClassName=U_eps_bb2 Member=Component R24 Res1
Added Member To Class: ClassName=U_eps_digital Member=Component R26 Res3
Added Member To Class: ClassName=U_obc_can_transceiver Member=Component R28 0603
Added Member To Class: ClassName=U_obc_can_transceiver Member=Component R30 100
Added Member To Class: ClassName=U_eps_can_transceiver Member=Component R35 0603
Added Member To Class: ClassName=U_eps_pv Member=Component R40 Res1
Added Member To Class: ClassName=U_eps_pv Member=Component R43 Res1
Added Member To Class: ClassName=U_eps_batt Member=Component R44 Res3
Added Member To Class: ClassName=U_eps_batt Member=Component R46 Res3
Added Member To Class: ClassName=U_eps_batt Member=Component R47 Res3
Added Member To Class: ClassName=U_eps_batt Member=Component R48 Res3
Added Member To Class: ClassName=U_eps_32m1 Member=Component S4 SW-PB
Added Member To Class: ClassName=U_obc_flash2 Member=Component U7_U_obc_flash2 (U7) SST26VF016B
