Removed Pin From Net: NetName=3V3 Pin=C1-1
Removed Pin From Net: NetName=GND Pin=C1-2
Removed Pin From Net: NetName=CH1 Pin=M1-1
Removed Pin From Net: NetName=CH2 Pin=M1-2
Removed Pin From Net: NetName=CH3 Pin=M1-3
Removed Pin From Net: NetName=CH4 Pin=M1-4
Removed Pin From Net: NetName=CH5 Pin=M1-5
Removed Pin From Net: NetName=CH6 Pin=M1-6
Removed Pin From Net: NetName=CH7 Pin=M1-7
Removed Pin From Net: NetName=CH8 Pin=M1-8
Removed Pin From Net: NetName=3V3 Pin=M1-9
Removed Pin From Net: NetName=GND Pin=M1-10
Removed Pin From Net: NetName=PEX_C\S\ Pin=M1-11
Removed Pin From Net: NetName=SCK Pin=M1-12
Removed Pin From Net: NetName=MOSI Pin=M1-13
Removed Pin From Net: NetName=MISO Pin=M1-14
Removed Pin From Net: NetName=PEX_R\S\T\ Pin=M1-18
Removed Pin From Net: NetName=CH9 Pin=M1-21
Removed Pin From Net: NetName=CH10 Pin=M1-22
Removed Pin From Net: NetName=CH11 Pin=M1-23
Removed Pin From Net: NetName=CH12 Pin=M1-24
Removed Pin From Net: NetName=CH13 Pin=M1-25
Removed Pin From Net: NetName=CH14 Pin=M1-26
Removed Pin From Net: NetName=CH15 Pin=M1-27
Removed Pin From Net: NetName=CH16 Pin=M1-28
Removed Member From Class: ClassName=pay-led-pcb Member=M1
Added Component: Designator=*(QFN65P600X600X100-29N)
Add component. Clean all parameters for all variants
Add component (AddParameter): Name = "Supplier 1"; Value = "Digi-Key"; VariantName = "[No Variations]"
Add component (AddParameter): Name = "Supplier Part Number 1"; Value = "MCP23S17T-E/MLCT-ND"; VariantName = "[No Variations]"
Added Pin To Net: NetName=CH5 Pin=*-1
Added Pin To Net: NetName=CH6 Pin=*-2
Added Pin To Net: NetName=CH7 Pin=*-3
Added Pin To Net: NetName=CH8 Pin=*-4
Added Pin To Net: NetName=3V3 Pin=*-5
Added Pin To Net: NetName=GND Pin=*-6
Added Pin To Net: NetName=PEX_C\S\ Pin=*-7
Added Pin To Net: NetName=SCK Pin=*-8
Added Pin To Net: NetName=MOSI Pin=*-9
Added Pin To Net: NetName=MISO Pin=*-10
Added Pin To Net: NetName=PEX_R\S\T\ Pin=*-14
Added Pin To Net: NetName=CH9 Pin=*-17
Added Pin To Net: NetName=CH10 Pin=*-18
Added Pin To Net: NetName=CH11 Pin=*-19
Added Pin To Net: NetName=CH12 Pin=*-20
Added Pin To Net: NetName=CH13 Pin=*-21
Added Pin To Net: NetName=CH14 Pin=*-22
Added Pin To Net: NetName=CH15 Pin=*-23
Added Pin To Net: NetName=CH16 Pin=*-24
Added Pin To Net: NetName=CH1 Pin=*-25
Added Pin To Net: NetName=CH2 Pin=*-26
Added Pin To Net: NetName=CH3 Pin=*-27
Added Pin To Net: NetName=CH4 Pin=*-28
Added Pin To Net: NetName=GND Pin=*-29
Added Pin To Net: NetName=GND Pin=C1-1
Added Pin To Net: NetName=3V3 Pin=C1-2
Added Pin To Net: NetName=Net*_11 Pin=*-11
Added Pin To Net: NetName=Net*_11 Pin=R24-2
Added Pin To Net: NetName=Net*_11 Pin=R25-2
Added Net: Name=Net*_11
Added Pin To Net: NetName=Net*_12 Pin=*-12
Added Pin To Net: NetName=Net*_12 Pin=R5-2
Added Pin To Net: NetName=Net*_12 Pin=R23-2
Added Net: Name=Net*_12
Added Pin To Net: NetName=Net*_13 Pin=*-13
Added Pin To Net: NetName=Net*_13 Pin=R3-2
Added Pin To Net: NetName=Net*_13 Pin=R4-2
Added Net: Name=Net*_13
Added Member To Class: ClassName=pay-led-pcb Member=Component * MCP23S17
