Removed Parameter Supplier 1:Digi-Key from Part U1
Added Parameter Supplier=Digi-Key to Part C1
Added Parameter Supplier=Digi-Key to Part D1
Added Parameter Supplier=Digi-Key to Part D2
Added Parameter Supplier=Digi-Key to Part D3
Added Parameter Supplier=Digi-Key to Part D4
Added Parameter Supplier=Digi-Key to Part D5
Added Parameter Supplier=Digi-Key to Part D6
Added Parameter Supplier=Digi-Key to Part D7
Added Parameter Supplier=Digi-Key to Part D8
Added Parameter Supplier=Digi-Key to Part D9
Added Parameter Supplier=Digi-Key to Part D10
Added Parameter Supplier=Digi-Key to Part D11
Added Parameter Supplier=Digi-Key to Part D12
Added Parameter Supplier=Digi-Key to Part D13
Added Parameter Supplier=Digi-Key to Part D14
Added Parameter Supplier=Digi-Key to Part D15
Added Parameter Supplier=Digi-Key to Part D16
Added Parameter Supplier=Digi-Key to Part D17
Added Parameter Supplier=Digi-Key to Part D18
Added Parameter Supplier=Digi-Key to Part R1
Added Parameter Supplier=Digi-Key to Part R2
Added Parameter Supplier=Digi-Key to Part R3
Added Parameter Supplier=Digi-Key to Part R4
Added Parameter Supplier=Digi-Key to Part R5
Added Parameter Supplier=Digi-Key to Part R6
Added Parameter Supplier=Digi-Key to Part R7
Added Parameter Supplier=Digi-Key to Part R8
Added Parameter Supplier=Digi-Key to Part R9
Added Parameter Supplier=Digi-Key to Part R10
Added Parameter Supplier=Digi-Key to Part R11
Added Parameter Supplier=Digi-Key to Part R12
Added Parameter Supplier=Digi-Key to Part R13
Added Parameter Supplier=Digi-Key to Part R14
Added Parameter Supplier=Digi-Key to Part R15
Added Parameter Supplier=Digi-Key to Part R16
Added Parameter Supplier=Digi-Key to Part R17
Added Parameter Supplier=Digi-Key to Part R18
Added Parameter Supplier=Digi-Key to Part R19
Added Parameter Supplier=Digi-Key to Part R20
Added Parameter Supplier=Digi-Key to Part R21
Added Parameter Supplier=Digi-Key to Part R22
Added Parameter Supplier=Digi-Key to Part R23
Added Parameter Supplier=Digi-Key to Part R24
Added Parameter Supplier=Digi-Key to Part R25
Added Parameter Supplier=Digi-Key to Part R26
Added Parameter Supplier=Digi-Key to Part SN1
Added Parameter Supplier=Digi-Key to Part SN2
Added Parameter Supplier=Digi-Key to Part SN3
Added Parameter Supplier=Digi-Key to Part SN4
Added Parameter Supplier=Digi-Key to Part SN5
Added Parameter Supplier=Digi-Key to Part SN6
Added Parameter Supplier=Digi-Key to Part SN7
Added Parameter Supplier=Digi-Key to Part SN8
Added Parameter Supplier=Digi-Key to Part SN9
Added Parameter Supplier=Digi-Key to Part SN10
Added Parameter Supplier=Digi-Key to Part SN11
Added Parameter Supplier=Digi-Key to Part SN12
Added Parameter Supplier=Digi-Key to Part SN13
Added Parameter Supplier=Digi-Key to Part SN14
Added Parameter Supplier=Digi-Key to Part SN15
Added Parameter Supplier=Digi-Key to Part SN16
Added Parameter Supplier=Digi-Key to Part SN17
Added Parameter Supplier=Digi-Key to Part SN18
Added Parameter Supplier=Digi-Key to Part U1
Added Parameter Supplier Part Number 1=296-23875-1-ND to Part SN1
Added Parameter Supplier Part Number 1=296-23875-1-ND to Part SN2
Added Parameter Supplier Part Number 1=296-23875-1-ND to Part SN3
Added Parameter Supplier Part Number 1=296-23875-1-ND to Part SN4
Added Parameter Supplier Part Number 1=296-23875-1-ND to Part SN5
Added Parameter Supplier Part Number 1=296-23875-1-ND to Part SN6
Added Parameter Supplier Part Number 1=296-23875-1-ND to Part SN7
Added Parameter Supplier Part Number 1=296-23875-1-ND to Part SN8
Added Parameter Supplier Part Number 1=296-23875-1-ND to Part SN9
Added Parameter Supplier Part Number 1=296-23875-1-ND to Part SN10
Added Parameter Supplier Part Number 1=296-23875-1-ND to Part SN11
Added Parameter Supplier Part Number 1=296-23875-1-ND to Part SN12
Added Parameter Supplier Part Number 1=296-23875-1-ND to Part SN13
Added Parameter Supplier Part Number 1=296-23875-1-ND to Part SN14
Added Parameter Supplier Part Number 1=296-23875-1-ND to Part SN15
Added Parameter Supplier Part Number 1=296-23875-1-ND to Part SN16
Added Parameter Supplier Part Number 1=296-23875-1-ND to Part SN17
Added Parameter Supplier Part Number 1=296-23875-1-ND to Part SN18
Added Parameter Supplier Part Number 1=311-1341-1-ND  to Part C1
Added Parameter Supplier Part Number 1=1276-4604-1-ND to Part R6
Added Parameter Supplier Part Number 1=1276-4604-1-ND to Part R7
Added Parameter Supplier Part Number 1=1276-4604-1-ND to Part R8
Added Parameter Supplier Part Number 1=1276-4604-1-ND to Part R9
Added Parameter Supplier Part Number 1=1276-4604-1-ND to Part R10
Added Parameter Supplier Part Number 1=1276-4604-1-ND to Part R11
Added Parameter Supplier Part Number 1=1276-4604-1-ND to Part R12
Added Parameter Supplier Part Number 1=1276-4604-1-ND to Part R13
Added Parameter Supplier Part Number 1=1276-4604-1-ND to Part R14
Added Parameter Supplier Part Number 1=1276-4604-1-ND to Part R15
Added Parameter Supplier Part Number 1=1276-4604-1-ND to Part R16
Added Parameter Supplier Part Number 1=1276-4604-1-ND to Part R17
Added Parameter Supplier Part Number 1=1276-4604-1-ND to Part R18
Added Parameter Supplier Part Number 1=1276-4604-1-ND to Part R19
Added Parameter Supplier Part Number 1=1276-4604-1-ND to Part R20
Added Parameter Supplier Part Number 1=1276-4604-1-ND to Part R21
Added Parameter Supplier Part Number 1=1276-4604-1-ND to Part R22
Added Parameter Supplier Part Number 1=1276-4604-1-ND to Part R26
Added Parameter Supplier Part Number 1=H10329CT-ND to Part P1
Added Parameter Supplier Part Number 1=RMCF0603JG10K0CT-ND to Part R1
Added Parameter Supplier Part Number 1=RMCF0603JG10K0CT-ND to Part R2
Added Parameter Supplier Part Number 1=RNCP0603FTD1K00CT-ND to Part R3
Added Parameter Supplier Part Number 1=RNCP0603FTD1K00CT-ND to Part R4
Added Parameter Supplier Part Number 1=RNCP0603FTD1K00CT-ND to Part R5
Added Parameter Supplier Part Number 1=RNCP0603FTD1K00CT-ND to Part R23
Added Parameter Supplier Part Number 1=RNCP0603FTD1K00CT-ND to Part R24
Added Parameter Supplier Part Number 1=RNCP0603FTD1K00CT-ND to Part R25
