Removed Pin From Net: NetName=CH11 Pin=SN1-2
Removed Pin From Net: NetName=LED_CLK Pin=SN1-5
Removed Pin From Net: NetName=CH12 Pin=SN2-2
Added Pin To Net: NetName=NetD1_1 Pin=D1-1
Added Pin To Net: NetName=GND Pin=D1-2
Added Pin To Net: NetName=NetD2_1 Pin=D2-1
Added Pin To Net: NetName=GND Pin=D2-2
Added Pin To Net: NetName=NetD3_1 Pin=D3-1
Added Pin To Net: NetName=GND Pin=D3-2
Added Pin To Net: NetName=NetD4_1 Pin=D4-1
Added Pin To Net: NetName=GND Pin=D4-2
Added Pin To Net: NetName=NetD5_1 Pin=D5-1
Added Pin To Net: NetName=GND Pin=D5-2
Added Pin To Net: NetName=NetD1_1 Pin=R6-1
Added Pin To Net: NetName=NetR6_2 Pin=R6-2
Added Pin To Net: NetName=NetD2_1 Pin=R7-1
Added Pin To Net: NetName=NetR7_2 Pin=R7-2
Added Pin To Net: NetName=NetD3_1 Pin=R8-1
Added Pin To Net: NetName=NetR8_2 Pin=R8-2
Added Pin To Net: NetName=NetD4_1 Pin=R9-1
Added Pin To Net: NetName=NetR9_2 Pin=R9-2
Added Pin To Net: NetName=NetD5_1 Pin=R10-1
Added Pin To Net: NetName=NetR10_2 Pin=R10-2
Added Pin To Net: NetName=CH1 Pin=SN1-2
Added Pin To Net: NetName=GND Pin=SN1-3
Added Pin To Net: NetName=NetR6_2 Pin=SN1-4
Added Pin To Net: NetName=3V3 Pin=SN1-5
Added Pin To Net: NetName=LED_CLK Pin=SN2-1
Added Pin To Net: NetName=CH2 Pin=SN2-2
Added Pin To Net: NetName=GND Pin=SN2-3
Added Pin To Net: NetName=NetR7_2 Pin=SN2-4
Added Pin To Net: NetName=3V3 Pin=SN2-5
Added Pin To Net: NetName=LED_CLK Pin=SN3-1
Added Pin To Net: NetName=CH3 Pin=SN3-2
Added Pin To Net: NetName=GND Pin=SN3-3
Added Pin To Net: NetName=NetR8_2 Pin=SN3-4
Added Pin To Net: NetName=3V3 Pin=SN3-5
Added Pin To Net: NetName=LED_CLK Pin=SN4-1
Added Pin To Net: NetName=CH4 Pin=SN4-2
Added Pin To Net: NetName=GND Pin=SN4-3
Added Pin To Net: NetName=NetR9_2 Pin=SN4-4
Added Pin To Net: NetName=3V3 Pin=SN4-5
Added Pin To Net: NetName=CH5 Pin=SN5-2
Added Pin To Net: NetName=GND Pin=SN5-3
Added Pin To Net: NetName=NetR10_2 Pin=SN5-4
Added Pin To Net: NetName=3V3 Pin=SN5-5
Added Member To Class: ClassName=pay-led-pcb Member=Component R6 Res2
Added Member To Class: ClassName=pay-led-pcb Member=Component R7 Res2
Added Member To Class: ClassName=pay-led-pcb Member=Component R8 Res2
Added Member To Class: ClassName=pay-led-pcb Member=Component R9 Res2
Added Member To Class: ClassName=pay-led-pcb Member=Component R10 Res2
