Added Pin To Net: NetName=NetD6_1 Pin=D6-1
Added Pin To Net: NetName=GND Pin=D6-2
Added Pin To Net: NetName=NetD7_1 Pin=D7-1
Added Pin To Net: NetName=GND Pin=D7-2
Added Pin To Net: NetName=NetD6_1 Pin=R11-1
Added Pin To Net: NetName=NetR11_2 Pin=R11-2
Added Pin To Net: NetName=NetD7_1 Pin=R12-1
Added Pin To Net: NetName=NetR12_2 Pin=R12-2
Added Pin To Net: NetName=LED_CLK Pin=SN6-1
Added Pin To Net: NetName=CH13 Pin=SN6-2
Added Pin To Net: NetName=GND Pin=SN6-3
Added Pin To Net: NetName=NetR11_2 Pin=SN6-4
Added Pin To Net: NetName=3V3 Pin=SN6-5
Added Pin To Net: NetName=LED_CLK Pin=SN7-1
Added Pin To Net: NetName=CH6 Pin=SN7-2
Added Pin To Net: NetName=GND Pin=SN7-3
Added Pin To Net: NetName=NetR12_2 Pin=SN7-4
Added Pin To Net: NetName=3V3 Pin=SN7-5
Added Member To Class: ClassName=pay-led-pcb Member=Component D6 LED0
Added Member To Class: ClassName=pay-led-pcb Member=Component D7 LED0
Added Member To Class: ClassName=pay-led-pcb Member=Component R10 Res2
Added Member To Class: ClassName=pay-led-pcb Member=Component R11 Res2
Added Member To Class: ClassName=pay-led-pcb Member=Component R12 Res2
Added Member To Class: ClassName=pay-led-pcb Member=Component R15 Res2
Added Member To Class: ClassName=pay-led-pcb Member=Component SN7 SN74AHC1G08
