Change Component Parameter Comment in C7 Old= New=15pF 1%
Change Component Parameter Comment in C8 Old= New=15pF 1%
Added Parameter Supplier=Digi-Key to Part C4
Added Parameter Supplier=Digi-Key to Part C5
Added Parameter Supplier=Digi-Key to Part C6
Added Parameter Supplier=Digi-Key to Part C7
Added Parameter Supplier=Digi-Key to Part C8
Added Parameter Supplier=Digi-Key to Part D1
Added Parameter Supplier=Digi-Key to Part D2
Added Parameter Supplier=Digi-Key to Part D3
Added Parameter Supplier=Digi-Key to Part D4
Added Parameter Supplier=Digi-Key to Part D5
Added Parameter Supplier=Digi-Key to Part P9
Added Parameter Supplier=Digi-Key to Part P10
Added Parameter Supplier=Digi-Key to Part R5
Added Parameter Supplier=Digi-Key to Part R6
Added Parameter Supplier=Digi-Key to Part R7
Added Parameter Supplier=Digi-Key to Part R8
Added Parameter Supplier=Digi-Key to Part R9
Added Parameter Supplier=Digi-Key to Part R10
Added Parameter Supplier=Digi-Key to Part S2
Added Parameter Supplier=Digi-Key to Part U2
Added Parameter Supplier Part Number=490-16416-1-ND to Part C7
Added Parameter Supplier Part Number=490-16416-1-ND to Part C8
Added Parameter Supplier Part Number=587-3807-1-ND to Part C4
Added Parameter Supplier Part Number=587-3807-1-ND to Part C5
Added Parameter Supplier Part Number=587-3807-1-ND to Part C6
