Replace Part C1 Cap Semi in C:\Users\Dylan Vogel\Files\Coding Projects\pcbs\payload\ATmega32M1.SchDoc with Cap Semi from Miscellaneous Devices.IntLib
Replace Part C2 Cap Semi in C:\Users\Dylan Vogel\Files\Coding Projects\pcbs\payload\ATmega32M1.SchDoc with Cap Semi from Miscellaneous Devices.IntLib
Replace Part C3 Cap Semi in C:\Users\Dylan Vogel\Files\Coding Projects\pcbs\payload\ATmega32M1.SchDoc with Cap Semi from Miscellaneous Devices.IntLib
Replace Part C4 Cap Semi in C:\Users\Dylan Vogel\Files\Coding Projects\pcbs\payload\ATmega32M1.SchDoc with Cap Semi from Miscellaneous Devices.IntLib
Replace Part C9 Cap Semi in C:\Users\Dylan Vogel\Files\Coding Projects\pcbs\payload\ATmega32M1.SchDoc with Cap Semi from Miscellaneous Devices.IntLib
Replace Part D1 LED2 in C:\Users\Dylan Vogel\Files\Coding Projects\pcbs\payload\ATmega32M1.SchDoc with LED2 from Miscellaneous Devices.IntLib
Replace Part D2 LED2 in C:\Users\Dylan Vogel\Files\Coding Projects\pcbs\payload\ATmega32M1.SchDoc with LED2 from Miscellaneous Devices.IntLib
Replace Part D3 LED2 in C:\Users\Dylan Vogel\Files\Coding Projects\pcbs\payload\ATmega32M1.SchDoc with LED2 from Miscellaneous Devices.IntLib
Replace Part D4 LED2 in C:\Users\Dylan Vogel\Files\Coding Projects\pcbs\payload\ATmega32M1.SchDoc with LED2 from Miscellaneous Devices.IntLib
Replace Part D5 LED2 in C:\Users\Dylan Vogel\Files\Coding Projects\pcbs\payload\ATmega32M1.SchDoc with LED2 from Miscellaneous Devices.IntLib
Replace Part D6 LED2 in C:\Users\Dylan Vogel\Files\Coding Projects\pcbs\payload\ATmega32M1.SchDoc with LED2 from Miscellaneous Devices.IntLib
Replace Part P1 Header 3X2 in C:\Users\Dylan Vogel\Files\Coding Projects\pcbs\payload\ATmega32M1.SchDoc with Header 3X2 from Miscellaneous Connectors.IntLib
Replace Part P2 Header 2X2 in C:\Users\Dylan Vogel\Files\Coding Projects\pcbs\payload\ATmega32M1.SchDoc with Header 2X2 from Miscellaneous Connectors.IntLib
Replace Part R1 Res3 in C:\Users\Dylan Vogel\Files\Coding Projects\pcbs\payload\ATmega32M1.SchDoc with Res3 from Miscellaneous Devices.IntLib
Replace Part R8 Res3 in C:\Users\Dylan Vogel\Files\Coding Projects\pcbs\payload\ATmega32M1.SchDoc with Res3 from Miscellaneous Devices.IntLib
Replace Part R9 Res3 in C:\Users\Dylan Vogel\Files\Coding Projects\pcbs\payload\ATmega32M1.SchDoc with Res3 from Miscellaneous Devices.IntLib
Replace Part R10 Res3 in C:\Users\Dylan Vogel\Files\Coding Projects\pcbs\payload\ATmega32M1.SchDoc with Res3 from Miscellaneous Devices.IntLib
Replace Part R11 Res3 in C:\Users\Dylan Vogel\Files\Coding Projects\pcbs\payload\ATmega32M1.SchDoc with Res3 from Miscellaneous Devices.IntLib
Replace Part R12 Res3 in C:\Users\Dylan Vogel\Files\Coding Projects\pcbs\payload\ATmega32M1.SchDoc with Res3 from Miscellaneous Devices.IntLib
Replace Part R13 Res3 in C:\Users\Dylan Vogel\Files\Coding Projects\pcbs\payload\ATmega32M1.SchDoc with Res3 from Miscellaneous Devices.IntLib
Replace Part S1 SW-PB in C:\Users\Dylan Vogel\Files\Coding Projects\pcbs\payload\ATmega32M1.SchDoc with SW-PB from Miscellaneous Devices.IntLib
Replace Part S2 SW-DPDT in C:\Users\Dylan Vogel\Files\Coding Projects\pcbs\payload\ATmega32M1.SchDoc with SW-DPDT from Miscellaneous Devices.IntLib
Replace Part U SN54LV07A in C:\Users\Dylan Vogel\Files\Coding Projects\pcbs\payload\ATmega32M1.SchDoc with SN54LV07A from ICs.SchLib
Replace Part U3 ATMega32M1 in C:\Users\Dylan Vogel\Files\Coding Projects\pcbs\payload\ATmega32M1.SchDoc with ATMega32M1 from ICs.SchLib
Replace Part Y1 XTAL in C:\Users\Dylan Vogel\Files\Coding Projects\pcbs\payload\ATmega32M1.SchDoc with XTAL from Miscellaneous Devices.IntLib
