Removed Pin From Net: NetName=GND Pin=Q1-3
Removed Pin From Net: NetName=GND Pin=Q2-3
Removed Pin From Net: NetName=GND Pin=Q3-3
Change Component Comment : Designator=Q1 Old Comment=MOSFET-N New Comment=N-MOS
Change Component Comment : Designator=Q2 Old Comment=MOSFET-N New Comment=N-MOS
Change Component Comment : Designator=Q3 Old Comment=MOSFET-N New Comment=N-MOS
Change component parameters: Designator = "U5"; Footprint = "SOT-23-5_95P290X160-5N"; UniqueID = "\XIDGNYLG\ANXCIMER"
Change component parameters. Clean all parameters for all variants
Change component parameters (AddParameter): Name = "Supplier 1"; Value = "Digi-Key"; VariantName = "[No Variations]"
Change component parameters (AddParameter): Name = "Supplier Part Number 1"; Value = "MCP6546T-E/OTCT-ND"; VariantName = "[No Variations]"
Change component parameters: Designator = "U6"; Footprint = "SOT-23-5_95P290X160-5N"; UniqueID = "\XIDGNYLG\EXGRURRT"
Change component parameters. Clean all parameters for all variants
Change component parameters (AddParameter): Name = "Supplier 1"; Value = "Digi-Key"; VariantName = "[No Variations]"
Change component parameters (AddParameter): Name = "Supplier Part Number 1"; Value = "MCP6546T-E/OTCT-ND"; VariantName = "[No Variations]"
Change component parameters: Designator = "U7"; Footprint = "SOT-23-5_95P290X160-5N"; UniqueID = "\XIDGNYLG\TDMLPBDT"
Change component parameters. Clean all parameters for all variants
Change component parameters (AddParameter): Name = "Supplier 1"; Value = "Digi-Key"; VariantName = "[No Variations]"
Change component parameters (AddParameter): Name = "Supplier Part Number 1"; Value = "MCP6546T-E/OTCT-ND"; VariantName = "[No Variations]"
Change component parameters: Designator = "Q1"; Footprint = "SOT23-6_N"; UniqueID = "\XIDGNYLG\LVDPPFAB"
Change component parameters. Clean all parameters for all variants
Change component parameters (AddParameter): Name = "Supplier"; Value = "Digi-Key"; VariantName = "[No Variations]"
Change component parameters (AddParameter): Name = "Supplier Part Number"; Value = "FDC637BNZCT-ND"; VariantName = "[No Variations]"
Change component parameters: Designator = "Q2"; Footprint = "SOT23-6_N"; UniqueID = "\XIDGNYLG\CJHOFKYO"
Change component parameters. Clean all parameters for all variants
Change component parameters (AddParameter): Name = "Supplier"; Value = "Digi-Key"; VariantName = "[No Variations]"
Change component parameters (AddParameter): Name = "Supplier Part Number"; Value = "FDC637BNZCT-ND"; VariantName = "[No Variations]"
Change component parameters: Designator = "Q3"; Footprint = "SOT23-6_N"; UniqueID = "\XIDGNYLG\FORNMOPW"
Change component parameters. Clean all parameters for all variants
Change component parameters (AddParameter): Name = "Supplier"; Value = "Digi-Key"; VariantName = "[No Variations]"
Change component parameters (AddParameter): Name = "Supplier Part Number"; Value = "FDC637BNZCT-ND"; VariantName = "[No Variations]"
Added Pin To Net: NetName=NetP11_2 Pin=Q1-2
Added Pin To Net: NetName=GND Pin=Q1-4
Added Pin To Net: NetName=NetP11_2 Pin=Q1-5
Added Pin To Net: NetName=NetP11_2 Pin=Q1-6
Added Pin To Net: NetName=NetP13_2 Pin=Q2-2
Added Pin To Net: NetName=NetP13_2 Pin=Q2-5
Added Pin To Net: NetName=NetP13_2 Pin=Q2-6
Added Pin To Net: NetName=NetP15_2 Pin=Q3-2
Added Pin To Net: NetName=GND Pin=Q3-4
Added Pin To Net: NetName=NetP15_2 Pin=Q3-5
Added Pin To Net: NetName=NetP15_2 Pin=Q3-6
Added Pin To Net: NetName=3V3 Pin=U5-5
Added Pin To Net: NetName=3V3 Pin=U6-5
Added Pin To Net: NetName=3V3 Pin=U7-5
Added Pin To Net: NetName=NetQ1_3 Pin=Q1-3
Added Pin To Net: NetName=NetQ1_3 Pin=R17-1
Added Pin To Net: NetName=NetQ1_3 Pin=U5-1
Added Net: Name=NetQ1_3
Added Pin To Net: NetName=NetQ2_3 Pin=Q2-3
Added Pin To Net: NetName=NetQ2_3 Pin=R18-1
Added Pin To Net: NetName=NetQ2_3 Pin=U6-1
Added Net: Name=NetQ2_3
Added Pin To Net: NetName=NetQ3_3 Pin=Q3-3
Added Pin To Net: NetName=NetQ3_3 Pin=R19-1
Added Pin To Net: NetName=NetQ3_3 Pin=U7-1
Added Net: Name=NetQ3_3
