Removed Pin From Net: NetName=GND Pin=C42-1
Removed Pin From Net: NetName=GND Pin=C43-1
Removed Pin From Net: NetName=NetC7_2 Pin=Y1-1
Removed Pin From Net: NetName=NetC8_2 Pin=Y1-2
Removed Member From Class: ClassName=optical_micro Member=C42
Removed Member From Class: ClassName=optical_micro Member=C43
Change Component Comment : Designator=Y1 Old Comment=8MHz New Comment=8MHz Crystal
Change Component Comment : Designator=Y2 Old Comment=XTAL New Comment=8MHz Crystal
Change component parameters: Designator = "Y1"; Footprint = "OSCSC500X320X110-4N"; UniqueID = "\WIGJJPEE\NFWTQDUV"
Change component parameters. Clean all parameters for all variants
Change component parameters (AddParameter): Name = "Supplier 1"; Value = "Digi-Key"; VariantName = "[No Variations]"
Change component parameters (AddParameter): Name = "Supplier Part Number 1"; Value = "535-13456-1-ND"; VariantName = "[No Variations]"
Change component parameters: Designator = "Y2"; Footprint = "OSCSC500X320X110-4N"; UniqueID = "\AWOJRSIT\ENOGFQTK\KIATFYAO"
Change component parameters. Clean all parameters for all variants
Change component parameters (AddParameter): Name = "Supplier 1"; Value = "Digi-Key"; VariantName = "[No Variations]"
Change component parameters (AddParameter): Name = "Supplier Part Number 1"; Value = "535-13456-1-ND"; VariantName = "[No Variations]"
Added Component: Designator=C44(1608[0603])
Add component. Clean all parameters for all variants
Add component (AddParameter): Name = "LatestRevisionDate"; Value = "29-May-2009"; VariantName = "[No Variations]"
Add component (AddParameter): Name = "LatestRevisionNote"; Value = "IPC-7351 Footprint Added."; VariantName = "[No Variations]"
Add component (AddParameter): Name = "PackageDescription"; Value = "Chip Capacitor"; VariantName = "[No Variations]"
Add component (AddParameter): Name = "PackageReference"; Value = "C1206"; VariantName = "[No Variations]"
Add component (AddParameter): Name = "Published"; Value = "8-Jun-2000"; VariantName = "[No Variations]"
Add component (AddParameter): Name = "Publisher"; Value = "Altium Limited"; VariantName = "[No Variations]"
Add component (AddParameter): Name = "Supplier"; Value = "Digi-Key"; VariantName = "[No Variations]"
Add component (AddParameter): Name = "Supplier Part Number"; Value = "490-16416-1-ND"; VariantName = "[No Variations]"
Add component (AddParameter): Name = "Value"; Value = "14pF 1%"; VariantName = "[No Variations]"
Added Component: Designator=C45(1608[0603])
Add component. Clean all parameters for all variants
Add component (AddParameter): Name = "LatestRevisionDate"; Value = "29-May-2009"; VariantName = "[No Variations]"
Add component (AddParameter): Name = "LatestRevisionNote"; Value = "IPC-7351 Footprint Added."; VariantName = "[No Variations]"
Add component (AddParameter): Name = "PackageDescription"; Value = "Chip Capacitor"; VariantName = "[No Variations]"
Add component (AddParameter): Name = "PackageReference"; Value = "C1206"; VariantName = "[No Variations]"
Add component (AddParameter): Name = "Published"; Value = "8-Jun-2000"; VariantName = "[No Variations]"
Add component (AddParameter): Name = "Publisher"; Value = "Altium Limited"; VariantName = "[No Variations]"
Add component (AddParameter): Name = "Supplier"; Value = "Digi-Key"; VariantName = "[No Variations]"
Add component (AddParameter): Name = "Supplier Part Number"; Value = "490-16416-1-ND"; VariantName = "[No Variations]"
Add component (AddParameter): Name = "Value"; Value = "14pF 1%"; VariantName = "[No Variations]"
Added Pin To Net: NetName=GND Pin=C44-1
Added Pin To Net: NetName=GND Pin=C45-1
Added Pin To Net: NetName=NetC8_2 Pin=Y1-1
Added Pin To Net: NetName=GND Pin=Y1-2
Added Pin To Net: NetName=NetC7_2 Pin=Y1-3
Added Pin To Net: NetName=GND Pin=Y1-4
Added Pin To Net: NetName=GND Pin=Y2-2
Added Pin To Net: NetName=GND Pin=Y2-4
Added Pin To Net: NetName=NetC44_2 Pin=C44-2
Added Pin To Net: NetName=NetC44_2 Pin=U20-10
Added Pin To Net: NetName=NetC44_2 Pin=Y2-1
Added Net: Name=NetC44_2
Added Pin To Net: NetName=NetC45_2 Pin=C45-2
Added Pin To Net: NetName=NetC45_2 Pin=U20-11
Added Pin To Net: NetName=NetC45_2 Pin=Y2-3
Added Net: Name=NetC45_2
Added Member To Class: ClassName=optical_micro Member=Component C44 15pF 1%
Added Member To Class: ClassName=optical_micro Member=Component C45 15pF 1%
