Added Parameter Supplier 1=Digi-Key to Part C4
Added Parameter Supplier 1=Digi-Key to Part C5
Added Parameter Supplier 1=Digi-Key to Part C6
Added Parameter Supplier 1=Digi-Key to Part C7
Added Parameter Supplier 1=Digi-Key to Part C8
Added Parameter Supplier 1=Digi-Key to Part C42
Added Parameter Supplier 1=Digi-Key to Part D1
Added Parameter Supplier 1=Digi-Key to Part D2
Added Parameter Supplier 1=Digi-Key to Part D3
Added Parameter Supplier 1=Digi-Key to Part D4
Added Parameter Supplier 1=Digi-Key to Part D5
Added Parameter Supplier 1=Digi-Key to Part D11
Added Parameter Supplier 1=Digi-Key to Part P1
Added Parameter Supplier 1=Digi-Key to Part P9
Added Parameter Supplier 1=Digi-Key to Part R5
Added Parameter Supplier 1=Digi-Key to Part R6
Added Parameter Supplier 1=Digi-Key to Part R7
Added Parameter Supplier 1=Digi-Key to Part R8
Added Parameter Supplier 1=Digi-Key to Part R9
Added Parameter Supplier 1=Digi-Key to Part R10
Added Parameter Supplier 1=Digi-Key to Part R64
Added Parameter Supplier 1=Digi-Key to Part S1
Added Parameter Supplier 1=Digi-Key to Part S2
Added Parameter Supplier 1=Digi-Key to Part U3
Added Parameter Supplier=Digi-Key to Part C42
Added Parameter Supplier=Digi-Key to Part Y1
Added Parameter Supplier Part Number=535-13456-1-ND to Part Y1
Added Parameter Supplier Part Number=ATMEGA32M1-AURCT-ND to Part U2
