Change Component Designator: Old Designator=C100 New Designator=C3
Change Component Designator: Old Designator=C101 New Designator=C4
Change Component Designator: Old Designator=C102 New Designator=C5
Change Component Designator: Old Designator=C103 New Designator=C6
Change Component Designator: Old Designator=C104 New Designator=C7
Change Component Designator: Old Designator=D100 New Designator=D1
Change Component Designator: Old Designator=D101 New Designator=D2
Change Component Designator: Old Designator=D102 New Designator=D11
Change Component Designator: Old Designator=D103 New Designator=D12
Change Component Designator: Old Designator=D104 New Designator=D13
Change Component Designator: Old Designator=P100 New Designator=P9
Change Component Designator: Old Designator=P101 New Designator=P10
Change Component Designator: Old Designator=R100 New Designator=R5
Change Component Designator: Old Designator=R101 New Designator=R6
Change Component Designator: Old Designator=R102 New Designator=R7
Change Component Designator: Old Designator=R103 New Designator=R8
Change Component Designator: Old Designator=R104 New Designator=R9
Change Component Designator: Old Designator=R105 New Designator=R10
Change Component Designator: Old Designator=S100 New Designator=S3
Change Component Designator: Old Designator=S101 New Designator=S4
Change Component Designator: Old Designator=U100 New Designator=U2
Change Component Designator: Old Designator=U101 New Designator=U3
Change Component Designator: Old Designator=Y100 New Designator=Y1
