Change Component Designator: Old Designator=C4 New Designator=C100
Change Component Designator: Old Designator=C5 New Designator=C101
Change Component Designator: Old Designator=C6 New Designator=C102
Change Component Designator: Old Designator=C7 New Designator=C103
Change Component Designator: Old Designator=C8 New Designator=C104
Change Component Designator: Old Designator=D1 New Designator=D100
Change Component Designator: Old Designator=D2 New Designator=D101
Change Component Designator: Old Designator=D3 New Designator=D102
Change Component Designator: Old Designator=D4 New Designator=D103
Change Component Designator: Old Designator=D5 New Designator=D104
Change Component Designator: Old Designator=P9 New Designator=P100
Change Component Designator: Old Designator=P10 New Designator=P101
Change Component Designator: Old Designator=R5 New Designator=R100
Change Component Designator: Old Designator=R6 New Designator=R101
Change Component Designator: Old Designator=R7 New Designator=R102
Change Component Designator: Old Designator=R8 New Designator=R103
Change Component Designator: Old Designator=R9 New Designator=R104
Change Component Designator: Old Designator=R10 New Designator=R105
Change Component Designator: Old Designator=S1 New Designator=S100
Change Component Designator: Old Designator=S2 New Designator=S101
Change Component Designator: Old Designator=U2 New Designator=U100
Change Component Designator: Old Designator=U3 New Designator=U101
Change Component Designator: Old Designator=Y1 New Designator=Y100
