Added Parameter Supplier 1=Digi-Key to Part C13
Added Parameter Supplier 1=Digi-Key to Part C14
Added Parameter Supplier 1=Digi-Key to Part C15
Added Parameter Supplier 1=Digi-Key to Part D15
Added Parameter Supplier 1=Digi-Key to Part D16
Added Parameter Supplier 1=Digi-Key to Part D17
Added Parameter Supplier 1=Digi-Key to Part P10
Added Parameter Supplier 1=Digi-Key to Part P11
Added Parameter Supplier 1=Digi-Key to Part P12
Added Parameter Supplier 1=Digi-Key to Part P13
Added Parameter Supplier 1=Digi-Key to Part P14
Added Parameter Supplier 1=Digi-Key to Part Q1
Added Parameter Supplier 1=Digi-Key to Part Q2
Added Parameter Supplier 1=Digi-Key to Part Q3
Added Parameter Supplier 1=Digi-Key to Part R17
Added Parameter Supplier 1=Digi-Key to Part R18
Added Parameter Supplier 1=Digi-Key to Part R19
Added Parameter Supplier 1=Digi-Key to Part R68
Added Parameter Supplier 1=Digi-Key to Part R69
Added Parameter Supplier 1=Digi-Key to Part R70
Added Parameter Supplier=Digi-Key to Part D15
Added Parameter Supplier=Digi-Key to Part D16
Added Parameter Supplier=Digi-Key to Part D17
Added Parameter Supplier=Digi-Key to Part R68
Added Parameter Supplier=Digi-Key to Part R69
Added Parameter Supplier=Digi-Key to Part R70
Added Parameter Supplier=Digi-Key to Part U5
Added Parameter Supplier=Digi-Key to Part U6
Added Parameter Supplier=Digi-Key to Part U7
Added Parameter Supplier Part Number= H10337CT-ND  to Part P10
Added Parameter Supplier Part Number= H10337CT-ND  to Part P11
Added Parameter Supplier Part Number= H10337CT-ND  to Part P12
Added Parameter Supplier Part Number= H10337CT-ND  to Part P13
Added Parameter Supplier Part Number= H10337CT-ND  to Part P14
Added Parameter Supplier Part Number=MCP6546T-E/OTCT-ND to Part U5
Added Parameter Supplier Part Number=MCP6546T-E/OTCT-ND to Part U6
Added Parameter Supplier Part Number=MCP6546T-E/OTCT-ND to Part U7
