Change Component Designator: Old Designator=C1S New Designator=C39
Change Component Designator: Old Designator=C2S New Designator=C40
Change Component Designator: Old Designator=C3S New Designator=C41
Change Component Designator: Old Designator=C4S New Designator=C42
Change Component Designator: Old Designator=C5S New Designator=C43
Change Component Designator: Old Designator=C6S New Designator=C44
Change Component Designator: Old Designator=C7S New Designator=C45
Change Component Designator: Old Designator=D1S New Designator=D6
Change Component Designator: Old Designator=D2S New Designator=D7
Change Component Designator: Old Designator=D3S New Designator=D8
Change Component Designator: Old Designator=D4S New Designator=D9
Change Component Designator: Old Designator=D5S New Designator=D10
Change Component Designator: Old Designator=D6S New Designator=D11
Change Component Designator: Old Designator=D7S New Designator=D12
Change Component Designator: Old Designator=D8S New Designator=D13
Change Component Designator: Old Designator=P1S New Designator=P19
Change Component Designator: Old Designator=P2S New Designator=P20
Change Component Designator: Old Designator=R1S New Designator=R56
Change Component Designator: Old Designator=R2S New Designator=R57
Change Component Designator: Old Designator=R3S New Designator=R58
Change Component Designator: Old Designator=R4S New Designator=R59
Change Component Designator: Old Designator=R5S New Designator=R60
Change Component Designator: Old Designator=R6S New Designator=R61
Change Component Designator: Old Designator=R7S New Designator=R62
Change Component Designator: Old Designator=S1S New Designator=S3
Change Component Designator: Old Designator=S2S New Designator=S4
Change Component Designator: Old Designator=U1S New Designator=U20
Change Component Designator: Old Designator=U2S New Designator=U21
Change Component Designator: Old Designator=Y1S New Designator=Y2
