Change Component Designator: Old Designator=C39 New Designator=C1S
Change Component Designator: Old Designator=C40 New Designator=C2S
Change Component Designator: Old Designator=C41 New Designator=C3S
Change Component Designator: Old Designator=C42 New Designator=C4S
Change Component Designator: Old Designator=C43 New Designator=C5S
Change Component Designator: Old Designator=C44 New Designator=C6S
Change Component Designator: Old Designator=C45 New Designator=C7S
Change Component Designator: Old Designator=D6 New Designator=D1S
Change Component Designator: Old Designator=D7 New Designator=D2S
Change Component Designator: Old Designator=D8 New Designator=D3S
Change Component Designator: Old Designator=D9 New Designator=D4S
Change Component Designator: Old Designator=D10 New Designator=D5S
Change Component Designator: Old Designator=D11 New Designator=D6S
Change Component Designator: Old Designator=D12 New Designator=D7S
Change Component Designator: Old Designator=D13 New Designator=D8S
Change Component Designator: Old Designator=P19 New Designator=P1S
Change Component Designator: Old Designator=P20 New Designator=P2S
Change Component Designator: Old Designator=R56 New Designator=R1S
Change Component Designator: Old Designator=R57 New Designator=R2S
Change Component Designator: Old Designator=R58 New Designator=R3S
Change Component Designator: Old Designator=R59 New Designator=R4S
Change Component Designator: Old Designator=R60 New Designator=R5S
Change Component Designator: Old Designator=R61 New Designator=R6S
Change Component Designator: Old Designator=R62 New Designator=R7S
Change Component Designator: Old Designator=S3 New Designator=S1S
Change Component Designator: Old Designator=S4 New Designator=S2S
Change Component Designator: Old Designator=U20 New Designator=U1S
Change Component Designator: Old Designator=U21 New Designator=U2S
Change Component Designator: Old Designator=Y2 New Designator=Y1S
