Change Component Parameter Comment in C43 Old= New=0.1uF
Added Parameter Supplier 1=Digi-Key to Part C39
Added Parameter Supplier 1=Digi-Key to Part C40
Added Parameter Supplier 1=Digi-Key to Part C41
Added Parameter Supplier 1=Digi-Key to Part C43
Added Parameter Supplier 1=Digi-Key to Part C44
Added Parameter Supplier 1=Digi-Key to Part C45
Added Parameter Supplier 1=Digi-Key to Part D6
Added Parameter Supplier 1=Digi-Key to Part D7
Added Parameter Supplier 1=Digi-Key to Part D8
Added Parameter Supplier 1=Digi-Key to Part D9
Added Parameter Supplier 1=Digi-Key to Part D10
Added Parameter Supplier 1=Digi-Key to Part D12
Added Parameter Supplier 1=Digi-Key to Part P19
Added Parameter Supplier 1=Digi-Key to Part R56
Added Parameter Supplier 1=Digi-Key to Part R57
Added Parameter Supplier 1=Digi-Key to Part R58
Added Parameter Supplier 1=Digi-Key to Part R59
Added Parameter Supplier 1=Digi-Key to Part R60
Added Parameter Supplier 1=Digi-Key to Part R61
Added Parameter Supplier 1=Digi-Key to Part R62
Added Parameter Supplier 1=Digi-Key to Part R63
Added Parameter Supplier 1=Digi-Key to Part R65
Added Parameter Supplier 1=Digi-Key to Part S3
Added Parameter Supplier 1=Digi-Key to Part U21
Added Parameter Supplier=Digi-Key to Part C43
Added Parameter Supplier=Digi-Key to Part S3
Added Parameter Supplier=Digi-Key to Part Y2
Added Parameter Supplier Part Number=311-1341-1-ND  to Part C39
Added Parameter Supplier Part Number=311-1341-1-ND  to Part C40
Added Parameter Supplier Part Number=311-1341-1-ND  to Part C41
Added Parameter Supplier Part Number=311-1341-1-ND  to Part C43
Added Parameter Supplier Part Number=SAM1034-03-ND  to Part P19
