Change Component Parameter Footprint in C16 Old=C1206 New=1608[0603]
Added Parameter Supplier=Digi-Key to Part C16
Added Parameter Supplier=Digi-Key to Part C17
Added Parameter Supplier=Digi-Key to Part C18
Added Parameter Supplier=Digi-Key to Part P16
Added Parameter Supplier=Digi-Key to Part R20
Added Parameter Supplier=Digi-Key to Part R21
Added Parameter Supplier=Digi-Key to Part R22
Added Parameter Supplier=Digi-Key to Part R23
Added Parameter Supplier=Digi-Key to Part R24
Added Parameter Supplier=Digi-Key to Part R25
Added Parameter Supplier=Digi-Key to Part R26
Added Parameter Supplier=Digi-Key to Part R27
Added Parameter Supplier=Digi-Key to Part R28
Added Parameter Supplier=Digi-Key to Part R29
Added Parameter Supplier=Digi-Key to Part R30
Added Parameter Supplier=Digi-Key to Part R31
Added Parameter Supplier=Digi-Key to Part U3
Added Parameter Supplier Part Number=587-2708-1-ND to Part C17
Added Parameter Supplier Part Number=587-3258-1-ND to Part C16
Added Parameter Supplier Part Number=1276-1085-1-ND to Part C18
