Added Parameter Supplier 1=Digi-Key to Part C16
Added Parameter Supplier 1=Digi-Key to Part C17
Added Parameter Supplier 1=Digi-Key to Part C18
Added Parameter Supplier 1=Digi-Key to Part D18
Added Parameter Supplier 1=Digi-Key to Part P15
Added Parameter Supplier 1=Digi-Key to Part R20
Added Parameter Supplier 1=Digi-Key to Part R21
Added Parameter Supplier 1=Digi-Key to Part R22
Added Parameter Supplier 1=Digi-Key to Part R23
Added Parameter Supplier 1=Digi-Key to Part R24
Added Parameter Supplier 1=Digi-Key to Part R25
Added Parameter Supplier 1=Digi-Key to Part R26
Added Parameter Supplier 1=Digi-Key to Part R27
Added Parameter Supplier 1=Digi-Key to Part R28
Added Parameter Supplier 1=Digi-Key to Part R29
Added Parameter Supplier 1=Digi-Key to Part R30
Added Parameter Supplier 1=Digi-Key to Part R31
Added Parameter Supplier 1=Digi-Key to Part R71
Added Parameter Supplier=Digi-Key to Part D18
Added Parameter Supplier=Digi-Key to Part R71
Added Parameter Supplier Part Number=296-41246-1-ND to Part U8
Added Parameter Supplier Part Number= H10317-ND  to Part P15
