Removed Pin From Net: NetName=CLKIN Pin=P?-3
Removed Pin From Net: NetName=SYNCO1 Pin=P?-4
Removed Pin From Net: NetName=ADC_S\Y\N\C\ Pin=P?-5
Removed Pin From Net: NetName=SYNCO2 Pin=P?-6
Removed Pin From Net: NetName=SYNCO3 Pin=P?-8
Removed Pin From Net: NetName=SYNCO4 Pin=P?-10
Removed Pin From Net: NetName=MUX_5_EN Pin=P?-11
Removed Pin From Net: NetName=SD1_C\S\ Pin=P?-12
Removed Pin From Net: NetName=SCK_IN Pin=P?-13
Removed Pin From Net: NetName=SD2_C\S\ Pin=P?-14
Removed Pin From Net: NetName=MOSI_IN Pin=P?-15
Removed Pin From Net: NetName=SD3_C\S\ Pin=P?-16
Removed Pin From Net: NetName=MISO_IN Pin=P?-17
Removed Pin From Net: NetName=SD4_C\S\ Pin=P?-18
Added Pin To Net: NetName=SD4_C\S\ Pin=P?-3
Added Pin To Net: NetName=MISO_IN Pin=P?-4
Added Pin To Net: NetName=SD3_C\S\ Pin=P?-5
Added Pin To Net: NetName=MOSI_IN Pin=P?-6
Added Pin To Net: NetName=SD2_C\S\ Pin=P?-7
Added Pin To Net: NetName=SCK_IN Pin=P?-8
Added Pin To Net: NetName=SD1_C\S\ Pin=P?-9
Added Pin To Net: NetName=MUX_5_EN Pin=P?-10
Added Pin To Net: NetName=SYNCO4 Pin=P?-11
Added Pin To Net: NetName=SYNCO3 Pin=P?-13
Added Pin To Net: NetName=SYNCO2 Pin=P?-15
Added Pin To Net: NetName=ADC_S\Y\N\C\ Pin=P?-16
Added Pin To Net: NetName=SYNCO1 Pin=P?-17
Added Pin To Net: NetName=CLKIN Pin=P?-18
Added Member To Class: ClassName=U_sensors-digital Member=Component C? 10uF
Added Member To Class: ClassName=U_sensors-digital Member=Component P? OUTGOING
Added Member To Class: ClassName=U_sensors-digital Member=Component P? OUTGOING
Added Member To Class: ClassName=U_sensors-digital Member=Component R? 10k
Added Member To Class: ClassName=U_sensors-digital Member=Component R? 100 Quad
Added Member To Class: ClassName=U_sensors-digital Member=Component R? 100 Quad
Added Member To Class: ClassName=U_sensors-digital Member=Component R? 100 Quad
