Change Component Designator: OldDesignator=P? NewDesignator=P17
Change Net Name : Old Net Name=NetP1_5 New Net Name=SCK_32M1
Change Net Name : Old Net Name=NetP3_6 New Net Name=CH2
Change Net Name : Old Net Name=NetP3_8 New Net Name=CH3
Change Net Name : Old Net Name=NetP3_10 New Net Name=CH4
Change Net Name : Old Net Name=NetP4_4 New Net Name=CH7
Change Net Name : Old Net Name=NetP4_6 New Net Name=CH6
Change Net Name : Old Net Name=NetP4_8 New Net Name=CH8
Change Net Name : Old Net Name=NetP4_10 New Net Name=CH9
Change Net Name : Old Net Name=NetP5_2 New Net Name=POS_PHT_1
Change Net Name : Old Net Name=NetP7_2 New Net Name=POS_PHT_2
Change Net Name : Old Net Name=NetR52_1 New Net Name=PD6/INT0
Change Net Name : Old Net Name=NetR52_2 New Net Name=PB2/INT1
Change Net Name : Old Net Name=NetR52_3 New Net Name=PB5/INT2
Change Net Name : Old Net Name=NetR52_4 New Net Name=PC0/INT3
Change Net Name : Old Net Name=NetR53_1 New Net Name=PC3
Change Net Name : Old Net Name=NetR53_2 New Net Name=PC4
Change Net Name : Old Net Name=NetR53_3 New Net Name=PC5
Change Net Name : Old Net Name=NetR53_4 New Net Name=PC6
Change Net Name : Old Net Name=NetU1_6 New Net Name=PC2
Change Net Name : Old Net Name=NetU1_8 New Net Name=PB4
Change Net Name : Old Net Name=NetU1_11 New Net Name=PB6
Change Net Name : Old Net Name=NetU1_13 New Net Name=PC7
Change Net Name : Old Net Name=NetU2_15 New Net Name=PD7
Change Net Name : Old Net Name=NetU5_4 New Net Name=VOUT_A
Change Net Name : Old Net Name=NetU7_4 New Net Name=VOUT_B
Change Net Name : Old Net Name=NetU9_19 New Net Name=INTB
Change Net Name : Old Net Name=NetU10_1 New Net Name=CH11
Change Net Name : Old Net Name=NetU10_23 New Net Name=PB3/PCINT3
Change Net Name : Old Net Name=NetU11_1 New Net Name=CH10
