Added Component: Designator=U20(QFP80P900X900X120-32N)
Add component. Clean all parameters for all variants
Add component (AddParameter): Name = "Supplier"; Value = "Digi-Key"; VariantName = "[No Variations]"
Add component (AddParameter): Name = "Supplier 1"; Value = "Digi-Key"; VariantName = "[No Variations]"
Add component (AddParameter): Name = "Supplier Part Number 1"; Value = "ATMEGA32M1-AURCT-ND"; VariantName = "[No Variations]"
Added Component: Designator=U21(SOP65P640X120-14N)
Add component. Clean all parameters for all variants
Add component (AddParameter): Name = "Supplier"; Value = "Digi-Key"; VariantName = "[No Variations]"
Add component (AddParameter): Name = "Supplier Part Number"; Value = "296-27916-1-ND"; VariantName = "[No Variations]"
Added Pin To Net: NetName=MISO_A Pin=U20-1
Added Pin To Net: NetName=LED_CLK Pin=U20-2
Added Pin To Net: NetName=SENS_CLK Pin=U20-3
Added Pin To Net: NetName=GND Pin=U20-5
Added Pin To Net: NetName=PC2 Pin=U20-6
Added Pin To Net: NetName=PC3 Pin=U20-7
Added Pin To Net: NetName=MISO_32M1 Pin=U20-8
Added Pin To Net: NetName=MOSI_32M1 Pin=U20-9
Added Pin To Net: NetName=NetC44_2 Pin=U20-10
Added Pin To Net: NetName=NetC45_2 Pin=U20-11
Added Pin To Net: NetName=LED_PEX_R\S\T\ Pin=U20-13
Added Pin To Net: NetName=PD6/INT0 Pin=U20-14
Added Pin To Net: NetName=STATUS_32M1 Pin=U20-15
Added Pin To Net: NetName=PB2/INT1 Pin=U20-16
Added Pin To Net: NetName=PC4 Pin=U20-17
Added Pin To Net: NetName=PC5 Pin=U20-18
Added Pin To Net: NetName=GND Pin=U20-20
Added Pin To Net: NetName=NetC39_1 Pin=U20-21
Added Pin To Net: NetName=PC6 Pin=U20-22
Added Pin To Net: NetName=PB3/PCINT3 Pin=U20-23
Added Pin To Net: NetName=PB4 Pin=U20-24
Added Pin To Net: NetName=PC7 Pin=U20-25
Added Pin To Net: NetName=PB5/INT2 Pin=U20-26
Added Pin To Net: NetName=PB6 Pin=U20-27
Added Pin To Net: NetName=SCK_32M1 Pin=U20-28
Added Pin To Net: NetName=DATA_RDY Pin=U20-29
Added Pin To Net: NetName=PC0/INT3 Pin=U20-30
Added Pin To Net: NetName=LED_PEX_C\S\ Pin=U20-32
Added Pin To Net: NetName=LED_CLK Pin=U21-1
Added Pin To Net: NetName=NetD6_2 Pin=U21-2
Added Pin To Net: NetName=NetD7_2 Pin=U21-4
Added Pin To Net: NetName=NetD8_2 Pin=U21-6
Added Pin To Net: NetName=GND Pin=U21-7
Added Pin To Net: NetName=NetD9_2 Pin=U21-8
Added Pin To Net: NetName=MISO_32M1 Pin=U21-9
Added Pin To Net: NetName=NetD10_2 Pin=U21-10
Added Pin To Net: NetName=MOSI_32M1 Pin=U21-11
Added Pin To Net: NetName=NetD12_2 Pin=U21-12
Added Pin To Net: NetName=STATUS_32M1 Pin=U21-13
Added Pin To Net: NetName=3V3 Pin=U21-14
Added Member To Class: ClassName=optical_micro Member=Component U20 ATMega32M1
Added Member To Class: ClassName=optical_micro Member=Component U21 SN74LV07A
