Removed Pin From Net: NetName=GND Pin=C40-1
Removed Pin From Net: NetName=3V3 Pin=C40-2
Removed Pin From Net: NetName=GND Pin=C41-1
Removed Pin From Net: NetName=3V3 Pin=C41-2
Removed Pin From Net: NetName=GND Pin=D6-2
Removed Pin From Net: NetName=GND Pin=D7-2
Removed Pin From Net: NetName=GND Pin=D8-2
Removed Pin From Net: NetName=GND Pin=D9-2
Removed Pin From Net: NetName=GND Pin=D10-2
Removed Pin From Net: NetName=GND Pin=D11-2
Removed Pin From Net: NetName=GND Pin=D12-2
Removed Pin From Net: NetName=GND Pin=D13-2
Removed Pin From Net: NetName=3V3 Pin=R21-1
Removed Pin From Net: NetName=GND Pin=R23-2
Removed Pin From Net: NetName=NetD6_1 Pin=R25-1
Removed Pin From Net: NetName=NetD7_1 Pin=R25-2
Removed Pin From Net: NetName=NetD8_1 Pin=R25-3
Removed Pin From Net: NetName=NetD9_1 Pin=R25-4
Removed Pin From Net: NetName=NetD10_1 Pin=R26-1
Removed Pin From Net: NetName=TXLIN Pin=U21-2
Removed Pin From Net: NetName=GND Pin=U21-6
Removed Pin From Net: NetName=GND Pin=U21-10
Removed Pin From Net: NetName=MISO_32M1 Pin=U21-11
Removed Pin From Net: NetName=MOSI_32M1 Pin=U21-13
Removed Pin From Net: NetName=GND Pin=U21-15
Removed Pin From Net: NetName=GND Pin=U21-17
Removed Pin From Net: NetName=3V3 Pin=U21-20
Removed Member From Class: ClassName=optical_micro Member=C40
Removed Member From Class: ClassName=optical_micro Member=C41
Removed Member From Class: ClassName=optical_micro Member=D11
Removed Member From Class: ClassName=optical_micro Member=D12
Removed Member From Class: ClassName=optical_micro Member=D13
Removed Member From Class: ClassName=optical_micro Member=R21
Removed Member From Class: ClassName=optical_micro Member=R23
Removed Member From Class: ClassName=optical_micro Member=R25
Removed Member From Class: ClassName=optical_micro Member=R26
Removed Member From Class: ClassName=optical_micro Member=S4
Change Component Footprint: Designator=U21 Old Footprint=SOP65P650X440-20N New Footprint=SOP65P640X120-14N
Change Component Comment : Designator=U21 Old Comment=SN74LVC244A New Comment=SN74LV07A
Change component parameters: Designator = "U21"; Footprint = "SOP65P640X120-14N"; UniqueID = "\AWOJRSIT\ENOGFQTK\LIABKHHW"
Change component parameters. Clean all parameters for all variants
Change component parameters (AddParameter): Name = "Supplier"; Value = "Digi-Key"; VariantName = "[No Variations]"
Change component parameters (AddParameter): Name = "Supplier Part Number"; Value = "296-27916-1-ND"; VariantName = "[No Variations]"
Added Component: Designator=R57(J1-0603)
Add component. Clean all parameters for all variants
Add component (AddParameter): Name = "LatestRevisionDate"; Value = "29-May-2009"; VariantName = "[No Variations]"
Add component (AddParameter): Name = "LatestRevisionNote"; Value = "IPC-7351 Footprint Added."; VariantName = "[No Variations]"
Add component (AddParameter): Name = "PackageDescription"; Value = "Chip Resistor"; VariantName = "[No Variations]"
Add component (AddParameter): Name = "PackageReference"; Value = "J1-0603"; VariantName = "[No Variations]"
Add component (AddParameter): Name = "Published"; Value = "8-Jun-2000"; VariantName = "[No Variations]"
Add component (AddParameter): Name = "Publisher"; Value = "Altium Limited"; VariantName = "[No Variations]"
Add component (AddParameter): Name = "Supplier"; Value = "Digi-Key"; VariantName = "[No Variations]"
Add component (AddParameter): Name = "Value"; Value = "330"; VariantName = "[No Variations]"
Added Component: Designator=R59(J1-0603)
Add component. Clean all parameters for all variants
Add component (AddParameter): Name = "LatestRevisionDate"; Value = "29-May-2009"; VariantName = "[No Variations]"
Add component (AddParameter): Name = "LatestRevisionNote"; Value = "IPC-7351 Footprint Added."; VariantName = "[No Variations]"
Add component (AddParameter): Name = "PackageDescription"; Value = "Chip Resistor"; VariantName = "[No Variations]"
Add component (AddParameter): Name = "PackageReference"; Value = "J1-0603"; VariantName = "[No Variations]"
Add component (AddParameter): Name = "Published"; Value = "8-Jun-2000"; VariantName = "[No Variations]"
Add component (AddParameter): Name = "Publisher"; Value = "Altium Limited"; VariantName = "[No Variations]"
Add component (AddParameter): Name = "Supplier"; Value = "Digi-Key"; VariantName = "[No Variations]"
Add component (AddParameter): Name = "Value"; Value = "330"; VariantName = "[No Variations]"
Added Component: Designator=R61(J1-0603)
Add component. Clean all parameters for all variants
Add component (AddParameter): Name = "LatestRevisionDate"; Value = "29-May-2009"; VariantName = "[No Variations]"
Add component (AddParameter): Name = "LatestRevisionNote"; Value = "IPC-7351 Footprint Added."; VariantName = "[No Variations]"
Add component (AddParameter): Name = "PackageDescription"; Value = "Chip Resistor"; VariantName = "[No Variations]"
Add component (AddParameter): Name = "PackageReference"; Value = "J1-0603"; VariantName = "[No Variations]"
Add component (AddParameter): Name = "Published"; Value = "8-Jun-2000"; VariantName = "[No Variations]"
Add component (AddParameter): Name = "Publisher"; Value = "Altium Limited"; VariantName = "[No Variations]"
Add component (AddParameter): Name = "Supplier"; Value = "Digi-Key"; VariantName = "[No Variations]"
Add component (AddParameter): Name = "Value"; Value = "330"; VariantName = "[No Variations]"
Added Component: Designator=R62(J1-0603)
Add component. Clean all parameters for all variants
Add component (AddParameter): Name = "LatestRevisionDate"; Value = "29-May-2009"; VariantName = "[No Variations]"
Add component (AddParameter): Name = "LatestRevisionNote"; Value = "IPC-7351 Footprint Added."; VariantName = "[No Variations]"
Add component (AddParameter): Name = "PackageDescription"; Value = "Chip Resistor"; VariantName = "[No Variations]"
Add component (AddParameter): Name = "PackageReference"; Value = "J1-0603"; VariantName = "[No Variations]"
Add component (AddParameter): Name = "Published"; Value = "8-Jun-2000"; VariantName = "[No Variations]"
Add component (AddParameter): Name = "Publisher"; Value = "Altium Limited"; VariantName = "[No Variations]"
Add component (AddParameter): Name = "Supplier"; Value = "Digi-Key"; VariantName = "[No Variations]"
Add component (AddParameter): Name = "Value"; Value = "330"; VariantName = "[No Variations]"
Added Component: Designator=R63(J1-0603)
Add component. Clean all parameters for all variants
Add component (AddParameter): Name = "LatestRevisionDate"; Value = "29-May-2009"; VariantName = "[No Variations]"
Add component (AddParameter): Name = "LatestRevisionNote"; Value = "IPC-7351 Footprint Added."; VariantName = "[No Variations]"
Add component (AddParameter): Name = "PackageDescription"; Value = "Chip Resistor"; VariantName = "[No Variations]"
Add component (AddParameter): Name = "PackageReference"; Value = "J1-0603"; VariantName = "[No Variations]"
Add component (AddParameter): Name = "Published"; Value = "8-Jun-2000"; VariantName = "[No Variations]"
Add component (AddParameter): Name = "Publisher"; Value = "Altium Limited"; VariantName = "[No Variations]"
Add component (AddParameter): Name = "Supplier"; Value = "Digi-Key"; VariantName = "[No Variations]"
Add component (AddParameter): Name = "Value"; Value = "330"; VariantName = "[No Variations]"
Added Pin To Net: NetName=3V3 Pin=R57-1
Added Pin To Net: NetName=NetD6_1 Pin=R57-2
Added Pin To Net: NetName=3V3 Pin=R59-1
Added Pin To Net: NetName=NetD7_1 Pin=R59-2
Added Pin To Net: NetName=3V3 Pin=R61-1
Added Pin To Net: NetName=NetD8_1 Pin=R61-2
Added Pin To Net: NetName=3V3 Pin=R62-1
Added Pin To Net: NetName=NetD9_1 Pin=R62-2
Added Pin To Net: NetName=3V3 Pin=R63-1
Added Pin To Net: NetName=NetD10_1 Pin=R63-2
Added Pin To Net: NetName=TXLIN Pin=U21-1
Added Pin To Net: NetName=GND Pin=U21-7
Added Pin To Net: NetName=MISO_32M1 Pin=U21-9
Added Pin To Net: NetName=MOSI_32M1 Pin=U21-11
Added Pin To Net: NetName=GND Pin=U21-13
Added Pin To Net: NetName=3V3 Pin=U21-14
Added Pin To Net: NetName=NetD6_2 Pin=D6-2
Added Pin To Net: NetName=NetD6_2 Pin=U21-2
Added Net: Name=NetD6_2
Added Pin To Net: NetName=NetD7_2 Pin=D7-2
Added Pin To Net: NetName=NetD7_2 Pin=U21-4
Added Net: Name=NetD7_2
Added Pin To Net: NetName=NetD8_2 Pin=D8-2
Added Pin To Net: NetName=NetD8_2 Pin=U21-6
Added Net: Name=NetD8_2
Added Pin To Net: NetName=NetD9_2 Pin=D9-2
Added Pin To Net: NetName=NetD9_2 Pin=U21-8
Added Net: Name=NetD9_2
Added Pin To Net: NetName=NetD10_2 Pin=D10-2
Added Pin To Net: NetName=NetD10_2 Pin=U21-10
Added Net: Name=NetD10_2
Added Member To Class: ClassName=optical_micro Member=Component R57 330
Added Member To Class: ClassName=optical_micro Member=Component R59 330
Added Member To Class: ClassName=optical_micro Member=Component R61 330
Added Member To Class: ClassName=optical_micro Member=Component R62 330
Added Member To Class: ClassName=optical_micro Member=Component R63 330
