Removed Pin From Net: NetName=TXLIN Pin=P20-2
Removed Pin From Net: NetName=TXLIN Pin=P20-4
Removed Pin From Net: NetName=SENS_CLK Pin=P22-8
Removed Pin From Net: NetName=LED_CLK Pin=P22-9
Removed Member From Class: ClassName=optical_micro Member=P20
Added Component: Designator=R11(J1-0603)
Add component. Clean all parameters for all variants
Add component (AddParameter): Name = "LatestRevisionDate"; Value = "29-May-2009"; VariantName = "[No Variations]"
Add component (AddParameter): Name = "LatestRevisionNote"; Value = "IPC-7351 Footprint Added."; VariantName = "[No Variations]"
Add component (AddParameter): Name = "PackageDescription"; Value = "Chip Resistor"; VariantName = "[No Variations]"
Add component (AddParameter): Name = "PackageReference"; Value = "J1-0603"; VariantName = "[No Variations]"
Add component (AddParameter): Name = "Published"; Value = "8-Jun-2000"; VariantName = "[No Variations]"
Add component (AddParameter): Name = "Publisher"; Value = "Altium Limited"; VariantName = "[No Variations]"
Add component (AddParameter): Name = "Supplier"; Value = "Digi-Key"; VariantName = "[No Variations]"
Add component (AddParameter): Name = "Value"; Value = "100"; VariantName = "[No Variations]"
Added Pin To Net: NetName=LED_CLK Pin=P22-7
Added Pin To Net: NetName=SENS_CLK Pin=P22-9
Added Pin To Net: NetName=LED_CLK Pin=P22-10
Added Pin To Net: NetName=NetR11_1 Pin=R11-1
Added Pin To Net: NetName=RXCAN Pin=R11-2
Added Member To Class: ClassName=pay-ssm Member=Component P2 INCOMING FROM OBC
Added Member To Class: ClassName=U_can_transciever Member=Component R11 100
