Removed Pin From Net: NetName=MISO_IN Pin=P?-4
Removed Pin From Net: NetName=MOSI_IN Pin=P?-6
Removed Pin From Net: NetName=SCK_IN Pin=P?-8
Removed Pin From Net: NetName=CLKIN Pin=P?-18
Change Component Footprint: Designator=C62 Old Footprint=1608[0603] New Footprint=0402
Change Component Footprint: Designator=C63 Old Footprint=1608[0603] New Footprint=0402
Change Component Footprint: Designator=C64 Old Footprint=1608[0603] New Footprint=0402
Change Component Footprint: Designator=P? Old Footprint=CON20_2X10_DUA00 New Footprint=CON20_2X10_Female
Change Component Footprint: Designator=R46 Old Footprint=J1-0603 New Footprint=0402
Change Component Footprint: Designator=R47 Old Footprint=J1-0603 New Footprint=0402
Added Pin To Net: NetName=CLKIN Pin=P?-3
Added Pin To Net: NetName=SCK_IN Pin=P?-13
Added Pin To Net: NetName=MOSI_IN Pin=P?-15
Added Pin To Net: NetName=MISO_IN Pin=P?-17
Added Pin To Net: NetName=ADC_S\Y\N\C\ Pin=P?-5
Added Pin To Net: NetName=ADC_S\Y\N\C\ Pin=U?-7
Added Net: Name=ADC_S\Y\N\C\
Added Pin To Net: NetName=MUX_5_EN Pin=P?-11
Added Pin To Net: NetName=MUX_5_EN Pin=U?-14
Added Net: Name=MUX_5_EN
Added Pin To Net: NetName=SD1_C\S\ Pin=P?-12
Added Pin To Net: NetName=SD1_C\S\ Pin=R?-8
Added Net: Name=SD1_C\S\
Added Pin To Net: NetName=SD2_C\S\ Pin=P?-14
Added Pin To Net: NetName=SD2_C\S\ Pin=R?-7
Added Net: Name=SD2_C\S\
Added Pin To Net: NetName=SD3_C\S\ Pin=P?-16
Added Pin To Net: NetName=SD3_C\S\ Pin=R?-6
Added Net: Name=SD3_C\S\
Added Pin To Net: NetName=SD4_C\S\ Pin=P?-18
Added Pin To Net: NetName=SD4_C\S\ Pin=R?-5
Added Net: Name=SD4_C\S\
Added Pin To Net: NetName=SYNCO1 Pin=P?-4
Added Pin To Net: NetName=SYNCO1 Pin=R?-8
Added Net: Name=SYNCO1
Added Pin To Net: NetName=SYNCO2 Pin=P?-6
Added Pin To Net: NetName=SYNCO2 Pin=R?-7
Added Net: Name=SYNCO2
Added Pin To Net: NetName=SYNCO3 Pin=P?-8
Added Pin To Net: NetName=SYNCO3 Pin=R?-6
Added Net: Name=SYNCO3
Added Pin To Net: NetName=SYNCO4 Pin=P?-10
Added Pin To Net: NetName=SYNCO4 Pin=R?-5
Added Net: Name=SYNCO4
Added Member To Class: ClassName=U_sensors-digital Member=Component C? 10uF
Added Member To Class: ClassName=U_sensors-digital Member=Component P? OUTGOING
Added Member To Class: ClassName=U_sensors-digital Member=Component P? OUTGOING
Added Member To Class: ClassName=U_sensors-digital Member=Component R? 100 Quad
Added Member To Class: ClassName=U_sensors-digital Member=Component R? 100 Quad
Added Member To Class: ClassName=U_sensors-digital Member=Component R? 100 Quad
Added Member To Class: ClassName=U_sensors-digital Member=Component R? 10k
Added Room: Name=U_dac-layout
Added Room: Name=U_sensors
